[  1%] Built target kistar_hand_ros2__cpp
[ 15%] Built target soem
[ 20%] Built target kistar_hand_ros2__rosidl_generator_c
[ 20%] Built target ament_cmake_python_copy_kistar_hand_ros2
[ 26%] Built target kistar_hand_ros2__rosidl_typesupport_cpp
[ 32%] Built target kistar_hand_ros2__rosidl_typesupport_fastrtps_cpp
[ 38%] Built target kistar_hand_ros2__rosidl_typesupport_c
[ 44%] Built target kistar_hand_ros2__rosidl_typesupport_introspection_cpp
[ 50%] Built target kistar_hand_ros2__rosidl_typesupport_introspection_c
[ 56%] Built target kistar_hand_ros2__rosidl_typesupport_fastrtps_c
[ 84%] Built target franka
[ 84%] Built target kistar_hand_ros2
[ 86%] Built target R_Franka_KISTAR_Hand
[ 88%] Built target shm_ros2_bridge
[ 89%] Built target kistar_hand_ros2__py
[ 94%] Built target kistar_hand_ros2__rosidl_generator_py
[ 96%] Built target kistar_hand_ros2__rosidl_typesupport_c__pyext
[ 98%] Built target kistar_hand_ros2__rosidl_typesupport_introspection_c__pyext
[100%] Built target kistar_hand_ros2__rosidl_typesupport_fastrtps_c__pyext
running egg_info
writing kistar_hand_ros2.egg-info/PKG-INFO
writing dependency_links to kistar_hand_ros2.egg-info/dependency_links.txt
writing top-level names to kistar_hand_ros2.egg-info/top_level.txt
reading manifest file 'kistar_hand_ros2.egg-info/SOURCES.txt'
writing manifest file 'kistar_hand_ros2.egg-info/SOURCES.txt'
[100%] Built target ament_cmake_python_build_kistar_hand_ros2_egg
-- Install configuration: ""
-- Up-to-date: /home/prime/KISTAR_Hand_RTOS-master/Franka_Dual_Arm_PtoP/R_Franka_KISTAR_Hand/install/kistar_hand_ros2/include/soem/ethercat.h
-- Up-to-date: /home/prime/KISTAR_Hand_RTOS-master/Franka_Dual_Arm_PtoP/R_Franka_KISTAR_Hand/install/kistar_hand_ros2/include/soem/ethercatbase.h
-- Up-to-date: /home/prime/KISTAR_Hand_RTOS-master/Franka_Dual_Arm_PtoP/R_Franka_KISTAR_Hand/install/kistar_hand_ros2/include/soem/ethercatcoe.h
-- Up-to-date: /home/prime/KISTAR_Hand_RTOS-master/Franka_Dual_Arm_PtoP/R_Franka_KISTAR_Hand/install/kistar_hand_ros2/include/soem/ethercatconfig.h
-- Up-to-date: /home/prime/KISTAR_Hand_RTOS-master/Franka_Dual_Arm_PtoP/R_Franka_KISTAR_Hand/install/kistar_hand_ros2/include/soem/ethercatconfiglist.h
-- Up-to-date: /home/prime/KISTAR_Hand_RTOS-master/Franka_Dual_Arm_PtoP/R_Franka_KISTAR_Hand/install/kistar_hand_ros2/include/soem/ethercatdc.h
-- Up-to-date: /home/prime/KISTAR_Hand_RTOS-master/Franka_Dual_Arm_PtoP/R_Franka_KISTAR_Hand/install/kistar_hand_ros2/include/soem/ethercateoe.h
-- Up-to-date: /home/prime/KISTAR_Hand_RTOS-master/Franka_Dual_Arm_PtoP/R_Franka_KISTAR_Hand/install/kistar_hand_ros2/include/soem/ethercatfoe.h
-- Up-to-date: /home/prime/KISTAR_Hand_RTOS-master/Franka_Dual_Arm_PtoP/R_Franka_KISTAR_Hand/install/kistar_hand_ros2/include/soem/ethercatmain.h
-- Up-to-date: /home/prime/KISTAR_Hand_RTOS-master/Franka_Dual_Arm_PtoP/R_Franka_KISTAR_Hand/install/kistar_hand_ros2/include/soem/ethercatprint.h
-- Up-to-date: /home/prime/KISTAR_Hand_RTOS-master/Franka_Dual_Arm_PtoP/R_Franka_KISTAR_Hand/install/kistar_hand_ros2/include/soem/ethercatsoe.h
-- Up-to-date: /home/prime/KISTAR_Hand_RTOS-master/Franka_Dual_Arm_PtoP/R_Franka_KISTAR_Hand/install/kistar_hand_ros2/include/soem/ethercattype.h
-- Up-to-date: /home/prime/KISTAR_Hand_RTOS-master/Franka_Dual_Arm_PtoP/R_Franka_KISTAR_Hand/install/kistar_hand_ros2/include/soem/osal_defs.h
-- Up-to-date: /home/prime/KISTAR_Hand_RTOS-master/Franka_Dual_Arm_PtoP/R_Franka_KISTAR_Hand/install/kistar_hand_ros2/include/soem/osal.h
-- Up-to-date: /home/prime/KISTAR_Hand_RTOS-master/Franka_Dual_Arm_PtoP/R_Franka_KISTAR_Hand/install/kistar_hand_ros2/include/soem/nicdrv.h
-- Up-to-date: /home/prime/KISTAR_Hand_RTOS-master/Franka_Dual_Arm_PtoP/R_Franka_KISTAR_Hand/install/kistar_hand_ros2/include/soem/oshw.h
-- Up-to-date: /home/prime/KISTAR_Hand_RTOS-master/Franka_Dual_Arm_PtoP/R_Franka_KISTAR_Hand/install/kistar_hand_ros2/share/ament_index/resource_index/rosidl_interfaces/kistar_hand_ros2
-- Up-to-date: /home/prime/KISTAR_Hand_RTOS-master/Franka_Dual_Arm_PtoP/R_Franka_KISTAR_Hand/install/kistar_hand_ros2/include/kistar_hand_ros2/kistar_hand_ros2
-- Up-to-date: /home/prime/KISTAR_Hand_RTOS-master/Franka_Dual_Arm_PtoP/R_Franka_KISTAR_Hand/install/kistar_hand_ros2/include/kistar_hand_ros2/kistar_hand_ros2/msg
-- Up-to-date: /home/prime/KISTAR_Hand_RTOS-master/Franka_Dual_Arm_PtoP/R_Franka_KISTAR_Hand/install/kistar_hand_ros2/include/kistar_hand_ros2/kistar_hand_ros2/msg/hand_state.h
-- Up-to-date: /home/prime/KISTAR_Hand_RTOS-master/Franka_Dual_Arm_PtoP/R_Franka_KISTAR_Hand/install/kistar_hand_ros2/include/kistar_hand_ros2/kistar_hand_ros2/msg/detail
-- Up-to-date: /home/prime/KISTAR_Hand_RTOS-master/Franka_Dual_Arm_PtoP/R_Franka_KISTAR_Hand/install/kistar_hand_ros2/include/kistar_hand_ros2/kistar_hand_ros2/msg/detail/franka_arm_state__functions.c
-- Up-to-date: /home/prime/KISTAR_Hand_RTOS-master/Franka_Dual_Arm_PtoP/R_Franka_KISTAR_Hand/install/kistar_hand_ros2/include/kistar_hand_ros2/kistar_hand_ros2/msg/detail/franka_arm_target__functions.h
-- Up-to-date: /home/prime/KISTAR_Hand_RTOS-master/Franka_Dual_Arm_PtoP/R_Franka_KISTAR_Hand/install/kistar_hand_ros2/include/kistar_hand_ros2/kistar_hand_ros2/msg/detail/franka_arm_state__struct.h
-- Up-to-date: /home/prime/KISTAR_Hand_RTOS-master/Franka_Dual_Arm_PtoP/R_Franka_KISTAR_Hand/install/kistar_hand_ros2/include/kistar_hand_ros2/kistar_hand_ros2/msg/detail/hand_target__functions.c
-- Up-to-date: /home/prime/KISTAR_Hand_RTOS-master/Franka_Dual_Arm_PtoP/R_Franka_KISTAR_Hand/install/kistar_hand_ros2/include/kistar_hand_ros2/kistar_hand_ros2/msg/detail/hand_target__functions.h
-- Up-to-date: /home/prime/KISTAR_Hand_RTOS-master/Franka_Dual_Arm_PtoP/R_Franka_KISTAR_Hand/install/kistar_hand_ros2/include/kistar_hand_ros2/kistar_hand_ros2/msg/detail/hand_state__functions.h
-- Up-to-date: /home/prime/KISTAR_Hand_RTOS-master/Franka_Dual_Arm_PtoP/R_Franka_KISTAR_Hand/install/kistar_hand_ros2/include/kistar_hand_ros2/kistar_hand_ros2/msg/detail/franka_arm_target__type_support.h
-- Up-to-date: /home/prime/KISTAR_Hand_RTOS-master/Franka_Dual_Arm_PtoP/R_Franka_KISTAR_Hand/install/kistar_hand_ros2/include/kistar_hand_ros2/kistar_hand_ros2/msg/detail/hand_state__struct.h
-- Up-to-date: /home/prime/KISTAR_Hand_RTOS-master/Franka_Dual_Arm_PtoP/R_Franka_KISTAR_Hand/install/kistar_hand_ros2/include/kistar_hand_ros2/kistar_hand_ros2/msg/detail/franka_arm_target__struct.h
-- Up-to-date: /home/prime/KISTAR_Hand_RTOS-master/Franka_Dual_Arm_PtoP/R_Franka_KISTAR_Hand/install/kistar_hand_ros2/include/kistar_hand_ros2/kistar_hand_ros2/msg/detail/hand_target__type_support.h
-- Up-to-date: /home/prime/KISTAR_Hand_RTOS-master/Franka_Dual_Arm_PtoP/R_Franka_KISTAR_Hand/install/kistar_hand_ros2/include/kistar_hand_ros2/kistar_hand_ros2/msg/detail/hand_state__type_support.h
-- Up-to-date: /home/prime/KISTAR_Hand_RTOS-master/Franka_Dual_Arm_PtoP/R_Franka_KISTAR_Hand/install/kistar_hand_ros2/include/kistar_hand_ros2/kistar_hand_ros2/msg/detail/hand_target__struct.h
-- Up-to-date: /home/prime/KISTAR_Hand_RTOS-master/Franka_Dual_Arm_PtoP/R_Franka_KISTAR_Hand/install/kistar_hand_ros2/include/kistar_hand_ros2/kistar_hand_ros2/msg/detail/franka_arm_state__functions.h
-- Up-to-date: /home/prime/KISTAR_Hand_RTOS-master/Franka_Dual_Arm_PtoP/R_Franka_KISTAR_Hand/install/kistar_hand_ros2/include/kistar_hand_ros2/kistar_hand_ros2/msg/detail/franka_arm_state__type_support.h
-- Up-to-date: /home/prime/KISTAR_Hand_RTOS-master/Franka_Dual_Arm_PtoP/R_Franka_KISTAR_Hand/install/kistar_hand_ros2/include/kistar_hand_ros2/kistar_hand_ros2/msg/detail/hand_state__functions.c
-- Up-to-date: /home/prime/KISTAR_Hand_RTOS-master/Franka_Dual_Arm_PtoP/R_Franka_KISTAR_Hand/install/kistar_hand_ros2/include/kistar_hand_ros2/kistar_hand_ros2/msg/detail/franka_arm_target__functions.c
-- Up-to-date: /home/prime/KISTAR_Hand_RTOS-master/Franka_Dual_Arm_PtoP/R_Franka_KISTAR_Hand/install/kistar_hand_ros2/include/kistar_hand_ros2/kistar_hand_ros2/msg/hand_target.h
-- Up-to-date: /home/prime/KISTAR_Hand_RTOS-master/Franka_Dual_Arm_PtoP/R_Franka_KISTAR_Hand/install/kistar_hand_ros2/include/kistar_hand_ros2/kistar_hand_ros2/msg/franka_arm_state.h
-- Up-to-date: /home/prime/KISTAR_Hand_RTOS-master/Franka_Dual_Arm_PtoP/R_Franka_KISTAR_Hand/install/kistar_hand_ros2/include/kistar_hand_ros2/kistar_hand_ros2/msg/franka_arm_target.h
-- Up-to-date: /home/prime/KISTAR_Hand_RTOS-master/Franka_Dual_Arm_PtoP/R_Franka_KISTAR_Hand/install/kistar_hand_ros2/include/kistar_hand_ros2/kistar_hand_ros2/msg/rosidl_generator_c__visibility_control.h
-- Up-to-date: /home/prime/KISTAR_Hand_RTOS-master/Franka_Dual_Arm_PtoP/R_Franka_KISTAR_Hand/install/kistar_hand_ros2/share/kistar_hand_ros2/environment/library_path.sh
-- Up-to-date: /home/prime/KISTAR_Hand_RTOS-master/Franka_Dual_Arm_PtoP/R_Franka_KISTAR_Hand/install/kistar_hand_ros2/share/kistar_hand_ros2/environment/library_path.dsv
-- Up-to-date: /home/prime/KISTAR_Hand_RTOS-master/Franka_Dual_Arm_PtoP/R_Franka_KISTAR_Hand/install/kistar_hand_ros2/lib/libkistar_hand_ros2__rosidl_generator_c.so
-- Up-to-date: /home/prime/KISTAR_Hand_RTOS-master/Franka_Dual_Arm_PtoP/R_Franka_KISTAR_Hand/install/kistar_hand_ros2/include/kistar_hand_ros2/kistar_hand_ros2
-- Up-to-date: /home/prime/KISTAR_Hand_RTOS-master/Franka_Dual_Arm_PtoP/R_Franka_KISTAR_Hand/install/kistar_hand_ros2/include/kistar_hand_ros2/kistar_hand_ros2/msg
-- Up-to-date: /home/prime/KISTAR_Hand_RTOS-master/Franka_Dual_Arm_PtoP/R_Franka_KISTAR_Hand/install/kistar_hand_ros2/include/kistar_hand_ros2/kistar_hand_ros2/msg/detail
-- Up-to-date: /home/prime/KISTAR_Hand_RTOS-master/Franka_Dual_Arm_PtoP/R_Franka_KISTAR_Hand/install/kistar_hand_ros2/include/kistar_hand_ros2/kistar_hand_ros2/msg/detail/hand_state__rosidl_typesupport_fastrtps_c.h
-- Up-to-date: /home/prime/KISTAR_Hand_RTOS-master/Franka_Dual_Arm_PtoP/R_Franka_KISTAR_Hand/install/kistar_hand_ros2/include/kistar_hand_ros2/kistar_hand_ros2/msg/detail/franka_arm_target__rosidl_typesupport_fastrtps_c.h
-- Up-to-date: /home/prime/KISTAR_Hand_RTOS-master/Franka_Dual_Arm_PtoP/R_Franka_KISTAR_Hand/install/kistar_hand_ros2/include/kistar_hand_ros2/kistar_hand_ros2/msg/detail/franka_arm_state__rosidl_typesupport_fastrtps_c.h
-- Up-to-date: /home/prime/KISTAR_Hand_RTOS-master/Franka_Dual_Arm_PtoP/R_Franka_KISTAR_Hand/install/kistar_hand_ros2/include/kistar_hand_ros2/kistar_hand_ros2/msg/detail/hand_target__rosidl_typesupport_fastrtps_c.h
-- Up-to-date: /home/prime/KISTAR_Hand_RTOS-master/Franka_Dual_Arm_PtoP/R_Franka_KISTAR_Hand/install/kistar_hand_ros2/include/kistar_hand_ros2/kistar_hand_ros2/msg/rosidl_typesupport_fastrtps_c__visibility_control.h
-- Up-to-date: /home/prime/KISTAR_Hand_RTOS-master/Franka_Dual_Arm_PtoP/R_Franka_KISTAR_Hand/install/kistar_hand_ros2/lib/libkistar_hand_ros2__rosidl_typesupport_fastrtps_c.so
-- Up-to-date: /home/prime/KISTAR_Hand_RTOS-master/Franka_Dual_Arm_PtoP/R_Franka_KISTAR_Hand/install/kistar_hand_ros2/include/kistar_hand_ros2/kistar_hand_ros2
-- Up-to-date: /home/prime/KISTAR_Hand_RTOS-master/Franka_Dual_Arm_PtoP/R_Franka_KISTAR_Hand/install/kistar_hand_ros2/include/kistar_hand_ros2/kistar_hand_ros2/msg
-- Up-to-date: /home/prime/KISTAR_Hand_RTOS-master/Franka_Dual_Arm_PtoP/R_Franka_KISTAR_Hand/install/kistar_hand_ros2/include/kistar_hand_ros2/kistar_hand_ros2/msg/hand_target.hpp
-- Up-to-date: /home/prime/KISTAR_Hand_RTOS-master/Franka_Dual_Arm_PtoP/R_Franka_KISTAR_Hand/install/kistar_hand_ros2/include/kistar_hand_ros2/kistar_hand_ros2/msg/detail
-- Up-to-date: /home/prime/KISTAR_Hand_RTOS-master/Franka_Dual_Arm_PtoP/R_Franka_KISTAR_Hand/install/kistar_hand_ros2/include/kistar_hand_ros2/kistar_hand_ros2/msg/detail/hand_target__type_support.hpp
-- Up-to-date: /home/prime/KISTAR_Hand_RTOS-master/Franka_Dual_Arm_PtoP/R_Franka_KISTAR_Hand/install/kistar_hand_ros2/include/kistar_hand_ros2/kistar_hand_ros2/msg/detail/hand_state__builder.hpp
-- Up-to-date: /home/prime/KISTAR_Hand_RTOS-master/Franka_Dual_Arm_PtoP/R_Franka_KISTAR_Hand/install/kistar_hand_ros2/include/kistar_hand_ros2/kistar_hand_ros2/msg/detail/hand_state__type_support.hpp
-- Up-to-date: /home/prime/KISTAR_Hand_RTOS-master/Franka_Dual_Arm_PtoP/R_Franka_KISTAR_Hand/install/kistar_hand_ros2/include/kistar_hand_ros2/kistar_hand_ros2/msg/detail/franka_arm_target__builder.hpp
-- Up-to-date: /home/prime/KISTAR_Hand_RTOS-master/Franka_Dual_Arm_PtoP/R_Franka_KISTAR_Hand/install/kistar_hand_ros2/include/kistar_hand_ros2/kistar_hand_ros2/msg/detail/franka_arm_state__type_support.hpp
-- Up-to-date: /home/prime/KISTAR_Hand_RTOS-master/Franka_Dual_Arm_PtoP/R_Franka_KISTAR_Hand/install/kistar_hand_ros2/include/kistar_hand_ros2/kistar_hand_ros2/msg/detail/franka_arm_target__type_support.hpp
-- Up-to-date: /home/prime/KISTAR_Hand_RTOS-master/Franka_Dual_Arm_PtoP/R_Franka_KISTAR_Hand/install/kistar_hand_ros2/include/kistar_hand_ros2/kistar_hand_ros2/msg/detail/hand_state__struct.hpp
-- Up-to-date: /home/prime/KISTAR_Hand_RTOS-master/Franka_Dual_Arm_PtoP/R_Franka_KISTAR_Hand/install/kistar_hand_ros2/include/kistar_hand_ros2/kistar_hand_ros2/msg/detail/franka_arm_state__struct.hpp
-- Up-to-date: /home/prime/KISTAR_Hand_RTOS-master/Franka_Dual_Arm_PtoP/R_Franka_KISTAR_Hand/install/kistar_hand_ros2/include/kistar_hand_ros2/kistar_hand_ros2/msg/detail/franka_arm_state__builder.hpp
-- Up-to-date: /home/prime/KISTAR_Hand_RTOS-master/Franka_Dual_Arm_PtoP/R_Franka_KISTAR_Hand/install/kistar_hand_ros2/include/kistar_hand_ros2/kistar_hand_ros2/msg/detail/franka_arm_state__traits.hpp
-- Up-to-date: /home/prime/KISTAR_Hand_RTOS-master/Franka_Dual_Arm_PtoP/R_Franka_KISTAR_Hand/install/kistar_hand_ros2/include/kistar_hand_ros2/kistar_hand_ros2/msg/detail/franka_arm_target__traits.hpp
-- Up-to-date: /home/prime/KISTAR_Hand_RTOS-master/Franka_Dual_Arm_PtoP/R_Franka_KISTAR_Hand/install/kistar_hand_ros2/include/kistar_hand_ros2/kistar_hand_ros2/msg/detail/franka_arm_target__struct.hpp
-- Up-to-date: /home/prime/KISTAR_Hand_RTOS-master/Franka_Dual_Arm_PtoP/R_Franka_KISTAR_Hand/install/kistar_hand_ros2/include/kistar_hand_ros2/kistar_hand_ros2/msg/detail/hand_target__traits.hpp
-- Up-to-date: /home/prime/KISTAR_Hand_RTOS-master/Franka_Dual_Arm_PtoP/R_Franka_KISTAR_Hand/install/kistar_hand_ros2/include/kistar_hand_ros2/kistar_hand_ros2/msg/detail/hand_state__traits.hpp
-- Up-to-date: /home/prime/KISTAR_Hand_RTOS-master/Franka_Dual_Arm_PtoP/R_Franka_KISTAR_Hand/install/kistar_hand_ros2/include/kistar_hand_ros2/kistar_hand_ros2/msg/detail/hand_target__builder.hpp
-- Up-to-date: /home/prime/KISTAR_Hand_RTOS-master/Franka_Dual_Arm_PtoP/R_Franka_KISTAR_Hand/install/kistar_hand_ros2/include/kistar_hand_ros2/kistar_hand_ros2/msg/detail/hand_target__struct.hpp
-- Up-to-date: /home/prime/KISTAR_Hand_RTOS-master/Franka_Dual_Arm_PtoP/R_Franka_KISTAR_Hand/install/kistar_hand_ros2/include/kistar_hand_ros2/kistar_hand_ros2/msg/rosidl_generator_cpp__visibility_control.hpp
-- Up-to-date: /home/prime/KISTAR_Hand_RTOS-master/Franka_Dual_Arm_PtoP/R_Franka_KISTAR_Hand/install/kistar_hand_ros2/include/kistar_hand_ros2/kistar_hand_ros2/msg/hand_state.hpp
-- Up-to-date: /home/prime/KISTAR_Hand_RTOS-master/Franka_Dual_Arm_PtoP/R_Franka_KISTAR_Hand/install/kistar_hand_ros2/include/kistar_hand_ros2/kistar_hand_ros2/msg/franka_arm_target.hpp
-- Up-to-date: /home/prime/KISTAR_Hand_RTOS-master/Franka_Dual_Arm_PtoP/R_Franka_KISTAR_Hand/install/kistar_hand_ros2/include/kistar_hand_ros2/kistar_hand_ros2/msg/franka_arm_state.hpp
-- Up-to-date: /home/prime/KISTAR_Hand_RTOS-master/Franka_Dual_Arm_PtoP/R_Franka_KISTAR_Hand/install/kistar_hand_ros2/include/kistar_hand_ros2/kistar_hand_ros2
-- Up-to-date: /home/prime/KISTAR_Hand_RTOS-master/Franka_Dual_Arm_PtoP/R_Franka_KISTAR_Hand/install/kistar_hand_ros2/include/kistar_hand_ros2/kistar_hand_ros2/msg
-- Up-to-date: /home/prime/KISTAR_Hand_RTOS-master/Franka_Dual_Arm_PtoP/R_Franka_KISTAR_Hand/install/kistar_hand_ros2/include/kistar_hand_ros2/kistar_hand_ros2/msg/detail
-- Up-to-date: /home/prime/KISTAR_Hand_RTOS-master/Franka_Dual_Arm_PtoP/R_Franka_KISTAR_Hand/install/kistar_hand_ros2/include/kistar_hand_ros2/kistar_hand_ros2/msg/detail/franka_arm_target__rosidl_typesupport_fastrtps_cpp.hpp
-- Up-to-date: /home/prime/KISTAR_Hand_RTOS-master/Franka_Dual_Arm_PtoP/R_Franka_KISTAR_Hand/install/kistar_hand_ros2/include/kistar_hand_ros2/kistar_hand_ros2/msg/detail/hand_target__rosidl_typesupport_fastrtps_cpp.hpp
-- Up-to-date: /home/prime/KISTAR_Hand_RTOS-master/Franka_Dual_Arm_PtoP/R_Franka_KISTAR_Hand/install/kistar_hand_ros2/include/kistar_hand_ros2/kistar_hand_ros2/msg/detail/hand_state__rosidl_typesupport_fastrtps_cpp.hpp
-- Up-to-date: /home/prime/KISTAR_Hand_RTOS-master/Franka_Dual_Arm_PtoP/R_Franka_KISTAR_Hand/install/kistar_hand_ros2/include/kistar_hand_ros2/kistar_hand_ros2/msg/detail/franka_arm_state__rosidl_typesupport_fastrtps_cpp.hpp
-- Up-to-date: /home/prime/KISTAR_Hand_RTOS-master/Franka_Dual_Arm_PtoP/R_Franka_KISTAR_Hand/install/kistar_hand_ros2/include/kistar_hand_ros2/kistar_hand_ros2/msg/detail/dds_fastrtps
-- Up-to-date: /home/prime/KISTAR_Hand_RTOS-master/Franka_Dual_Arm_PtoP/R_Franka_KISTAR_Hand/install/kistar_hand_ros2/include/kistar_hand_ros2/kistar_hand_ros2/msg/rosidl_typesupport_fastrtps_cpp__visibility_control.h
-- Up-to-date: /home/prime/KISTAR_Hand_RTOS-master/Franka_Dual_Arm_PtoP/R_Franka_KISTAR_Hand/install/kistar_hand_ros2/lib/libkistar_hand_ros2__rosidl_typesupport_fastrtps_cpp.so
-- Up-to-date: /home/prime/KISTAR_Hand_RTOS-master/Franka_Dual_Arm_PtoP/R_Franka_KISTAR_Hand/install/kistar_hand_ros2/include/kistar_hand_ros2/kistar_hand_ros2
-- Up-to-date: /home/prime/KISTAR_Hand_RTOS-master/Franka_Dual_Arm_PtoP/R_Franka_KISTAR_Hand/install/kistar_hand_ros2/include/kistar_hand_ros2/kistar_hand_ros2/msg
-- Up-to-date: /home/prime/KISTAR_Hand_RTOS-master/Franka_Dual_Arm_PtoP/R_Franka_KISTAR_Hand/install/kistar_hand_ros2/include/kistar_hand_ros2/kistar_hand_ros2/msg/detail
-- Up-to-date: /home/prime/KISTAR_Hand_RTOS-master/Franka_Dual_Arm_PtoP/R_Franka_KISTAR_Hand/install/kistar_hand_ros2/include/kistar_hand_ros2/kistar_hand_ros2/msg/detail/franka_arm_state__type_support.c
-- Up-to-date: /home/prime/KISTAR_Hand_RTOS-master/Franka_Dual_Arm_PtoP/R_Franka_KISTAR_Hand/install/kistar_hand_ros2/include/kistar_hand_ros2/kistar_hand_ros2/msg/detail/hand_state__rosidl_typesupport_introspection_c.h
-- Up-to-date: /home/prime/KISTAR_Hand_RTOS-master/Franka_Dual_Arm_PtoP/R_Franka_KISTAR_Hand/install/kistar_hand_ros2/include/kistar_hand_ros2/kistar_hand_ros2/msg/detail/hand_target__rosidl_typesupport_introspection_c.h
-- Up-to-date: /home/prime/KISTAR_Hand_RTOS-master/Franka_Dual_Arm_PtoP/R_Franka_KISTAR_Hand/install/kistar_hand_ros2/include/kistar_hand_ros2/kistar_hand_ros2/msg/detail/franka_arm_state__rosidl_typesupport_introspection_c.h
-- Up-to-date: /home/prime/KISTAR_Hand_RTOS-master/Franka_Dual_Arm_PtoP/R_Franka_KISTAR_Hand/install/kistar_hand_ros2/include/kistar_hand_ros2/kistar_hand_ros2/msg/detail/hand_state__type_support.c
-- Up-to-date: /home/prime/KISTAR_Hand_RTOS-master/Franka_Dual_Arm_PtoP/R_Franka_KISTAR_Hand/install/kistar_hand_ros2/include/kistar_hand_ros2/kistar_hand_ros2/msg/detail/franka_arm_target__type_support.c
-- Up-to-date: /home/prime/KISTAR_Hand_RTOS-master/Franka_Dual_Arm_PtoP/R_Franka_KISTAR_Hand/install/kistar_hand_ros2/include/kistar_hand_ros2/kistar_hand_ros2/msg/detail/hand_target__type_support.c
-- Up-to-date: /home/prime/KISTAR_Hand_RTOS-master/Franka_Dual_Arm_PtoP/R_Franka_KISTAR_Hand/install/kistar_hand_ros2/include/kistar_hand_ros2/kistar_hand_ros2/msg/detail/franka_arm_target__rosidl_typesupport_introspection_c.h
-- Up-to-date: /home/prime/KISTAR_Hand_RTOS-master/Franka_Dual_Arm_PtoP/R_Franka_KISTAR_Hand/install/kistar_hand_ros2/include/kistar_hand_ros2/kistar_hand_ros2/msg/rosidl_typesupport_introspection_c__visibility_control.h
-- Up-to-date: /home/prime/KISTAR_Hand_RTOS-master/Franka_Dual_Arm_PtoP/R_Franka_KISTAR_Hand/install/kistar_hand_ros2/lib/libkistar_hand_ros2__rosidl_typesupport_introspection_c.so
-- Up-to-date: /home/prime/KISTAR_Hand_RTOS-master/Franka_Dual_Arm_PtoP/R_Franka_KISTAR_Hand/install/kistar_hand_ros2/lib/libkistar_hand_ros2__rosidl_typesupport_c.so
-- Up-to-date: /home/prime/KISTAR_Hand_RTOS-master/Franka_Dual_Arm_PtoP/R_Franka_KISTAR_Hand/install/kistar_hand_ros2/include/kistar_hand_ros2/kistar_hand_ros2
-- Up-to-date: /home/prime/KISTAR_Hand_RTOS-master/Franka_Dual_Arm_PtoP/R_Franka_KISTAR_Hand/install/kistar_hand_ros2/include/kistar_hand_ros2/kistar_hand_ros2/msg
-- Up-to-date: /home/prime/KISTAR_Hand_RTOS-master/Franka_Dual_Arm_PtoP/R_Franka_KISTAR_Hand/install/kistar_hand_ros2/include/kistar_hand_ros2/kistar_hand_ros2/msg/detail
-- Up-to-date: /home/prime/KISTAR_Hand_RTOS-master/Franka_Dual_Arm_PtoP/R_Franka_KISTAR_Hand/install/kistar_hand_ros2/include/kistar_hand_ros2/kistar_hand_ros2/msg/detail/hand_state__rosidl_typesupport_introspection_cpp.hpp
-- Up-to-date: /home/prime/KISTAR_Hand_RTOS-master/Franka_Dual_Arm_PtoP/R_Franka_KISTAR_Hand/install/kistar_hand_ros2/include/kistar_hand_ros2/kistar_hand_ros2/msg/detail/franka_arm_state__rosidl_typesupport_introspection_cpp.hpp
-- Up-to-date: /home/prime/KISTAR_Hand_RTOS-master/Franka_Dual_Arm_PtoP/R_Franka_KISTAR_Hand/install/kistar_hand_ros2/include/kistar_hand_ros2/kistar_hand_ros2/msg/detail/hand_target__type_support.cpp
-- Up-to-date: /home/prime/KISTAR_Hand_RTOS-master/Franka_Dual_Arm_PtoP/R_Franka_KISTAR_Hand/install/kistar_hand_ros2/include/kistar_hand_ros2/kistar_hand_ros2/msg/detail/franka_arm_target__rosidl_typesupport_introspection_cpp.hpp
-- Up-to-date: /home/prime/KISTAR_Hand_RTOS-master/Franka_Dual_Arm_PtoP/R_Franka_KISTAR_Hand/install/kistar_hand_ros2/include/kistar_hand_ros2/kistar_hand_ros2/msg/detail/hand_state__type_support.cpp
-- Up-to-date: /home/prime/KISTAR_Hand_RTOS-master/Franka_Dual_Arm_PtoP/R_Franka_KISTAR_Hand/install/kistar_hand_ros2/include/kistar_hand_ros2/kistar_hand_ros2/msg/detail/hand_target__rosidl_typesupport_introspection_cpp.hpp
-- Up-to-date: /home/prime/KISTAR_Hand_RTOS-master/Franka_Dual_Arm_PtoP/R_Franka_KISTAR_Hand/install/kistar_hand_ros2/include/kistar_hand_ros2/kistar_hand_ros2/msg/detail/franka_arm_target__type_support.cpp
-- Up-to-date: /home/prime/KISTAR_Hand_RTOS-master/Franka_Dual_Arm_PtoP/R_Franka_KISTAR_Hand/install/kistar_hand_ros2/include/kistar_hand_ros2/kistar_hand_ros2/msg/detail/franka_arm_state__type_support.cpp
-- Up-to-date: /home/prime/KISTAR_Hand_RTOS-master/Franka_Dual_Arm_PtoP/R_Franka_KISTAR_Hand/install/kistar_hand_ros2/lib/libkistar_hand_ros2__rosidl_typesupport_introspection_cpp.so
-- Up-to-date: /home/prime/KISTAR_Hand_RTOS-master/Franka_Dual_Arm_PtoP/R_Franka_KISTAR_Hand/install/kistar_hand_ros2/lib/libkistar_hand_ros2__rosidl_typesupport_cpp.so
-- Up-to-date: /home/prime/KISTAR_Hand_RTOS-master/Franka_Dual_Arm_PtoP/R_Franka_KISTAR_Hand/install/kistar_hand_ros2/share/kistar_hand_ros2/environment/pythonpath.sh
-- Up-to-date: /home/prime/KISTAR_Hand_RTOS-master/Franka_Dual_Arm_PtoP/R_Franka_KISTAR_Hand/install/kistar_hand_ros2/share/kistar_hand_ros2/environment/pythonpath.dsv
-- Up-to-date: /home/prime/KISTAR_Hand_RTOS-master/Franka_Dual_Arm_PtoP/R_Franka_KISTAR_Hand/install/kistar_hand_ros2/local/lib/python3.10/dist-packages/kistar_hand_ros2-0.1.0-py3.10.egg-info
-- Installing: /home/prime/KISTAR_Hand_RTOS-master/Franka_Dual_Arm_PtoP/R_Franka_KISTAR_Hand/install/kistar_hand_ros2/local/lib/python3.10/dist-packages/kistar_hand_ros2-0.1.0-py3.10.egg-info/top_level.txt
-- Installing: /home/prime/KISTAR_Hand_RTOS-master/Franka_Dual_Arm_PtoP/R_Franka_KISTAR_Hand/install/kistar_hand_ros2/local/lib/python3.10/dist-packages/kistar_hand_ros2-0.1.0-py3.10.egg-info/dependency_links.txt
-- Installing: /home/prime/KISTAR_Hand_RTOS-master/Franka_Dual_Arm_PtoP/R_Franka_KISTAR_Hand/install/kistar_hand_ros2/local/lib/python3.10/dist-packages/kistar_hand_ros2-0.1.0-py3.10.egg-info/PKG-INFO
-- Installing: /home/prime/KISTAR_Hand_RTOS-master/Franka_Dual_Arm_PtoP/R_Franka_KISTAR_Hand/install/kistar_hand_ros2/local/lib/python3.10/dist-packages/kistar_hand_ros2-0.1.0-py3.10.egg-info/SOURCES.txt
-- Up-to-date: /home/prime/KISTAR_Hand_RTOS-master/Franka_Dual_Arm_PtoP/R_Franka_KISTAR_Hand/install/kistar_hand_ros2/local/lib/python3.10/dist-packages/kistar_hand_ros2
-- Up-to-date: /home/prime/KISTAR_Hand_RTOS-master/Franka_Dual_Arm_PtoP/R_Franka_KISTAR_Hand/install/kistar_hand_ros2/local/lib/python3.10/dist-packages/kistar_hand_ros2/__init__.py
-- Up-to-date: /home/prime/KISTAR_Hand_RTOS-master/Franka_Dual_Arm_PtoP/R_Franka_KISTAR_Hand/install/kistar_hand_ros2/local/lib/python3.10/dist-packages/kistar_hand_ros2/_kistar_hand_ros2_s.ep.rosidl_typesupport_fastrtps_c.c
-- Up-to-date: /home/prime/KISTAR_Hand_RTOS-master/Franka_Dual_Arm_PtoP/R_Franka_KISTAR_Hand/install/kistar_hand_ros2/local/lib/python3.10/dist-packages/kistar_hand_ros2/_kistar_hand_ros2_s.ep.rosidl_typesupport_c.c
-- Up-to-date: /home/prime/KISTAR_Hand_RTOS-master/Franka_Dual_Arm_PtoP/R_Franka_KISTAR_Hand/install/kistar_hand_ros2/local/lib/python3.10/dist-packages/kistar_hand_ros2/kistar_hand_ros2_s__rosidl_typesupport_c.cpython-310-x86_64-linux-gnu.so
-- Up-to-date: /home/prime/KISTAR_Hand_RTOS-master/Franka_Dual_Arm_PtoP/R_Franka_KISTAR_Hand/install/kistar_hand_ros2/local/lib/python3.10/dist-packages/kistar_hand_ros2/libkistar_hand_ros2__rosidl_generator_py.so
-- Up-to-date: /home/prime/KISTAR_Hand_RTOS-master/Franka_Dual_Arm_PtoP/R_Franka_KISTAR_Hand/install/kistar_hand_ros2/local/lib/python3.10/dist-packages/kistar_hand_ros2/kistar_hand_ros2_s__rosidl_typesupport_introspection_c.cpython-310-x86_64-linux-gnu.so
-- Up-to-date: /home/prime/KISTAR_Hand_RTOS-master/Franka_Dual_Arm_PtoP/R_Franka_KISTAR_Hand/install/kistar_hand_ros2/local/lib/python3.10/dist-packages/kistar_hand_ros2/kistar_hand_ros2_s__rosidl_typesupport_fastrtps_c.cpython-310-x86_64-linux-gnu.so
-- Up-to-date: /home/prime/KISTAR_Hand_RTOS-master/Franka_Dual_Arm_PtoP/R_Franka_KISTAR_Hand/install/kistar_hand_ros2/local/lib/python3.10/dist-packages/kistar_hand_ros2/msg
-- Up-to-date: /home/prime/KISTAR_Hand_RTOS-master/Franka_Dual_Arm_PtoP/R_Franka_KISTAR_Hand/install/kistar_hand_ros2/local/lib/python3.10/dist-packages/kistar_hand_ros2/msg/_franka_arm_target_s.c
-- Up-to-date: /home/prime/KISTAR_Hand_RTOS-master/Franka_Dual_Arm_PtoP/R_Franka_KISTAR_Hand/install/kistar_hand_ros2/local/lib/python3.10/dist-packages/kistar_hand_ros2/msg/__init__.py
-- Up-to-date: /home/prime/KISTAR_Hand_RTOS-master/Franka_Dual_Arm_PtoP/R_Franka_KISTAR_Hand/install/kistar_hand_ros2/local/lib/python3.10/dist-packages/kistar_hand_ros2/msg/_hand_state_s.c
-- Up-to-date: /home/prime/KISTAR_Hand_RTOS-master/Franka_Dual_Arm_PtoP/R_Franka_KISTAR_Hand/install/kistar_hand_ros2/local/lib/python3.10/dist-packages/kistar_hand_ros2/msg/_franka_arm_state_s.c
-- Up-to-date: /home/prime/KISTAR_Hand_RTOS-master/Franka_Dual_Arm_PtoP/R_Franka_KISTAR_Hand/install/kistar_hand_ros2/local/lib/python3.10/dist-packages/kistar_hand_ros2/msg/_hand_target.py
-- Up-to-date: /home/prime/KISTAR_Hand_RTOS-master/Franka_Dual_Arm_PtoP/R_Franka_KISTAR_Hand/install/kistar_hand_ros2/local/lib/python3.10/dist-packages/kistar_hand_ros2/msg/_hand_target_s.c
-- Up-to-date: /home/prime/KISTAR_Hand_RTOS-master/Franka_Dual_Arm_PtoP/R_Franka_KISTAR_Hand/install/kistar_hand_ros2/local/lib/python3.10/dist-packages/kistar_hand_ros2/msg/_hand_state.py
-- Up-to-date: /home/prime/KISTAR_Hand_RTOS-master/Franka_Dual_Arm_PtoP/R_Franka_KISTAR_Hand/install/kistar_hand_ros2/local/lib/python3.10/dist-packages/kistar_hand_ros2/msg/_franka_arm_state.py
-- Up-to-date: /home/prime/KISTAR_Hand_RTOS-master/Franka_Dual_Arm_PtoP/R_Franka_KISTAR_Hand/install/kistar_hand_ros2/local/lib/python3.10/dist-packages/kistar_hand_ros2/msg/_franka_arm_target.py
-- Up-to-date: /home/prime/KISTAR_Hand_RTOS-master/Franka_Dual_Arm_PtoP/R_Franka_KISTAR_Hand/install/kistar_hand_ros2/local/lib/python3.10/dist-packages/kistar_hand_ros2/_kistar_hand_ros2_s.ep.rosidl_typesupport_introspection_c.c
Listing '/home/prime/KISTAR_Hand_RTOS-master/Franka_Dual_Arm_PtoP/R_Franka_KISTAR_Hand/install/kistar_hand_ros2/local/lib/python3.10/dist-packages/kistar_hand_ros2'...
Listing '/home/prime/KISTAR_Hand_RTOS-master/Franka_Dual_Arm_PtoP/R_Franka_KISTAR_Hand/install/kistar_hand_ros2/local/lib/python3.10/dist-packages/kistar_hand_ros2/msg'...
-- Up-to-date: /home/prime/KISTAR_Hand_RTOS-master/Franka_Dual_Arm_PtoP/R_Franka_KISTAR_Hand/install/kistar_hand_ros2/local/lib/python3.10/dist-packages/kistar_hand_ros2/kistar_hand_ros2_s__rosidl_typesupport_fastrtps_c.cpython-310-x86_64-linux-gnu.so
-- Up-to-date: /home/prime/KISTAR_Hand_RTOS-master/Franka_Dual_Arm_PtoP/R_Franka_KISTAR_Hand/install/kistar_hand_ros2/local/lib/python3.10/dist-packages/kistar_hand_ros2/kistar_hand_ros2_s__rosidl_typesupport_introspection_c.cpython-310-x86_64-linux-gnu.so
-- Up-to-date: /home/prime/KISTAR_Hand_RTOS-master/Franka_Dual_Arm_PtoP/R_Franka_KISTAR_Hand/install/kistar_hand_ros2/local/lib/python3.10/dist-packages/kistar_hand_ros2/kistar_hand_ros2_s__rosidl_typesupport_c.cpython-310-x86_64-linux-gnu.so
-- Up-to-date: /home/prime/KISTAR_Hand_RTOS-master/Franka_Dual_Arm_PtoP/R_Franka_KISTAR_Hand/install/kistar_hand_ros2/lib/libkistar_hand_ros2__rosidl_generator_py.so
-- Up-to-date: /home/prime/KISTAR_Hand_RTOS-master/Franka_Dual_Arm_PtoP/R_Franka_KISTAR_Hand/install/kistar_hand_ros2/share/kistar_hand_ros2/msg/FrankaArmState.idl
-- Up-to-date: /home/prime/KISTAR_Hand_RTOS-master/Franka_Dual_Arm_PtoP/R_Franka_KISTAR_Hand/install/kistar_hand_ros2/share/kistar_hand_ros2/msg/FrankaArmTarget.idl
-- Up-to-date: /home/prime/KISTAR_Hand_RTOS-master/Franka_Dual_Arm_PtoP/R_Franka_KISTAR_Hand/install/kistar_hand_ros2/share/kistar_hand_ros2/msg/HandState.idl
-- Up-to-date: /home/prime/KISTAR_Hand_RTOS-master/Franka_Dual_Arm_PtoP/R_Franka_KISTAR_Hand/install/kistar_hand_ros2/share/kistar_hand_ros2/msg/HandTarget.idl
-- Up-to-date: /home/prime/KISTAR_Hand_RTOS-master/Franka_Dual_Arm_PtoP/R_Franka_KISTAR_Hand/install/kistar_hand_ros2/share/kistar_hand_ros2/msg/FrankaArmState.msg
-- Up-to-date: /home/prime/KISTAR_Hand_RTOS-master/Franka_Dual_Arm_PtoP/R_Franka_KISTAR_Hand/install/kistar_hand_ros2/share/kistar_hand_ros2/msg/FrankaArmTarget.msg
-- Up-to-date: /home/prime/KISTAR_Hand_RTOS-master/Franka_Dual_Arm_PtoP/R_Franka_KISTAR_Hand/install/kistar_hand_ros2/share/kistar_hand_ros2/msg/HandState.msg
-- Up-to-date: /home/prime/KISTAR_Hand_RTOS-master/Franka_Dual_Arm_PtoP/R_Franka_KISTAR_Hand/install/kistar_hand_ros2/share/kistar_hand_ros2/msg/HandTarget.msg
-- Up-to-date: /home/prime/KISTAR_Hand_RTOS-master/Franka_Dual_Arm_PtoP/R_Franka_KISTAR_Hand/install/kistar_hand_ros2/lib/kistar_hand_ros2/shm_ros2_bridge
-- Up-to-date: /home/prime/KISTAR_Hand_RTOS-master/Franka_Dual_Arm_PtoP/R_Franka_KISTAR_Hand/install/kistar_hand_ros2/share/ament_index/resource_index/package_run_dependencies/kistar_hand_ros2
-- Up-to-date: /home/prime/KISTAR_Hand_RTOS-master/Franka_Dual_Arm_PtoP/R_Franka_KISTAR_Hand/install/kistar_hand_ros2/share/ament_index/resource_index/parent_prefix_path/kistar_hand_ros2
-- Up-to-date: /home/prime/KISTAR_Hand_RTOS-master/Franka_Dual_Arm_PtoP/R_Franka_KISTAR_Hand/install/kistar_hand_ros2/share/kistar_hand_ros2/environment/ament_prefix_path.sh
-- Up-to-date: /home/prime/KISTAR_Hand_RTOS-master/Franka_Dual_Arm_PtoP/R_Franka_KISTAR_Hand/install/kistar_hand_ros2/share/kistar_hand_ros2/environment/ament_prefix_path.dsv
-- Up-to-date: /home/prime/KISTAR_Hand_RTOS-master/Franka_Dual_Arm_PtoP/R_Franka_KISTAR_Hand/install/kistar_hand_ros2/share/kistar_hand_ros2/environment/path.sh
-- Up-to-date: /home/prime/KISTAR_Hand_RTOS-master/Franka_Dual_Arm_PtoP/R_Franka_KISTAR_Hand/install/kistar_hand_ros2/share/kistar_hand_ros2/environment/path.dsv
-- Up-to-date: /home/prime/KISTAR_Hand_RTOS-master/Franka_Dual_Arm_PtoP/R_Franka_KISTAR_Hand/install/kistar_hand_ros2/share/kistar_hand_ros2/local_setup.bash
-- Up-to-date: /home/prime/KISTAR_Hand_RTOS-master/Franka_Dual_Arm_PtoP/R_Franka_KISTAR_Hand/install/kistar_hand_ros2/share/kistar_hand_ros2/local_setup.sh
-- Up-to-date: /home/prime/KISTAR_Hand_RTOS-master/Franka_Dual_Arm_PtoP/R_Franka_KISTAR_Hand/install/kistar_hand_ros2/share/kistar_hand_ros2/local_setup.zsh
-- Up-to-date: /home/prime/KISTAR_Hand_RTOS-master/Franka_Dual_Arm_PtoP/R_Franka_KISTAR_Hand/install/kistar_hand_ros2/share/kistar_hand_ros2/local_setup.dsv
-- Installing: /home/prime/KISTAR_Hand_RTOS-master/Franka_Dual_Arm_PtoP/R_Franka_KISTAR_Hand/install/kistar_hand_ros2/share/kistar_hand_ros2/package.dsv
-- Up-to-date: /home/prime/KISTAR_Hand_RTOS-master/Franka_Dual_Arm_PtoP/R_Franka_KISTAR_Hand/install/kistar_hand_ros2/share/ament_index/resource_index/packages/kistar_hand_ros2
-- Up-to-date: /home/prime/KISTAR_Hand_RTOS-master/Franka_Dual_Arm_PtoP/R_Franka_KISTAR_Hand/install/kistar_hand_ros2/share/kistar_hand_ros2/cmake/export_kistar_hand_ros2__rosidl_generator_cExport.cmake
-- Up-to-date: /home/prime/KISTAR_Hand_RTOS-master/Franka_Dual_Arm_PtoP/R_Franka_KISTAR_Hand/install/kistar_hand_ros2/share/kistar_hand_ros2/cmake/export_kistar_hand_ros2__rosidl_generator_cExport-noconfig.cmake
-- Up-to-date: /home/prime/KISTAR_Hand_RTOS-master/Franka_Dual_Arm_PtoP/R_Franka_KISTAR_Hand/install/kistar_hand_ros2/share/kistar_hand_ros2/cmake/export_kistar_hand_ros2__rosidl_typesupport_fastrtps_cExport.cmake
-- Up-to-date: /home/prime/KISTAR_Hand_RTOS-master/Franka_Dual_Arm_PtoP/R_Franka_KISTAR_Hand/install/kistar_hand_ros2/share/kistar_hand_ros2/cmake/export_kistar_hand_ros2__rosidl_typesupport_fastrtps_cExport-noconfig.cmake
-- Up-to-date: /home/prime/KISTAR_Hand_RTOS-master/Franka_Dual_Arm_PtoP/R_Franka_KISTAR_Hand/install/kistar_hand_ros2/share/kistar_hand_ros2/cmake/export_kistar_hand_ros2__rosidl_generator_cppExport.cmake
-- Up-to-date: /home/prime/KISTAR_Hand_RTOS-master/Franka_Dual_Arm_PtoP/R_Franka_KISTAR_Hand/install/kistar_hand_ros2/share/kistar_hand_ros2/cmake/export_kistar_hand_ros2__rosidl_typesupport_fastrtps_cppExport.cmake
-- Up-to-date: /home/prime/KISTAR_Hand_RTOS-master/Franka_Dual_Arm_PtoP/R_Franka_KISTAR_Hand/install/kistar_hand_ros2/share/kistar_hand_ros2/cmake/export_kistar_hand_ros2__rosidl_typesupport_fastrtps_cppExport-noconfig.cmake
-- Up-to-date: /home/prime/KISTAR_Hand_RTOS-master/Franka_Dual_Arm_PtoP/R_Franka_KISTAR_Hand/install/kistar_hand_ros2/share/kistar_hand_ros2/cmake/kistar_hand_ros2__rosidl_typesupport_introspection_cExport.cmake
-- Up-to-date: /home/prime/KISTAR_Hand_RTOS-master/Franka_Dual_Arm_PtoP/R_Franka_KISTAR_Hand/install/kistar_hand_ros2/share/kistar_hand_ros2/cmake/kistar_hand_ros2__rosidl_typesupport_introspection_cExport-noconfig.cmake
-- Up-to-date: /home/prime/KISTAR_Hand_RTOS-master/Franka_Dual_Arm_PtoP/R_Franka_KISTAR_Hand/install/kistar_hand_ros2/share/kistar_hand_ros2/cmake/kistar_hand_ros2__rosidl_typesupport_cExport.cmake
-- Up-to-date: /home/prime/KISTAR_Hand_RTOS-master/Franka_Dual_Arm_PtoP/R_Franka_KISTAR_Hand/install/kistar_hand_ros2/share/kistar_hand_ros2/cmake/kistar_hand_ros2__rosidl_typesupport_cExport-noconfig.cmake
-- Up-to-date: /home/prime/KISTAR_Hand_RTOS-master/Franka_Dual_Arm_PtoP/R_Franka_KISTAR_Hand/install/kistar_hand_ros2/share/kistar_hand_ros2/cmake/kistar_hand_ros2__rosidl_typesupport_introspection_cppExport.cmake
-- Up-to-date: /home/prime/KISTAR_Hand_RTOS-master/Franka_Dual_Arm_PtoP/R_Franka_KISTAR_Hand/install/kistar_hand_ros2/share/kistar_hand_ros2/cmake/kistar_hand_ros2__rosidl_typesupport_introspection_cppExport-noconfig.cmake
-- Up-to-date: /home/prime/KISTAR_Hand_RTOS-master/Franka_Dual_Arm_PtoP/R_Franka_KISTAR_Hand/install/kistar_hand_ros2/share/kistar_hand_ros2/cmake/kistar_hand_ros2__rosidl_typesupport_cppExport.cmake
-- Up-to-date: /home/prime/KISTAR_Hand_RTOS-master/Franka_Dual_Arm_PtoP/R_Franka_KISTAR_Hand/install/kistar_hand_ros2/share/kistar_hand_ros2/cmake/kistar_hand_ros2__rosidl_typesupport_cppExport-noconfig.cmake
-- Up-to-date: /home/prime/KISTAR_Hand_RTOS-master/Franka_Dual_Arm_PtoP/R_Franka_KISTAR_Hand/install/kistar_hand_ros2/share/kistar_hand_ros2/cmake/export_kistar_hand_ros2__rosidl_generator_pyExport.cmake
-- Up-to-date: /home/prime/KISTAR_Hand_RTOS-master/Franka_Dual_Arm_PtoP/R_Franka_KISTAR_Hand/install/kistar_hand_ros2/share/kistar_hand_ros2/cmake/export_kistar_hand_ros2__rosidl_generator_pyExport-noconfig.cmake
-- Up-to-date: /home/prime/KISTAR_Hand_RTOS-master/Franka_Dual_Arm_PtoP/R_Franka_KISTAR_Hand/install/kistar_hand_ros2/share/kistar_hand_ros2/cmake/rosidl_cmake-extras.cmake
-- Up-to-date: /home/prime/KISTAR_Hand_RTOS-master/Franka_Dual_Arm_PtoP/R_Franka_KISTAR_Hand/install/kistar_hand_ros2/share/kistar_hand_ros2/cmake/ament_cmake_export_dependencies-extras.cmake
-- Up-to-date: /home/prime/KISTAR_Hand_RTOS-master/Franka_Dual_Arm_PtoP/R_Franka_KISTAR_Hand/install/kistar_hand_ros2/share/kistar_hand_ros2/cmake/ament_cmake_export_include_directories-extras.cmake
-- Up-to-date: /home/prime/KISTAR_Hand_RTOS-master/Franka_Dual_Arm_PtoP/R_Franka_KISTAR_Hand/install/kistar_hand_ros2/share/kistar_hand_ros2/cmake/ament_cmake_export_libraries-extras.cmake
-- Up-to-date: /home/prime/KISTAR_Hand_RTOS-master/Franka_Dual_Arm_PtoP/R_Franka_KISTAR_Hand/install/kistar_hand_ros2/share/kistar_hand_ros2/cmake/ament_cmake_export_targets-extras.cmake
-- Up-to-date: /home/prime/KISTAR_Hand_RTOS-master/Franka_Dual_Arm_PtoP/R_Franka_KISTAR_Hand/install/kistar_hand_ros2/share/kistar_hand_ros2/cmake/rosidl_cmake_export_typesupport_targets-extras.cmake
-- Up-to-date: /home/prime/KISTAR_Hand_RTOS-master/Franka_Dual_Arm_PtoP/R_Franka_KISTAR_Hand/install/kistar_hand_ros2/share/kistar_hand_ros2/cmake/rosidl_cmake_export_typesupport_libraries-extras.cmake
-- Up-to-date: /home/prime/KISTAR_Hand_RTOS-master/Franka_Dual_Arm_PtoP/R_Franka_KISTAR_Hand/install/kistar_hand_ros2/share/kistar_hand_ros2/cmake/kistar_hand_ros2Config.cmake
-- Up-to-date: /home/prime/KISTAR_Hand_RTOS-master/Franka_Dual_Arm_PtoP/R_Franka_KISTAR_Hand/install/kistar_hand_ros2/share/kistar_hand_ros2/cmake/kistar_hand_ros2Config-version.cmake
-- Up-to-date: /home/prime/KISTAR_Hand_RTOS-master/Franka_Dual_Arm_PtoP/R_Franka_KISTAR_Hand/install/kistar_hand_ros2/share/kistar_hand_ros2/package.xml
-- Up-to-date: /home/prime/KISTAR_Hand_RTOS-master/Franka_Dual_Arm_PtoP/R_Franka_KISTAR_Hand/install/kistar_hand_ros2/bin/R_Franka_KISTAR_Hand
