[0.005s] Invoking command in '/home/prime/KISTAR_Hand_RTOS-master/Franka_Dual_Arm_PtoP/R_Franka_KISTAR_Hand/build/kistar_hand_ros2': /usr/bin/cmake --build /home/prime/KISTAR_Hand_RTOS-master/Franka_Dual_Arm_PtoP/R_Franka_KISTAR_Hand/build/kistar_hand_ros2 -- -j8 -l8
[0.036s] [  1%] Built target kistar_hand_ros2__cpp
[0.039s] [ 13%] Built target kistar_hand_ros2__rosidl_generator_c
[0.039s] [ 20%] Built target soem
[0.044s] [ 20%] Built target ament_cmake_python_copy_kistar_hand_ros2
[0.053s] [ 32%] Built target kistar_hand_ros2__rosidl_typesupport_cpp
[0.054s] [ 32%] Built target kistar_hand_ros2__rosidl_typesupport_introspection_c
[0.056s] [ 38%] Built target kistar_hand_ros2__rosidl_typesupport_introspection_cpp
[0.058s] [ 44%] Built target kistar_hand_ros2__rosidl_typesupport_fastrtps_cpp
[0.058s] [ 50%] Built target kistar_hand_ros2__rosidl_typesupport_c
[0.063s] [ 62%] Built target kistar_hand_ros2__rosidl_typesupport_fastrtps_c
[0.063s] [ 84%] Built target franka
[0.074s] [ 84%] Built target kistar_hand_ros2
[0.078s] [ 86%] Built target R_Franka_KISTAR_Hand
[0.078s] [ 88%] Built target shm_ros2_bridge
[0.085s] [ 89%] Built target kistar_hand_ros2__py
[0.097s] [ 94%] Built target kistar_hand_ros2__rosidl_generator_py
[0.110s] [ 97%] Built target kistar_hand_ros2__rosidl_typesupport_fastrtps_c__pyext
[0.110s] [ 98%] Built target kistar_hand_ros2__rosidl_typesupport_introspection_c__pyext
[0.111s] [100%] Built target kistar_hand_ros2__rosidl_typesupport_c__pyext
[0.156s] running egg_info
[0.157s] writing kistar_hand_ros2.egg-info/PKG-INFO
[0.157s] writing dependency_links to kistar_hand_ros2.egg-info/dependency_links.txt
[0.157s] writing top-level names to kistar_hand_ros2.egg-info/top_level.txt
[0.158s] reading manifest file 'kistar_hand_ros2.egg-info/SOURCES.txt'
[0.159s] writing manifest file 'kistar_hand_ros2.egg-info/SOURCES.txt'
[0.174s] [100%] Built target ament_cmake_python_build_kistar_hand_ros2_egg
[0.181s] Invoked command in '/home/prime/KISTAR_Hand_RTOS-master/Franka_Dual_Arm_PtoP/R_Franka_KISTAR_Hand/build/kistar_hand_ros2' returned '0': /usr/bin/cmake --build /home/prime/KISTAR_Hand_RTOS-master/Franka_Dual_Arm_PtoP/R_Franka_KISTAR_Hand/build/kistar_hand_ros2 -- -j8 -l8
[0.186s] Invoking command in '/home/prime/KISTAR_Hand_RTOS-master/Franka_Dual_Arm_PtoP/R_Franka_KISTAR_Hand/build/kistar_hand_ros2': /usr/bin/cmake --install /home/prime/KISTAR_Hand_RTOS-master/Franka_Dual_Arm_PtoP/R_Franka_KISTAR_Hand/build/kistar_hand_ros2
[0.191s] -- Install configuration: ""
[0.191s] -- Up-to-date: /home/prime/KISTAR_Hand_RTOS-master/Franka_Dual_Arm_PtoP/R_Franka_KISTAR_Hand/install/kistar_hand_ros2/include/soem/ethercat.h
[0.191s] -- Up-to-date: /home/prime/KISTAR_Hand_RTOS-master/Franka_Dual_Arm_PtoP/R_Franka_KISTAR_Hand/install/kistar_hand_ros2/include/soem/ethercatbase.h
[0.191s] -- Up-to-date: /home/prime/KISTAR_Hand_RTOS-master/Franka_Dual_Arm_PtoP/R_Franka_KISTAR_Hand/install/kistar_hand_ros2/include/soem/ethercatcoe.h
[0.191s] -- Up-to-date: /home/prime/KISTAR_Hand_RTOS-master/Franka_Dual_Arm_PtoP/R_Franka_KISTAR_Hand/install/kistar_hand_ros2/include/soem/ethercatconfig.h
[0.191s] -- Up-to-date: /home/prime/KISTAR_Hand_RTOS-master/Franka_Dual_Arm_PtoP/R_Franka_KISTAR_Hand/install/kistar_hand_ros2/include/soem/ethercatconfiglist.h
[0.191s] -- Up-to-date: /home/prime/KISTAR_Hand_RTOS-master/Franka_Dual_Arm_PtoP/R_Franka_KISTAR_Hand/install/kistar_hand_ros2/include/soem/ethercatdc.h
[0.191s] -- Up-to-date: /home/prime/KISTAR_Hand_RTOS-master/Franka_Dual_Arm_PtoP/R_Franka_KISTAR_Hand/install/kistar_hand_ros2/include/soem/ethercateoe.h
[0.191s] -- Up-to-date: /home/prime/KISTAR_Hand_RTOS-master/Franka_Dual_Arm_PtoP/R_Franka_KISTAR_Hand/install/kistar_hand_ros2/include/soem/ethercatfoe.h
[0.191s] -- Up-to-date: /home/prime/KISTAR_Hand_RTOS-master/Franka_Dual_Arm_PtoP/R_Franka_KISTAR_Hand/install/kistar_hand_ros2/include/soem/ethercatmain.h
[0.191s] -- Up-to-date: /home/prime/KISTAR_Hand_RTOS-master/Franka_Dual_Arm_PtoP/R_Franka_KISTAR_Hand/install/kistar_hand_ros2/include/soem/ethercatprint.h
[0.192s] -- Up-to-date: /home/prime/KISTAR_Hand_RTOS-master/Franka_Dual_Arm_PtoP/R_Franka_KISTAR_Hand/install/kistar_hand_ros2/include/soem/ethercatsoe.h
[0.192s] -- Up-to-date: /home/prime/KISTAR_Hand_RTOS-master/Franka_Dual_Arm_PtoP/R_Franka_KISTAR_Hand/install/kistar_hand_ros2/include/soem/ethercattype.h
[0.192s] -- Up-to-date: /home/prime/KISTAR_Hand_RTOS-master/Franka_Dual_Arm_PtoP/R_Franka_KISTAR_Hand/install/kistar_hand_ros2/include/soem/osal_defs.h
[0.192s] -- Up-to-date: /home/prime/KISTAR_Hand_RTOS-master/Franka_Dual_Arm_PtoP/R_Franka_KISTAR_Hand/install/kistar_hand_ros2/include/soem/osal.h
[0.192s] -- Up-to-date: /home/prime/KISTAR_Hand_RTOS-master/Franka_Dual_Arm_PtoP/R_Franka_KISTAR_Hand/install/kistar_hand_ros2/include/soem/nicdrv.h
[0.192s] -- Up-to-date: /home/prime/KISTAR_Hand_RTOS-master/Franka_Dual_Arm_PtoP/R_Franka_KISTAR_Hand/install/kistar_hand_ros2/include/soem/oshw.h
[0.192s] -- Up-to-date: /home/prime/KISTAR_Hand_RTOS-master/Franka_Dual_Arm_PtoP/R_Franka_KISTAR_Hand/install/kistar_hand_ros2/share/ament_index/resource_index/rosidl_interfaces/kistar_hand_ros2
[0.192s] -- Up-to-date: /home/prime/KISTAR_Hand_RTOS-master/Franka_Dual_Arm_PtoP/R_Franka_KISTAR_Hand/install/kistar_hand_ros2/include/kistar_hand_ros2/kistar_hand_ros2
[0.192s] -- Up-to-date: /home/prime/KISTAR_Hand_RTOS-master/Franka_Dual_Arm_PtoP/R_Franka_KISTAR_Hand/install/kistar_hand_ros2/include/kistar_hand_ros2/kistar_hand_ros2/msg
[0.192s] -- Up-to-date: /home/prime/KISTAR_Hand_RTOS-master/Franka_Dual_Arm_PtoP/R_Franka_KISTAR_Hand/install/kistar_hand_ros2/include/kistar_hand_ros2/kistar_hand_ros2/msg/hand_state.h
[0.192s] -- Up-to-date: /home/prime/KISTAR_Hand_RTOS-master/Franka_Dual_Arm_PtoP/R_Franka_KISTAR_Hand/install/kistar_hand_ros2/include/kistar_hand_ros2/kistar_hand_ros2/msg/detail
[0.192s] -- Up-to-date: /home/prime/KISTAR_Hand_RTOS-master/Franka_Dual_Arm_PtoP/R_Franka_KISTAR_Hand/install/kistar_hand_ros2/include/kistar_hand_ros2/kistar_hand_ros2/msg/detail/franka_arm_state__functions.c
[0.192s] -- Up-to-date: /home/prime/KISTAR_Hand_RTOS-master/Franka_Dual_Arm_PtoP/R_Franka_KISTAR_Hand/install/kistar_hand_ros2/include/kistar_hand_ros2/kistar_hand_ros2/msg/detail/franka_arm_target__functions.h
[0.192s] -- Up-to-date: /home/prime/KISTAR_Hand_RTOS-master/Franka_Dual_Arm_PtoP/R_Franka_KISTAR_Hand/install/kistar_hand_ros2/include/kistar_hand_ros2/kistar_hand_ros2/msg/detail/franka_arm_state__struct.h
[0.192s] -- Up-to-date: /home/prime/KISTAR_Hand_RTOS-master/Franka_Dual_Arm_PtoP/R_Franka_KISTAR_Hand/install/kistar_hand_ros2/include/kistar_hand_ros2/kistar_hand_ros2/msg/detail/hand_target__functions.c
[0.192s] -- Up-to-date: /home/prime/KISTAR_Hand_RTOS-master/Franka_Dual_Arm_PtoP/R_Franka_KISTAR_Hand/install/kistar_hand_ros2/include/kistar_hand_ros2/kistar_hand_ros2/msg/detail/hand_target__functions.h
[0.192s] -- Up-to-date: /home/prime/KISTAR_Hand_RTOS-master/Franka_Dual_Arm_PtoP/R_Franka_KISTAR_Hand/install/kistar_hand_ros2/include/kistar_hand_ros2/kistar_hand_ros2/msg/detail/hand_state__functions.h
[0.192s] -- Up-to-date: /home/prime/KISTAR_Hand_RTOS-master/Franka_Dual_Arm_PtoP/R_Franka_KISTAR_Hand/install/kistar_hand_ros2/include/kistar_hand_ros2/kistar_hand_ros2/msg/detail/franka_arm_target__type_support.h
[0.192s] -- Up-to-date: /home/prime/KISTAR_Hand_RTOS-master/Franka_Dual_Arm_PtoP/R_Franka_KISTAR_Hand/install/kistar_hand_ros2/include/kistar_hand_ros2/kistar_hand_ros2/msg/detail/hand_state__struct.h
[0.192s] -- Up-to-date: /home/prime/KISTAR_Hand_RTOS-master/Franka_Dual_Arm_PtoP/R_Franka_KISTAR_Hand/install/kistar_hand_ros2/include/kistar_hand_ros2/kistar_hand_ros2/msg/detail/franka_arm_target__struct.h
[0.192s] -- Up-to-date: /home/prime/KISTAR_Hand_RTOS-master/Franka_Dual_Arm_PtoP/R_Franka_KISTAR_Hand/install/kistar_hand_ros2/include/kistar_hand_ros2/kistar_hand_ros2/msg/detail/hand_target__type_support.h
[0.192s] -- Up-to-date: /home/prime/KISTAR_Hand_RTOS-master/Franka_Dual_Arm_PtoP/R_Franka_KISTAR_Hand/install/kistar_hand_ros2/include/kistar_hand_ros2/kistar_hand_ros2/msg/detail/hand_state__type_support.h
[0.192s] -- Up-to-date: /home/prime/KISTAR_Hand_RTOS-master/Franka_Dual_Arm_PtoP/R_Franka_KISTAR_Hand/install/kistar_hand_ros2/include/kistar_hand_ros2/kistar_hand_ros2/msg/detail/hand_target__struct.h
[0.193s] -- Up-to-date: /home/prime/KISTAR_Hand_RTOS-master/Franka_Dual_Arm_PtoP/R_Franka_KISTAR_Hand/install/kistar_hand_ros2/include/kistar_hand_ros2/kistar_hand_ros2/msg/detail/franka_arm_state__functions.h
[0.193s] -- Up-to-date: /home/prime/KISTAR_Hand_RTOS-master/Franka_Dual_Arm_PtoP/R_Franka_KISTAR_Hand/install/kistar_hand_ros2/include/kistar_hand_ros2/kistar_hand_ros2/msg/detail/franka_arm_state__type_support.h
[0.193s] -- Up-to-date: /home/prime/KISTAR_Hand_RTOS-master/Franka_Dual_Arm_PtoP/R_Franka_KISTAR_Hand/install/kistar_hand_ros2/include/kistar_hand_ros2/kistar_hand_ros2/msg/detail/hand_state__functions.c
[0.193s] -- Up-to-date: /home/prime/KISTAR_Hand_RTOS-master/Franka_Dual_Arm_PtoP/R_Franka_KISTAR_Hand/install/kistar_hand_ros2/include/kistar_hand_ros2/kistar_hand_ros2/msg/detail/franka_arm_target__functions.c
[0.193s] -- Up-to-date: /home/prime/KISTAR_Hand_RTOS-master/Franka_Dual_Arm_PtoP/R_Franka_KISTAR_Hand/install/kistar_hand_ros2/include/kistar_hand_ros2/kistar_hand_ros2/msg/hand_target.h
[0.193s] -- Up-to-date: /home/prime/KISTAR_Hand_RTOS-master/Franka_Dual_Arm_PtoP/R_Franka_KISTAR_Hand/install/kistar_hand_ros2/include/kistar_hand_ros2/kistar_hand_ros2/msg/franka_arm_state.h
[0.193s] -- Up-to-date: /home/prime/KISTAR_Hand_RTOS-master/Franka_Dual_Arm_PtoP/R_Franka_KISTAR_Hand/install/kistar_hand_ros2/include/kistar_hand_ros2/kistar_hand_ros2/msg/franka_arm_target.h
[0.193s] -- Up-to-date: /home/prime/KISTAR_Hand_RTOS-master/Franka_Dual_Arm_PtoP/R_Franka_KISTAR_Hand/install/kistar_hand_ros2/include/kistar_hand_ros2/kistar_hand_ros2/msg/rosidl_generator_c__visibility_control.h
[0.193s] -- Up-to-date: /home/prime/KISTAR_Hand_RTOS-master/Franka_Dual_Arm_PtoP/R_Franka_KISTAR_Hand/install/kistar_hand_ros2/share/kistar_hand_ros2/environment/library_path.sh
[0.193s] -- Up-to-date: /home/prime/KISTAR_Hand_RTOS-master/Franka_Dual_Arm_PtoP/R_Franka_KISTAR_Hand/install/kistar_hand_ros2/share/kistar_hand_ros2/environment/library_path.dsv
[0.193s] -- Up-to-date: /home/prime/KISTAR_Hand_RTOS-master/Franka_Dual_Arm_PtoP/R_Franka_KISTAR_Hand/install/kistar_hand_ros2/lib/libkistar_hand_ros2__rosidl_generator_c.so
[0.193s] -- Up-to-date: /home/prime/KISTAR_Hand_RTOS-master/Franka_Dual_Arm_PtoP/R_Franka_KISTAR_Hand/install/kistar_hand_ros2/include/kistar_hand_ros2/kistar_hand_ros2
[0.193s] -- Up-to-date: /home/prime/KISTAR_Hand_RTOS-master/Franka_Dual_Arm_PtoP/R_Franka_KISTAR_Hand/install/kistar_hand_ros2/include/kistar_hand_ros2/kistar_hand_ros2/msg
[0.193s] -- Up-to-date: /home/prime/KISTAR_Hand_RTOS-master/Franka_Dual_Arm_PtoP/R_Franka_KISTAR_Hand/install/kistar_hand_ros2/include/kistar_hand_ros2/kistar_hand_ros2/msg/detail
[0.193s] -- Up-to-date: /home/prime/KISTAR_Hand_RTOS-master/Franka_Dual_Arm_PtoP/R_Franka_KISTAR_Hand/install/kistar_hand_ros2/include/kistar_hand_ros2/kistar_hand_ros2/msg/detail/hand_state__rosidl_typesupport_fastrtps_c.h
[0.193s] -- Up-to-date: /home/prime/KISTAR_Hand_RTOS-master/Franka_Dual_Arm_PtoP/R_Franka_KISTAR_Hand/install/kistar_hand_ros2/include/kistar_hand_ros2/kistar_hand_ros2/msg/detail/franka_arm_target__rosidl_typesupport_fastrtps_c.h
[0.193s] -- Up-to-date: /home/prime/KISTAR_Hand_RTOS-master/Franka_Dual_Arm_PtoP/R_Franka_KISTAR_Hand/install/kistar_hand_ros2/include/kistar_hand_ros2/kistar_hand_ros2/msg/detail/franka_arm_state__rosidl_typesupport_fastrtps_c.h
[0.193s] -- Up-to-date: /home/prime/KISTAR_Hand_RTOS-master/Franka_Dual_Arm_PtoP/R_Franka_KISTAR_Hand/install/kistar_hand_ros2/include/kistar_hand_ros2/kistar_hand_ros2/msg/detail/hand_target__rosidl_typesupport_fastrtps_c.h
[0.193s] -- Up-to-date: /home/prime/KISTAR_Hand_RTOS-master/Franka_Dual_Arm_PtoP/R_Franka_KISTAR_Hand/install/kistar_hand_ros2/include/kistar_hand_ros2/kistar_hand_ros2/msg/rosidl_typesupport_fastrtps_c__visibility_control.h
[0.193s] -- Up-to-date: /home/prime/KISTAR_Hand_RTOS-master/Franka_Dual_Arm_PtoP/R_Franka_KISTAR_Hand/install/kistar_hand_ros2/lib/libkistar_hand_ros2__rosidl_typesupport_fastrtps_c.so
[0.193s] -- Up-to-date: /home/prime/KISTAR_Hand_RTOS-master/Franka_Dual_Arm_PtoP/R_Franka_KISTAR_Hand/install/kistar_hand_ros2/include/kistar_hand_ros2/kistar_hand_ros2
[0.193s] -- Up-to-date: /home/prime/KISTAR_Hand_RTOS-master/Franka_Dual_Arm_PtoP/R_Franka_KISTAR_Hand/install/kistar_hand_ros2/include/kistar_hand_ros2/kistar_hand_ros2/msg
[0.193s] -- Up-to-date: /home/prime/KISTAR_Hand_RTOS-master/Franka_Dual_Arm_PtoP/R_Franka_KISTAR_Hand/install/kistar_hand_ros2/include/kistar_hand_ros2/kistar_hand_ros2/msg/hand_target.hpp
[0.193s] -- Up-to-date: /home/prime/KISTAR_Hand_RTOS-master/Franka_Dual_Arm_PtoP/R_Franka_KISTAR_Hand/install/kistar_hand_ros2/include/kistar_hand_ros2/kistar_hand_ros2/msg/detail
[0.193s] -- Up-to-date: /home/prime/KISTAR_Hand_RTOS-master/Franka_Dual_Arm_PtoP/R_Franka_KISTAR_Hand/install/kistar_hand_ros2/include/kistar_hand_ros2/kistar_hand_ros2/msg/detail/hand_target__type_support.hpp
[0.193s] -- Up-to-date: /home/prime/KISTAR_Hand_RTOS-master/Franka_Dual_Arm_PtoP/R_Franka_KISTAR_Hand/install/kistar_hand_ros2/include/kistar_hand_ros2/kistar_hand_ros2/msg/detail/hand_state__builder.hpp
[0.194s] -- Up-to-date: /home/prime/KISTAR_Hand_RTOS-master/Franka_Dual_Arm_PtoP/R_Franka_KISTAR_Hand/install/kistar_hand_ros2/include/kistar_hand_ros2/kistar_hand_ros2/msg/detail/hand_state__type_support.hpp
[0.194s] -- Up-to-date: /home/prime/KISTAR_Hand_RTOS-master/Franka_Dual_Arm_PtoP/R_Franka_KISTAR_Hand/install/kistar_hand_ros2/include/kistar_hand_ros2/kistar_hand_ros2/msg/detail/franka_arm_target__builder.hpp
[0.194s] -- Up-to-date: /home/prime/KISTAR_Hand_RTOS-master/Franka_Dual_Arm_PtoP/R_Franka_KISTAR_Hand/install/kistar_hand_ros2/include/kistar_hand_ros2/kistar_hand_ros2/msg/detail/franka_arm_state__type_support.hpp
[0.194s] -- Up-to-date: /home/prime/KISTAR_Hand_RTOS-master/Franka_Dual_Arm_PtoP/R_Franka_KISTAR_Hand/install/kistar_hand_ros2/include/kistar_hand_ros2/kistar_hand_ros2/msg/detail/franka_arm_target__type_support.hpp
[0.194s] -- Up-to-date: /home/prime/KISTAR_Hand_RTOS-master/Franka_Dual_Arm_PtoP/R_Franka_KISTAR_Hand/install/kistar_hand_ros2/include/kistar_hand_ros2/kistar_hand_ros2/msg/detail/hand_state__struct.hpp
[0.194s] -- Up-to-date: /home/prime/KISTAR_Hand_RTOS-master/Franka_Dual_Arm_PtoP/R_Franka_KISTAR_Hand/install/kistar_hand_ros2/include/kistar_hand_ros2/kistar_hand_ros2/msg/detail/franka_arm_state__struct.hpp
[0.194s] -- Up-to-date: /home/prime/KISTAR_Hand_RTOS-master/Franka_Dual_Arm_PtoP/R_Franka_KISTAR_Hand/install/kistar_hand_ros2/include/kistar_hand_ros2/kistar_hand_ros2/msg/detail/franka_arm_state__builder.hpp
[0.194s] -- Up-to-date: /home/prime/KISTAR_Hand_RTOS-master/Franka_Dual_Arm_PtoP/R_Franka_KISTAR_Hand/install/kistar_hand_ros2/include/kistar_hand_ros2/kistar_hand_ros2/msg/detail/franka_arm_state__traits.hpp
[0.194s] -- Up-to-date: /home/prime/KISTAR_Hand_RTOS-master/Franka_Dual_Arm_PtoP/R_Franka_KISTAR_Hand/install/kistar_hand_ros2/include/kistar_hand_ros2/kistar_hand_ros2/msg/detail/franka_arm_target__traits.hpp
[0.194s] -- Up-to-date: /home/prime/KISTAR_Hand_RTOS-master/Franka_Dual_Arm_PtoP/R_Franka_KISTAR_Hand/install/kistar_hand_ros2/include/kistar_hand_ros2/kistar_hand_ros2/msg/detail/franka_arm_target__struct.hpp
[0.194s] -- Up-to-date: /home/prime/KISTAR_Hand_RTOS-master/Franka_Dual_Arm_PtoP/R_Franka_KISTAR_Hand/install/kistar_hand_ros2/include/kistar_hand_ros2/kistar_hand_ros2/msg/detail/hand_target__traits.hpp
[0.194s] -- Up-to-date: /home/prime/KISTAR_Hand_RTOS-master/Franka_Dual_Arm_PtoP/R_Franka_KISTAR_Hand/install/kistar_hand_ros2/include/kistar_hand_ros2/kistar_hand_ros2/msg/detail/hand_state__traits.hpp
[0.194s] -- Up-to-date: /home/prime/KISTAR_Hand_RTOS-master/Franka_Dual_Arm_PtoP/R_Franka_KISTAR_Hand/install/kistar_hand_ros2/include/kistar_hand_ros2/kistar_hand_ros2/msg/detail/hand_target__builder.hpp
[0.194s] -- Up-to-date: /home/prime/KISTAR_Hand_RTOS-master/Franka_Dual_Arm_PtoP/R_Franka_KISTAR_Hand/install/kistar_hand_ros2/include/kistar_hand_ros2/kistar_hand_ros2/msg/detail/hand_target__struct.hpp
[0.194s] -- Up-to-date: /home/prime/KISTAR_Hand_RTOS-master/Franka_Dual_Arm_PtoP/R_Franka_KISTAR_Hand/install/kistar_hand_ros2/include/kistar_hand_ros2/kistar_hand_ros2/msg/rosidl_generator_cpp__visibility_control.hpp
[0.194s] -- Up-to-date: /home/prime/KISTAR_Hand_RTOS-master/Franka_Dual_Arm_PtoP/R_Franka_KISTAR_Hand/install/kistar_hand_ros2/include/kistar_hand_ros2/kistar_hand_ros2/msg/hand_state.hpp
[0.194s] -- Up-to-date: /home/prime/KISTAR_Hand_RTOS-master/Franka_Dual_Arm_PtoP/R_Franka_KISTAR_Hand/install/kistar_hand_ros2/include/kistar_hand_ros2/kistar_hand_ros2/msg/franka_arm_target.hpp
[0.194s] -- Up-to-date: /home/prime/KISTAR_Hand_RTOS-master/Franka_Dual_Arm_PtoP/R_Franka_KISTAR_Hand/install/kistar_hand_ros2/include/kistar_hand_ros2/kistar_hand_ros2/msg/franka_arm_state.hpp
[0.194s] -- Up-to-date: /home/prime/KISTAR_Hand_RTOS-master/Franka_Dual_Arm_PtoP/R_Franka_KISTAR_Hand/install/kistar_hand_ros2/include/kistar_hand_ros2/kistar_hand_ros2
[0.194s] -- Up-to-date: /home/prime/KISTAR_Hand_RTOS-master/Franka_Dual_Arm_PtoP/R_Franka_KISTAR_Hand/install/kistar_hand_ros2/include/kistar_hand_ros2/kistar_hand_ros2/msg
[0.194s] -- Up-to-date: /home/prime/KISTAR_Hand_RTOS-master/Franka_Dual_Arm_PtoP/R_Franka_KISTAR_Hand/install/kistar_hand_ros2/include/kistar_hand_ros2/kistar_hand_ros2/msg/detail
[0.194s] -- Up-to-date: /home/prime/KISTAR_Hand_RTOS-master/Franka_Dual_Arm_PtoP/R_Franka_KISTAR_Hand/install/kistar_hand_ros2/include/kistar_hand_ros2/kistar_hand_ros2/msg/detail/franka_arm_target__rosidl_typesupport_fastrtps_cpp.hpp
[0.194s] -- Up-to-date: /home/prime/KISTAR_Hand_RTOS-master/Franka_Dual_Arm_PtoP/R_Franka_KISTAR_Hand/install/kistar_hand_ros2/include/kistar_hand_ros2/kistar_hand_ros2/msg/detail/hand_target__rosidl_typesupport_fastrtps_cpp.hpp
[0.194s] -- Up-to-date: /home/prime/KISTAR_Hand_RTOS-master/Franka_Dual_Arm_PtoP/R_Franka_KISTAR_Hand/install/kistar_hand_ros2/include/kistar_hand_ros2/kistar_hand_ros2/msg/detail/hand_state__rosidl_typesupport_fastrtps_cpp.hpp
[0.195s] -- Up-to-date: /home/prime/KISTAR_Hand_RTOS-master/Franka_Dual_Arm_PtoP/R_Franka_KISTAR_Hand/install/kistar_hand_ros2/include/kistar_hand_ros2/kistar_hand_ros2/msg/detail/franka_arm_state__rosidl_typesupport_fastrtps_cpp.hpp
[0.195s] -- Up-to-date: /home/prime/KISTAR_Hand_RTOS-master/Franka_Dual_Arm_PtoP/R_Franka_KISTAR_Hand/install/kistar_hand_ros2/include/kistar_hand_ros2/kistar_hand_ros2/msg/detail/dds_fastrtps
[0.195s] -- Up-to-date: /home/prime/KISTAR_Hand_RTOS-master/Franka_Dual_Arm_PtoP/R_Franka_KISTAR_Hand/install/kistar_hand_ros2/include/kistar_hand_ros2/kistar_hand_ros2/msg/rosidl_typesupport_fastrtps_cpp__visibility_control.h
[0.195s] -- Up-to-date: /home/prime/KISTAR_Hand_RTOS-master/Franka_Dual_Arm_PtoP/R_Franka_KISTAR_Hand/install/kistar_hand_ros2/lib/libkistar_hand_ros2__rosidl_typesupport_fastrtps_cpp.so
[0.195s] -- Up-to-date: /home/prime/KISTAR_Hand_RTOS-master/Franka_Dual_Arm_PtoP/R_Franka_KISTAR_Hand/install/kistar_hand_ros2/include/kistar_hand_ros2/kistar_hand_ros2
[0.195s] -- Up-to-date: /home/prime/KISTAR_Hand_RTOS-master/Franka_Dual_Arm_PtoP/R_Franka_KISTAR_Hand/install/kistar_hand_ros2/include/kistar_hand_ros2/kistar_hand_ros2/msg
[0.195s] -- Up-to-date: /home/prime/KISTAR_Hand_RTOS-master/Franka_Dual_Arm_PtoP/R_Franka_KISTAR_Hand/install/kistar_hand_ros2/include/kistar_hand_ros2/kistar_hand_ros2/msg/detail
[0.195s] -- Up-to-date: /home/prime/KISTAR_Hand_RTOS-master/Franka_Dual_Arm_PtoP/R_Franka_KISTAR_Hand/install/kistar_hand_ros2/include/kistar_hand_ros2/kistar_hand_ros2/msg/detail/franka_arm_state__type_support.c
[0.195s] -- Up-to-date: /home/prime/KISTAR_Hand_RTOS-master/Franka_Dual_Arm_PtoP/R_Franka_KISTAR_Hand/install/kistar_hand_ros2/include/kistar_hand_ros2/kistar_hand_ros2/msg/detail/hand_state__rosidl_typesupport_introspection_c.h
[0.195s] -- Up-to-date: /home/prime/KISTAR_Hand_RTOS-master/Franka_Dual_Arm_PtoP/R_Franka_KISTAR_Hand/install/kistar_hand_ros2/include/kistar_hand_ros2/kistar_hand_ros2/msg/detail/hand_target__rosidl_typesupport_introspection_c.h
[0.195s] -- Up-to-date: /home/prime/KISTAR_Hand_RTOS-master/Franka_Dual_Arm_PtoP/R_Franka_KISTAR_Hand/install/kistar_hand_ros2/include/kistar_hand_ros2/kistar_hand_ros2/msg/detail/franka_arm_state__rosidl_typesupport_introspection_c.h
[0.195s] -- Up-to-date: /home/prime/KISTAR_Hand_RTOS-master/Franka_Dual_Arm_PtoP/R_Franka_KISTAR_Hand/install/kistar_hand_ros2/include/kistar_hand_ros2/kistar_hand_ros2/msg/detail/hand_state__type_support.c
[0.195s] -- Up-to-date: /home/prime/KISTAR_Hand_RTOS-master/Franka_Dual_Arm_PtoP/R_Franka_KISTAR_Hand/install/kistar_hand_ros2/include/kistar_hand_ros2/kistar_hand_ros2/msg/detail/franka_arm_target__type_support.c
[0.195s] -- Up-to-date: /home/prime/KISTAR_Hand_RTOS-master/Franka_Dual_Arm_PtoP/R_Franka_KISTAR_Hand/install/kistar_hand_ros2/include/kistar_hand_ros2/kistar_hand_ros2/msg/detail/hand_target__type_support.c
[0.195s] -- Up-to-date: /home/prime/KISTAR_Hand_RTOS-master/Franka_Dual_Arm_PtoP/R_Franka_KISTAR_Hand/install/kistar_hand_ros2/include/kistar_hand_ros2/kistar_hand_ros2/msg/detail/franka_arm_target__rosidl_typesupport_introspection_c.h
[0.195s] -- Up-to-date: /home/prime/KISTAR_Hand_RTOS-master/Franka_Dual_Arm_PtoP/R_Franka_KISTAR_Hand/install/kistar_hand_ros2/include/kistar_hand_ros2/kistar_hand_ros2/msg/rosidl_typesupport_introspection_c__visibility_control.h
[0.195s] -- Up-to-date: /home/prime/KISTAR_Hand_RTOS-master/Franka_Dual_Arm_PtoP/R_Franka_KISTAR_Hand/install/kistar_hand_ros2/lib/libkistar_hand_ros2__rosidl_typesupport_introspection_c.so
[0.195s] -- Up-to-date: /home/prime/KISTAR_Hand_RTOS-master/Franka_Dual_Arm_PtoP/R_Franka_KISTAR_Hand/install/kistar_hand_ros2/lib/libkistar_hand_ros2__rosidl_typesupport_c.so
[0.195s] -- Up-to-date: /home/prime/KISTAR_Hand_RTOS-master/Franka_Dual_Arm_PtoP/R_Franka_KISTAR_Hand/install/kistar_hand_ros2/include/kistar_hand_ros2/kistar_hand_ros2
[0.195s] -- Up-to-date: /home/prime/KISTAR_Hand_RTOS-master/Franka_Dual_Arm_PtoP/R_Franka_KISTAR_Hand/install/kistar_hand_ros2/include/kistar_hand_ros2/kistar_hand_ros2/msg
[0.195s] -- Up-to-date: /home/prime/KISTAR_Hand_RTOS-master/Franka_Dual_Arm_PtoP/R_Franka_KISTAR_Hand/install/kistar_hand_ros2/include/kistar_hand_ros2/kistar_hand_ros2/msg/detail
[0.195s] -- Up-to-date: /home/prime/KISTAR_Hand_RTOS-master/Franka_Dual_Arm_PtoP/R_Franka_KISTAR_Hand/install/kistar_hand_ros2/include/kistar_hand_ros2/kistar_hand_ros2/msg/detail/hand_state__rosidl_typesupport_introspection_cpp.hpp
[0.195s] -- Up-to-date: /home/prime/KISTAR_Hand_RTOS-master/Franka_Dual_Arm_PtoP/R_Franka_KISTAR_Hand/install/kistar_hand_ros2/include/kistar_hand_ros2/kistar_hand_ros2/msg/detail/franka_arm_state__rosidl_typesupport_introspection_cpp.hpp
[0.195s] -- Up-to-date: /home/prime/KISTAR_Hand_RTOS-master/Franka_Dual_Arm_PtoP/R_Franka_KISTAR_Hand/install/kistar_hand_ros2/include/kistar_hand_ros2/kistar_hand_ros2/msg/detail/hand_target__type_support.cpp
[0.195s] -- Up-to-date: /home/prime/KISTAR_Hand_RTOS-master/Franka_Dual_Arm_PtoP/R_Franka_KISTAR_Hand/install/kistar_hand_ros2/include/kistar_hand_ros2/kistar_hand_ros2/msg/detail/franka_arm_target__rosidl_typesupport_introspection_cpp.hpp
[0.195s] -- Up-to-date: /home/prime/KISTAR_Hand_RTOS-master/Franka_Dual_Arm_PtoP/R_Franka_KISTAR_Hand/install/kistar_hand_ros2/include/kistar_hand_ros2/kistar_hand_ros2/msg/detail/hand_state__type_support.cpp
[0.195s] -- Up-to-date: /home/prime/KISTAR_Hand_RTOS-master/Franka_Dual_Arm_PtoP/R_Franka_KISTAR_Hand/install/kistar_hand_ros2/include/kistar_hand_ros2/kistar_hand_ros2/msg/detail/hand_target__rosidl_typesupport_introspection_cpp.hpp
[0.195s] -- Up-to-date: /home/prime/KISTAR_Hand_RTOS-master/Franka_Dual_Arm_PtoP/R_Franka_KISTAR_Hand/install/kistar_hand_ros2/include/kistar_hand_ros2/kistar_hand_ros2/msg/detail/franka_arm_target__type_support.cpp
[0.195s] -- Up-to-date: /home/prime/KISTAR_Hand_RTOS-master/Franka_Dual_Arm_PtoP/R_Franka_KISTAR_Hand/install/kistar_hand_ros2/include/kistar_hand_ros2/kistar_hand_ros2/msg/detail/franka_arm_state__type_support.cpp
[0.196s] -- Up-to-date: /home/prime/KISTAR_Hand_RTOS-master/Franka_Dual_Arm_PtoP/R_Franka_KISTAR_Hand/install/kistar_hand_ros2/lib/libkistar_hand_ros2__rosidl_typesupport_introspection_cpp.so
[0.196s] -- Up-to-date: /home/prime/KISTAR_Hand_RTOS-master/Franka_Dual_Arm_PtoP/R_Franka_KISTAR_Hand/install/kistar_hand_ros2/lib/libkistar_hand_ros2__rosidl_typesupport_cpp.so
[0.196s] -- Up-to-date: /home/prime/KISTAR_Hand_RTOS-master/Franka_Dual_Arm_PtoP/R_Franka_KISTAR_Hand/install/kistar_hand_ros2/share/kistar_hand_ros2/environment/pythonpath.sh
[0.196s] -- Up-to-date: /home/prime/KISTAR_Hand_RTOS-master/Franka_Dual_Arm_PtoP/R_Franka_KISTAR_Hand/install/kistar_hand_ros2/share/kistar_hand_ros2/environment/pythonpath.dsv
[0.196s] -- Up-to-date: /home/prime/KISTAR_Hand_RTOS-master/Franka_Dual_Arm_PtoP/R_Franka_KISTAR_Hand/install/kistar_hand_ros2/local/lib/python3.10/dist-packages/kistar_hand_ros2-0.1.0-py3.10.egg-info
[0.196s] -- Installing: /home/prime/KISTAR_Hand_RTOS-master/Franka_Dual_Arm_PtoP/R_Franka_KISTAR_Hand/install/kistar_hand_ros2/local/lib/python3.10/dist-packages/kistar_hand_ros2-0.1.0-py3.10.egg-info/top_level.txt
[0.196s] -- Installing: /home/prime/KISTAR_Hand_RTOS-master/Franka_Dual_Arm_PtoP/R_Franka_KISTAR_Hand/install/kistar_hand_ros2/local/lib/python3.10/dist-packages/kistar_hand_ros2-0.1.0-py3.10.egg-info/dependency_links.txt
[0.196s] -- Installing: /home/prime/KISTAR_Hand_RTOS-master/Franka_Dual_Arm_PtoP/R_Franka_KISTAR_Hand/install/kistar_hand_ros2/local/lib/python3.10/dist-packages/kistar_hand_ros2-0.1.0-py3.10.egg-info/PKG-INFO
[0.196s] -- Installing: /home/prime/KISTAR_Hand_RTOS-master/Franka_Dual_Arm_PtoP/R_Franka_KISTAR_Hand/install/kistar_hand_ros2/local/lib/python3.10/dist-packages/kistar_hand_ros2-0.1.0-py3.10.egg-info/SOURCES.txt
[0.196s] -- Up-to-date: /home/prime/KISTAR_Hand_RTOS-master/Franka_Dual_Arm_PtoP/R_Franka_KISTAR_Hand/install/kistar_hand_ros2/local/lib/python3.10/dist-packages/kistar_hand_ros2
[0.196s] -- Up-to-date: /home/prime/KISTAR_Hand_RTOS-master/Franka_Dual_Arm_PtoP/R_Franka_KISTAR_Hand/install/kistar_hand_ros2/local/lib/python3.10/dist-packages/kistar_hand_ros2/__init__.py
[0.196s] -- Up-to-date: /home/prime/KISTAR_Hand_RTOS-master/Franka_Dual_Arm_PtoP/R_Franka_KISTAR_Hand/install/kistar_hand_ros2/local/lib/python3.10/dist-packages/kistar_hand_ros2/_kistar_hand_ros2_s.ep.rosidl_typesupport_fastrtps_c.c
[0.196s] -- Up-to-date: /home/prime/KISTAR_Hand_RTOS-master/Franka_Dual_Arm_PtoP/R_Franka_KISTAR_Hand/install/kistar_hand_ros2/local/lib/python3.10/dist-packages/kistar_hand_ros2/_kistar_hand_ros2_s.ep.rosidl_typesupport_c.c
[0.196s] -- Up-to-date: /home/prime/KISTAR_Hand_RTOS-master/Franka_Dual_Arm_PtoP/R_Franka_KISTAR_Hand/install/kistar_hand_ros2/local/lib/python3.10/dist-packages/kistar_hand_ros2/kistar_hand_ros2_s__rosidl_typesupport_c.cpython-310-x86_64-linux-gnu.so
[0.196s] -- Up-to-date: /home/prime/KISTAR_Hand_RTOS-master/Franka_Dual_Arm_PtoP/R_Franka_KISTAR_Hand/install/kistar_hand_ros2/local/lib/python3.10/dist-packages/kistar_hand_ros2/libkistar_hand_ros2__rosidl_generator_py.so
[0.196s] -- Up-to-date: /home/prime/KISTAR_Hand_RTOS-master/Franka_Dual_Arm_PtoP/R_Franka_KISTAR_Hand/install/kistar_hand_ros2/local/lib/python3.10/dist-packages/kistar_hand_ros2/kistar_hand_ros2_s__rosidl_typesupport_introspection_c.cpython-310-x86_64-linux-gnu.so
[0.196s] -- Up-to-date: /home/prime/KISTAR_Hand_RTOS-master/Franka_Dual_Arm_PtoP/R_Franka_KISTAR_Hand/install/kistar_hand_ros2/local/lib/python3.10/dist-packages/kistar_hand_ros2/kistar_hand_ros2_s__rosidl_typesupport_fastrtps_c.cpython-310-x86_64-linux-gnu.so
[0.196s] -- Up-to-date: /home/prime/KISTAR_Hand_RTOS-master/Franka_Dual_Arm_PtoP/R_Franka_KISTAR_Hand/install/kistar_hand_ros2/local/lib/python3.10/dist-packages/kistar_hand_ros2/msg
[0.196s] -- Up-to-date: /home/prime/KISTAR_Hand_RTOS-master/Franka_Dual_Arm_PtoP/R_Franka_KISTAR_Hand/install/kistar_hand_ros2/local/lib/python3.10/dist-packages/kistar_hand_ros2/msg/_franka_arm_target_s.c
[0.196s] -- Up-to-date: /home/prime/KISTAR_Hand_RTOS-master/Franka_Dual_Arm_PtoP/R_Franka_KISTAR_Hand/install/kistar_hand_ros2/local/lib/python3.10/dist-packages/kistar_hand_ros2/msg/__init__.py
[0.196s] -- Up-to-date: /home/prime/KISTAR_Hand_RTOS-master/Franka_Dual_Arm_PtoP/R_Franka_KISTAR_Hand/install/kistar_hand_ros2/local/lib/python3.10/dist-packages/kistar_hand_ros2/msg/_hand_state_s.c
[0.196s] -- Up-to-date: /home/prime/KISTAR_Hand_RTOS-master/Franka_Dual_Arm_PtoP/R_Franka_KISTAR_Hand/install/kistar_hand_ros2/local/lib/python3.10/dist-packages/kistar_hand_ros2/msg/_franka_arm_state_s.c
[0.196s] -- Up-to-date: /home/prime/KISTAR_Hand_RTOS-master/Franka_Dual_Arm_PtoP/R_Franka_KISTAR_Hand/install/kistar_hand_ros2/local/lib/python3.10/dist-packages/kistar_hand_ros2/msg/_hand_target.py
[0.196s] -- Up-to-date: /home/prime/KISTAR_Hand_RTOS-master/Franka_Dual_Arm_PtoP/R_Franka_KISTAR_Hand/install/kistar_hand_ros2/local/lib/python3.10/dist-packages/kistar_hand_ros2/msg/_hand_target_s.c
[0.196s] -- Up-to-date: /home/prime/KISTAR_Hand_RTOS-master/Franka_Dual_Arm_PtoP/R_Franka_KISTAR_Hand/install/kistar_hand_ros2/local/lib/python3.10/dist-packages/kistar_hand_ros2/msg/_hand_state.py
[0.196s] -- Up-to-date: /home/prime/KISTAR_Hand_RTOS-master/Franka_Dual_Arm_PtoP/R_Franka_KISTAR_Hand/install/kistar_hand_ros2/local/lib/python3.10/dist-packages/kistar_hand_ros2/msg/_franka_arm_state.py
[0.196s] -- Up-to-date: /home/prime/KISTAR_Hand_RTOS-master/Franka_Dual_Arm_PtoP/R_Franka_KISTAR_Hand/install/kistar_hand_ros2/local/lib/python3.10/dist-packages/kistar_hand_ros2/msg/_franka_arm_target.py
[0.196s] -- Up-to-date: /home/prime/KISTAR_Hand_RTOS-master/Franka_Dual_Arm_PtoP/R_Franka_KISTAR_Hand/install/kistar_hand_ros2/local/lib/python3.10/dist-packages/kistar_hand_ros2/_kistar_hand_ros2_s.ep.rosidl_typesupport_introspection_c.c
[0.212s] Listing '/home/prime/KISTAR_Hand_RTOS-master/Franka_Dual_Arm_PtoP/R_Franka_KISTAR_Hand/install/kistar_hand_ros2/local/lib/python3.10/dist-packages/kistar_hand_ros2'...
[0.212s] Listing '/home/prime/KISTAR_Hand_RTOS-master/Franka_Dual_Arm_PtoP/R_Franka_KISTAR_Hand/install/kistar_hand_ros2/local/lib/python3.10/dist-packages/kistar_hand_ros2/msg'...
[0.215s] -- Up-to-date: /home/prime/KISTAR_Hand_RTOS-master/Franka_Dual_Arm_PtoP/R_Franka_KISTAR_Hand/install/kistar_hand_ros2/local/lib/python3.10/dist-packages/kistar_hand_ros2/kistar_hand_ros2_s__rosidl_typesupport_fastrtps_c.cpython-310-x86_64-linux-gnu.so
[0.215s] -- Up-to-date: /home/prime/KISTAR_Hand_RTOS-master/Franka_Dual_Arm_PtoP/R_Franka_KISTAR_Hand/install/kistar_hand_ros2/local/lib/python3.10/dist-packages/kistar_hand_ros2/kistar_hand_ros2_s__rosidl_typesupport_introspection_c.cpython-310-x86_64-linux-gnu.so
[0.215s] -- Up-to-date: /home/prime/KISTAR_Hand_RTOS-master/Franka_Dual_Arm_PtoP/R_Franka_KISTAR_Hand/install/kistar_hand_ros2/local/lib/python3.10/dist-packages/kistar_hand_ros2/kistar_hand_ros2_s__rosidl_typesupport_c.cpython-310-x86_64-linux-gnu.so
[0.215s] -- Up-to-date: /home/prime/KISTAR_Hand_RTOS-master/Franka_Dual_Arm_PtoP/R_Franka_KISTAR_Hand/install/kistar_hand_ros2/lib/libkistar_hand_ros2__rosidl_generator_py.so
[0.215s] -- Up-to-date: /home/prime/KISTAR_Hand_RTOS-master/Franka_Dual_Arm_PtoP/R_Franka_KISTAR_Hand/install/kistar_hand_ros2/share/kistar_hand_ros2/msg/FrankaArmState.idl
[0.216s] -- Up-to-date: /home/prime/KISTAR_Hand_RTOS-master/Franka_Dual_Arm_PtoP/R_Franka_KISTAR_Hand/install/kistar_hand_ros2/share/kistar_hand_ros2/msg/FrankaArmTarget.idl
[0.216s] -- Up-to-date: /home/prime/KISTAR_Hand_RTOS-master/Franka_Dual_Arm_PtoP/R_Franka_KISTAR_Hand/install/kistar_hand_ros2/share/kistar_hand_ros2/msg/HandState.idl
[0.216s] -- Up-to-date: /home/prime/KISTAR_Hand_RTOS-master/Franka_Dual_Arm_PtoP/R_Franka_KISTAR_Hand/install/kistar_hand_ros2/share/kistar_hand_ros2/msg/HandTarget.idl
[0.216s] -- Up-to-date: /home/prime/KISTAR_Hand_RTOS-master/Franka_Dual_Arm_PtoP/R_Franka_KISTAR_Hand/install/kistar_hand_ros2/share/kistar_hand_ros2/msg/FrankaArmState.msg
[0.216s] -- Up-to-date: /home/prime/KISTAR_Hand_RTOS-master/Franka_Dual_Arm_PtoP/R_Franka_KISTAR_Hand/install/kistar_hand_ros2/share/kistar_hand_ros2/msg/FrankaArmTarget.msg
[0.216s] -- Up-to-date: /home/prime/KISTAR_Hand_RTOS-master/Franka_Dual_Arm_PtoP/R_Franka_KISTAR_Hand/install/kistar_hand_ros2/share/kistar_hand_ros2/msg/HandState.msg
[0.216s] -- Up-to-date: /home/prime/KISTAR_Hand_RTOS-master/Franka_Dual_Arm_PtoP/R_Franka_KISTAR_Hand/install/kistar_hand_ros2/share/kistar_hand_ros2/msg/HandTarget.msg
[0.216s] -- Up-to-date: /home/prime/KISTAR_Hand_RTOS-master/Franka_Dual_Arm_PtoP/R_Franka_KISTAR_Hand/install/kistar_hand_ros2/lib/kistar_hand_ros2/shm_ros2_bridge
[0.216s] -- Up-to-date: /home/prime/KISTAR_Hand_RTOS-master/Franka_Dual_Arm_PtoP/R_Franka_KISTAR_Hand/install/kistar_hand_ros2/share/ament_index/resource_index/package_run_dependencies/kistar_hand_ros2
[0.216s] -- Up-to-date: /home/prime/KISTAR_Hand_RTOS-master/Franka_Dual_Arm_PtoP/R_Franka_KISTAR_Hand/install/kistar_hand_ros2/share/ament_index/resource_index/parent_prefix_path/kistar_hand_ros2
[0.216s] -- Up-to-date: /home/prime/KISTAR_Hand_RTOS-master/Franka_Dual_Arm_PtoP/R_Franka_KISTAR_Hand/install/kistar_hand_ros2/share/kistar_hand_ros2/environment/ament_prefix_path.sh
[0.216s] -- Up-to-date: /home/prime/KISTAR_Hand_RTOS-master/Franka_Dual_Arm_PtoP/R_Franka_KISTAR_Hand/install/kistar_hand_ros2/share/kistar_hand_ros2/environment/ament_prefix_path.dsv
[0.216s] -- Up-to-date: /home/prime/KISTAR_Hand_RTOS-master/Franka_Dual_Arm_PtoP/R_Franka_KISTAR_Hand/install/kistar_hand_ros2/share/kistar_hand_ros2/environment/path.sh
[0.216s] -- Up-to-date: /home/prime/KISTAR_Hand_RTOS-master/Franka_Dual_Arm_PtoP/R_Franka_KISTAR_Hand/install/kistar_hand_ros2/share/kistar_hand_ros2/environment/path.dsv
[0.216s] -- Up-to-date: /home/prime/KISTAR_Hand_RTOS-master/Franka_Dual_Arm_PtoP/R_Franka_KISTAR_Hand/install/kistar_hand_ros2/share/kistar_hand_ros2/local_setup.bash
[0.216s] -- Up-to-date: /home/prime/KISTAR_Hand_RTOS-master/Franka_Dual_Arm_PtoP/R_Franka_KISTAR_Hand/install/kistar_hand_ros2/share/kistar_hand_ros2/local_setup.sh
[0.216s] -- Up-to-date: /home/prime/KISTAR_Hand_RTOS-master/Franka_Dual_Arm_PtoP/R_Franka_KISTAR_Hand/install/kistar_hand_ros2/share/kistar_hand_ros2/local_setup.zsh
[0.217s] -- Up-to-date: /home/prime/KISTAR_Hand_RTOS-master/Franka_Dual_Arm_PtoP/R_Franka_KISTAR_Hand/install/kistar_hand_ros2/share/kistar_hand_ros2/local_setup.dsv
[0.217s] -- Installing: /home/prime/KISTAR_Hand_RTOS-master/Franka_Dual_Arm_PtoP/R_Franka_KISTAR_Hand/install/kistar_hand_ros2/share/kistar_hand_ros2/package.dsv
[0.217s] -- Up-to-date: /home/prime/KISTAR_Hand_RTOS-master/Franka_Dual_Arm_PtoP/R_Franka_KISTAR_Hand/install/kistar_hand_ros2/share/ament_index/resource_index/packages/kistar_hand_ros2
[0.217s] -- Up-to-date: /home/prime/KISTAR_Hand_RTOS-master/Franka_Dual_Arm_PtoP/R_Franka_KISTAR_Hand/install/kistar_hand_ros2/share/kistar_hand_ros2/cmake/export_kistar_hand_ros2__rosidl_generator_cExport.cmake
[0.217s] -- Up-to-date: /home/prime/KISTAR_Hand_RTOS-master/Franka_Dual_Arm_PtoP/R_Franka_KISTAR_Hand/install/kistar_hand_ros2/share/kistar_hand_ros2/cmake/export_kistar_hand_ros2__rosidl_generator_cExport-noconfig.cmake
[0.217s] -- Up-to-date: /home/prime/KISTAR_Hand_RTOS-master/Franka_Dual_Arm_PtoP/R_Franka_KISTAR_Hand/install/kistar_hand_ros2/share/kistar_hand_ros2/cmake/export_kistar_hand_ros2__rosidl_typesupport_fastrtps_cExport.cmake
[0.217s] -- Up-to-date: /home/prime/KISTAR_Hand_RTOS-master/Franka_Dual_Arm_PtoP/R_Franka_KISTAR_Hand/install/kistar_hand_ros2/share/kistar_hand_ros2/cmake/export_kistar_hand_ros2__rosidl_typesupport_fastrtps_cExport-noconfig.cmake
[0.217s] -- Up-to-date: /home/prime/KISTAR_Hand_RTOS-master/Franka_Dual_Arm_PtoP/R_Franka_KISTAR_Hand/install/kistar_hand_ros2/share/kistar_hand_ros2/cmake/export_kistar_hand_ros2__rosidl_generator_cppExport.cmake
[0.217s] -- Up-to-date: /home/prime/KISTAR_Hand_RTOS-master/Franka_Dual_Arm_PtoP/R_Franka_KISTAR_Hand/install/kistar_hand_ros2/share/kistar_hand_ros2/cmake/export_kistar_hand_ros2__rosidl_typesupport_fastrtps_cppExport.cmake
[0.217s] -- Up-to-date: /home/prime/KISTAR_Hand_RTOS-master/Franka_Dual_Arm_PtoP/R_Franka_KISTAR_Hand/install/kistar_hand_ros2/share/kistar_hand_ros2/cmake/export_kistar_hand_ros2__rosidl_typesupport_fastrtps_cppExport-noconfig.cmake
[0.217s] -- Up-to-date: /home/prime/KISTAR_Hand_RTOS-master/Franka_Dual_Arm_PtoP/R_Franka_KISTAR_Hand/install/kistar_hand_ros2/share/kistar_hand_ros2/cmake/kistar_hand_ros2__rosidl_typesupport_introspection_cExport.cmake
[0.217s] -- Up-to-date: /home/prime/KISTAR_Hand_RTOS-master/Franka_Dual_Arm_PtoP/R_Franka_KISTAR_Hand/install/kistar_hand_ros2/share/kistar_hand_ros2/cmake/kistar_hand_ros2__rosidl_typesupport_introspection_cExport-noconfig.cmake
[0.217s] -- Up-to-date: /home/prime/KISTAR_Hand_RTOS-master/Franka_Dual_Arm_PtoP/R_Franka_KISTAR_Hand/install/kistar_hand_ros2/share/kistar_hand_ros2/cmake/kistar_hand_ros2__rosidl_typesupport_cExport.cmake
[0.217s] -- Up-to-date: /home/prime/KISTAR_Hand_RTOS-master/Franka_Dual_Arm_PtoP/R_Franka_KISTAR_Hand/install/kistar_hand_ros2/share/kistar_hand_ros2/cmake/kistar_hand_ros2__rosidl_typesupport_cExport-noconfig.cmake
[0.217s] -- Up-to-date: /home/prime/KISTAR_Hand_RTOS-master/Franka_Dual_Arm_PtoP/R_Franka_KISTAR_Hand/install/kistar_hand_ros2/share/kistar_hand_ros2/cmake/kistar_hand_ros2__rosidl_typesupport_introspection_cppExport.cmake
[0.217s] -- Up-to-date: /home/prime/KISTAR_Hand_RTOS-master/Franka_Dual_Arm_PtoP/R_Franka_KISTAR_Hand/install/kistar_hand_ros2/share/kistar_hand_ros2/cmake/kistar_hand_ros2__rosidl_typesupport_introspection_cppExport-noconfig.cmake
[0.217s] -- Up-to-date: /home/prime/KISTAR_Hand_RTOS-master/Franka_Dual_Arm_PtoP/R_Franka_KISTAR_Hand/install/kistar_hand_ros2/share/kistar_hand_ros2/cmake/kistar_hand_ros2__rosidl_typesupport_cppExport.cmake
[0.217s] -- Up-to-date: /home/prime/KISTAR_Hand_RTOS-master/Franka_Dual_Arm_PtoP/R_Franka_KISTAR_Hand/install/kistar_hand_ros2/share/kistar_hand_ros2/cmake/kistar_hand_ros2__rosidl_typesupport_cppExport-noconfig.cmake
[0.217s] -- Up-to-date: /home/prime/KISTAR_Hand_RTOS-master/Franka_Dual_Arm_PtoP/R_Franka_KISTAR_Hand/install/kistar_hand_ros2/share/kistar_hand_ros2/cmake/export_kistar_hand_ros2__rosidl_generator_pyExport.cmake
[0.218s] -- Up-to-date: /home/prime/KISTAR_Hand_RTOS-master/Franka_Dual_Arm_PtoP/R_Franka_KISTAR_Hand/install/kistar_hand_ros2/share/kistar_hand_ros2/cmake/export_kistar_hand_ros2__rosidl_generator_pyExport-noconfig.cmake
[0.218s] -- Up-to-date: /home/prime/KISTAR_Hand_RTOS-master/Franka_Dual_Arm_PtoP/R_Franka_KISTAR_Hand/install/kistar_hand_ros2/share/kistar_hand_ros2/cmake/rosidl_cmake-extras.cmake
[0.218s] -- Up-to-date: /home/prime/KISTAR_Hand_RTOS-master/Franka_Dual_Arm_PtoP/R_Franka_KISTAR_Hand/install/kistar_hand_ros2/share/kistar_hand_ros2/cmake/ament_cmake_export_dependencies-extras.cmake
[0.218s] -- Up-to-date: /home/prime/KISTAR_Hand_RTOS-master/Franka_Dual_Arm_PtoP/R_Franka_KISTAR_Hand/install/kistar_hand_ros2/share/kistar_hand_ros2/cmake/ament_cmake_export_include_directories-extras.cmake
[0.218s] -- Up-to-date: /home/prime/KISTAR_Hand_RTOS-master/Franka_Dual_Arm_PtoP/R_Franka_KISTAR_Hand/install/kistar_hand_ros2/share/kistar_hand_ros2/cmake/ament_cmake_export_libraries-extras.cmake
[0.218s] -- Up-to-date: /home/prime/KISTAR_Hand_RTOS-master/Franka_Dual_Arm_PtoP/R_Franka_KISTAR_Hand/install/kistar_hand_ros2/share/kistar_hand_ros2/cmake/ament_cmake_export_targets-extras.cmake
[0.218s] -- Up-to-date: /home/prime/KISTAR_Hand_RTOS-master/Franka_Dual_Arm_PtoP/R_Franka_KISTAR_Hand/install/kistar_hand_ros2/share/kistar_hand_ros2/cmake/rosidl_cmake_export_typesupport_targets-extras.cmake
[0.218s] -- Up-to-date: /home/prime/KISTAR_Hand_RTOS-master/Franka_Dual_Arm_PtoP/R_Franka_KISTAR_Hand/install/kistar_hand_ros2/share/kistar_hand_ros2/cmake/rosidl_cmake_export_typesupport_libraries-extras.cmake
[0.218s] -- Up-to-date: /home/prime/KISTAR_Hand_RTOS-master/Franka_Dual_Arm_PtoP/R_Franka_KISTAR_Hand/install/kistar_hand_ros2/share/kistar_hand_ros2/cmake/kistar_hand_ros2Config.cmake
[0.218s] -- Up-to-date: /home/prime/KISTAR_Hand_RTOS-master/Franka_Dual_Arm_PtoP/R_Franka_KISTAR_Hand/install/kistar_hand_ros2/share/kistar_hand_ros2/cmake/kistar_hand_ros2Config-version.cmake
[0.218s] -- Up-to-date: /home/prime/KISTAR_Hand_RTOS-master/Franka_Dual_Arm_PtoP/R_Franka_KISTAR_Hand/install/kistar_hand_ros2/share/kistar_hand_ros2/package.xml
[0.218s] -- Up-to-date: /home/prime/KISTAR_Hand_RTOS-master/Franka_Dual_Arm_PtoP/R_Franka_KISTAR_Hand/install/kistar_hand_ros2/bin/R_Franka_KISTAR_Hand
[0.219s] Invoked command in '/home/prime/KISTAR_Hand_RTOS-master/Franka_Dual_Arm_PtoP/R_Franka_KISTAR_Hand/build/kistar_hand_ros2' returned '0': /usr/bin/cmake --install /home/prime/KISTAR_Hand_RTOS-master/Franka_Dual_Arm_PtoP/R_Franka_KISTAR_Hand/build/kistar_hand_ros2
