CMake Warning at /opt/openrobots/lib/cmake/hpp-fcl/hpp-fclConfig.cmake:3 (message):
  Please update your CMake from 'hpp-fcl' to 'coal'
Call Stack (most recent call first):
  /usr/share/cmake-3.22/Modules/CMakeFindDependencyMacro.cmake:47 (find_package)
  /opt/openrobots/lib/cmake/pinocchio/pinocchioConfig.cmake:161 (find_dependency)
  CMakeLists.txt:50 (find_package)


In file included from /home/prime/KISTAR_Hand_RTOS-master/Franka_Dual_Arm_PtoP/R_Franka_KISTAR_Hand/libfranka/src/gripper.cpp:10:
/home/prime/KISTAR_Hand_RTOS-master/Franka_Dual_Arm_PtoP/R_Franka_KISTAR_Hand/libfranka/src/network.h: In member function ‘T franka::Network::udpBlockingReceiveUnsafe() [with T = research_interface::gripper::GripperState]’:
/home/prime/KISTAR_Hand_RTOS-master/Franka_Dual_Arm_PtoP/R_Franka_KISTAR_Hand/libfranka/src/network.h:128:74: warning: ‘buffer’ may be used uninitialized [-Wmaybe-uninitialized]
  128 |       udp_socket_.receiveFrom(buffer.data(), static_cast<int>(buffer.size()), udp_server_address_);
      |                                                               ~~~~~~~~~~~^~
In file included from /usr/include/c++/11/tuple:39,
                 from /usr/include/c++/11/bits/unique_ptr.h:37,
                 from /usr/include/c++/11/memory:76,
                 from /home/prime/KISTAR_Hand_RTOS-master/Franka_Dual_Arm_PtoP/R_Franka_KISTAR_Hand/libfranka/include/franka/gripper.h:6,
                 from /home/prime/KISTAR_Hand_RTOS-master/Franka_Dual_Arm_PtoP/R_Franka_KISTAR_Hand/libfranka/src/gripper.cpp:3:
/usr/include/c++/11/array:176:7: note: by argument 1 of type ‘const std::array<unsigned char, 23>*’ to ‘constexpr std::array<_Tp, _Nm>::size_type std::array<_Tp, _Nm>::size() const [with _Tp = unsigned char; long unsigned int _Nm = 23]’ declared here
  176 |       size() const noexcept { return _Nm; }
      |       ^~~~
In file included from /home/prime/KISTAR_Hand_RTOS-master/Franka_Dual_Arm_PtoP/R_Franka_KISTAR_Hand/libfranka/src/gripper.cpp:10:
/home/prime/KISTAR_Hand_RTOS-master/Franka_Dual_Arm_PtoP/R_Franka_KISTAR_Hand/libfranka/src/network.h:125:34: note: ‘buffer’ declared here
  125 |   std::array<uint8_t, sizeof(T)> buffer;
      |                                  ^~~~~~
In file included from /home/prime/KISTAR_Hand_RTOS-master/Franka_Dual_Arm_PtoP/R_Franka_KISTAR_Hand/libfranka/src/vacuum_gripper.cpp:10:
/home/prime/KISTAR_Hand_RTOS-master/Franka_Dual_Arm_PtoP/R_Franka_KISTAR_Hand/libfranka/src/network.h: In member function ‘T franka::Network::udpBlockingReceiveUnsafe() [with T = research_interface::vacuum_gripper::VacuumGripperState]’:
/home/prime/KISTAR_Hand_RTOS-master/Franka_Dual_Arm_PtoP/R_Franka_KISTAR_Hand/libfranka/src/network.h:128:74: warning: ‘buffer’ may be used uninitialized [-Wmaybe-uninitialized]
  128 |       udp_socket_.receiveFrom(buffer.data(), static_cast<int>(buffer.size()), udp_server_address_);
      |                                                               ~~~~~~~~~~~^~
In file included from /usr/include/c++/11/tuple:39,
                 from /usr/include/c++/11/bits/unique_ptr.h:37,
                 from /usr/include/c++/11/memory:76,
                 from /home/prime/KISTAR_Hand_RTOS-master/Franka_Dual_Arm_PtoP/R_Franka_KISTAR_Hand/libfranka/include/franka/vacuum_gripper.h:7,
                 from /home/prime/KISTAR_Hand_RTOS-master/Franka_Dual_Arm_PtoP/R_Franka_KISTAR_Hand/libfranka/src/vacuum_gripper.cpp:3:
/usr/include/c++/11/array:176:7: note: by argument 1 of type ‘const std::array<unsigned char, 16>*’ to ‘constexpr std::array<_Tp, _Nm>::size_type std::array<_Tp, _Nm>::size() const [with _Tp = unsigned char; long unsigned int _Nm = 16]’ declared here
  176 |       size() const noexcept { return _Nm; }
      |       ^~~~
In file included from /home/prime/KISTAR_Hand_RTOS-master/Franka_Dual_Arm_PtoP/R_Franka_KISTAR_Hand/libfranka/src/vacuum_gripper.cpp:10:
/home/prime/KISTAR_Hand_RTOS-master/Franka_Dual_Arm_PtoP/R_Franka_KISTAR_Hand/libfranka/src/network.h:125:34: note: ‘buffer’ declared here
  125 |   std::array<uint8_t, sizeof(T)> buffer;
      |                                  ^~~~~~
In file included from /home/prime/KISTAR_Hand_RTOS-master/Franka_Dual_Arm_PtoP/R_Franka_KISTAR_Hand/libfranka/src/robot_impl.h:19,
                 from /home/prime/KISTAR_Hand_RTOS-master/Franka_Dual_Arm_PtoP/R_Franka_KISTAR_Hand/libfranka/src/robot_impl.cpp:3:
/home/prime/KISTAR_Hand_RTOS-master/Franka_Dual_Arm_PtoP/R_Franka_KISTAR_Hand/libfranka/src/network.h: In member function ‘T franka::Network::udpBlockingReceiveUnsafe() [with T = research_interface::robot::RobotState]’:
/home/prime/KISTAR_Hand_RTOS-master/Franka_Dual_Arm_PtoP/R_Franka_KISTAR_Hand/libfranka/src/network.h:128:74: warning: ‘buffer’ may be used uninitialized [-Wmaybe-uninitialized]
  128 |       udp_socket_.receiveFrom(buffer.data(), static_cast<int>(buffer.size()), udp_server_address_);
      |                                                               ~~~~~~~~~~~^~
In file included from /usr/include/c++/11/tuple:39,
                 from /usr/include/c++/11/bits/unique_ptr.h:37,
                 from /usr/include/c++/11/memory:76,
                 from /home/prime/KISTAR_Hand_RTOS-master/Franka_Dual_Arm_PtoP/R_Franka_KISTAR_Hand/libfranka/src/robot_impl.h:6,
                 from /home/prime/KISTAR_Hand_RTOS-master/Franka_Dual_Arm_PtoP/R_Franka_KISTAR_Hand/libfranka/src/robot_impl.cpp:3:
/usr/include/c++/11/array:176:7: note: by argument 1 of type ‘const std::array<unsigned char, 2373>*’ to ‘constexpr std::array<_Tp, _Nm>::size_type std::array<_Tp, _Nm>::size() const [with _Tp = unsigned char; long unsigned int _Nm = 2373]’ declared here
  176 |       size() const noexcept { return _Nm; }
      |       ^~~~
In file included from /home/prime/KISTAR_Hand_RTOS-master/Franka_Dual_Arm_PtoP/R_Franka_KISTAR_Hand/libfranka/src/robot_impl.h:19,
                 from /home/prime/KISTAR_Hand_RTOS-master/Franka_Dual_Arm_PtoP/R_Franka_KISTAR_Hand/libfranka/src/robot_impl.cpp:3:
/home/prime/KISTAR_Hand_RTOS-master/Franka_Dual_Arm_PtoP/R_Franka_KISTAR_Hand/libfranka/src/network.h:125:34: note: ‘buffer’ declared here
  125 |   std::array<uint8_t, sizeof(T)> buffer;
      |                                  ^~~~~~
In file included from /opt/openrobots/include/hpp/fcl/config.hh:1,
                 from /opt/openrobots/include/pinocchio/serialization/eigen.hpp:20,
                 from /opt/openrobots/include/pinocchio/serialization/fwd.hpp:11,
                 from /opt/openrobots/include/pinocchio/multibody/joint/joint-composite.hpp:14,
                 from /opt/openrobots/include/pinocchio/multibody/joint/joint-generic.hpp:9,
                 from /opt/openrobots/include/pinocchio/multibody/model.hpp:17,
                 from /opt/openrobots/include/pinocchio/algorithm/centroidal.hpp:8,
                 from /home/prime/KISTAR_Hand_RTOS-master/Franka_Dual_Arm_PtoP/R_Franka_KISTAR_Hand/libfranka/include/franka/robot_model.h:5,
                 from /home/prime/KISTAR_Hand_RTOS-master/Franka_Dual_Arm_PtoP/R_Franka_KISTAR_Hand/libfranka/src/model.cpp:4:
/opt/openrobots/include/hpp/fcl/coal.hpp:10:71: note: ‘#pragma message: Please update your includes from 'hpp/fcl' to 'coal'’
   10 | #pragma message("Please update your includes from 'hpp/fcl' to 'coal'")
      |                                                                       ^
In file included from /opt/openrobots/include/hpp/fcl/config.hh:1,
                 from /opt/openrobots/include/pinocchio/serialization/eigen.hpp:20,
                 from /opt/openrobots/include/pinocchio/serialization/fwd.hpp:11,
                 from /opt/openrobots/include/pinocchio/multibody/joint/joint-composite.hpp:14,
                 from /opt/openrobots/include/pinocchio/multibody/joint/joint-generic.hpp:9,
                 from /opt/openrobots/include/pinocchio/multibody/model.hpp:17,
                 from /opt/openrobots/include/pinocchio/algorithm/centroidal.hpp:8,
                 from /home/prime/KISTAR_Hand_RTOS-master/Franka_Dual_Arm_PtoP/R_Franka_KISTAR_Hand/libfranka/include/franka/robot_model.h:5,
                 from /home/prime/KISTAR_Hand_RTOS-master/Franka_Dual_Arm_PtoP/R_Franka_KISTAR_Hand/libfranka/src/robot_model.cpp:3:
/opt/openrobots/include/hpp/fcl/coal.hpp:10:71: note: ‘#pragma message: Please update your includes from 'hpp/fcl' to 'coal'’
   10 | #pragma message("Please update your includes from 'hpp/fcl' to 'coal'")
      |                                                                       ^
In file included from /home/prime/KISTAR_Hand_RTOS-master/Franka_Dual_Arm_PtoP/R_Franka_KISTAR_Hand/test/R_Franka_KISTAR_Hand.cpp:15:
/home/prime/KISTAR_Hand_RTOS-master/Franka_Dual_Arm_PtoP/R_Franka_KISTAR_Hand/include/kistar_hand/Hand_Arm_Setting.h: In function ‘void* udp_server_thread(void*)’:
/home/prime/KISTAR_Hand_RTOS-master/Franka_Dual_Arm_PtoP/R_Franka_KISTAR_Hand/include/kistar_hand/Hand_Arm_Setting.h:164:31: warning: unused parameter ‘ptr’ [-Wunused-parameter]
  164 | void *udp_server_thread(void *ptr)
      |                         ~~~~~~^~~
/home/prime/KISTAR_Hand_RTOS-master/Franka_Dual_Arm_PtoP/R_Franka_KISTAR_Hand/include/kistar_hand/Hand_Arm_Setting.h: In function ‘void* franka_control_thread_R(void*)’:
/home/prime/KISTAR_Hand_RTOS-master/Franka_Dual_Arm_PtoP/R_Franka_KISTAR_Hand/include/kistar_hand/Hand_Arm_Setting.h:234:28: warning: variable ‘initial_state’ set but not used [-Wunused-but-set-variable]
  234 |         franka::RobotState initial_state = robot.readOnce();
      |                            ^~~~~~~~~~~~~
/home/prime/KISTAR_Hand_RTOS-master/Franka_Dual_Arm_PtoP/R_Franka_KISTAR_Hand/include/kistar_hand/Hand_Arm_Setting.h:222:37: warning: unused parameter ‘ptr’ [-Wunused-parameter]
  222 | void *franka_control_thread_R(void *ptr)
      |                               ~~~~~~^~~
/home/prime/KISTAR_Hand_RTOS-master/Franka_Dual_Arm_PtoP/R_Franka_KISTAR_Hand/include/kistar_hand/Hand_Arm_Setting.h: In function ‘void* data_print_thread(void*)’:
/home/prime/KISTAR_Hand_RTOS-master/Franka_Dual_Arm_PtoP/R_Franka_KISTAR_Hand/include/kistar_hand/Hand_Arm_Setting.h:288:31: warning: unused parameter ‘ptr’ [-Wunused-parameter]
  288 | void *data_print_thread(void *ptr)
      |                         ~~~~~~^~~
/home/prime/KISTAR_Hand_RTOS-master/Franka_Dual_Arm_PtoP/R_Franka_KISTAR_Hand/include/kistar_hand/Hand_Arm_Setting.h: In function ‘void* ecatthread(void*)’:
/home/prime/KISTAR_Hand_RTOS-master/Franka_Dual_Arm_PtoP/R_Franka_KISTAR_Hand/include/kistar_hand/Hand_Arm_Setting.h:309:19: warning: variable ‘hand_movement_duration’ set but not used [-Wunused-but-set-variable]
  309 |     static double hand_movement_duration[Hand_Num];
      |                   ^~~~~~~~~~~~~~~~~~~~~~
In file included from /home/prime/KISTAR_Hand_RTOS-master/Franka_Dual_Arm_PtoP/R_Franka_KISTAR_Hand/test/R_Franka_KISTAR_Hand.cpp:15:
/home/prime/KISTAR_Hand_RTOS-master/Franka_Dual_Arm_PtoP/R_Franka_KISTAR_Hand/include/kistar_hand/Hand_Arm_Setting.h: In function ‘void* ecatcheck(void*)’:
/home/prime/KISTAR_Hand_RTOS-master/Franka_Dual_Arm_PtoP/R_Franka_KISTAR_Hand/include/kistar_hand/Hand_Arm_Setting.h:434:23: warning: unused parameter ‘ptr’ [-Wunused-parameter]
  434 | void *ecatcheck(void *ptr)
      |                 ~~~~~~^~~
/home/prime/KISTAR_Hand_RTOS-master/Franka_Dual_Arm_PtoP/R_Franka_KISTAR_Hand/test/R_Franka_KISTAR_Hand.cpp: In function ‘int main(int, char**)’:
/home/prime/KISTAR_Hand_RTOS-master/Franka_Dual_Arm_PtoP/R_Franka_KISTAR_Hand/test/R_Franka_KISTAR_Hand.cpp:24:14: warning: unused parameter ‘argc’ [-Wunused-parameter]
   24 | int main(int argc, char *argv[])
      |          ~~~~^~~~
/home/prime/KISTAR_Hand_RTOS-master/Franka_Dual_Arm_PtoP/R_Franka_KISTAR_Hand/test/R_Franka_KISTAR_Hand.cpp:24:26: warning: unused parameter ‘argv’ [-Wunused-parameter]
   24 | int main(int argc, char *argv[])
      |                    ~~~~~~^~~~~~
