-- Found Python3: /usr/bin/python3 (found version "3.10.12") found components: Interpreter 
-- The C compiler identification is GNU 11.4.0
-- The CXX compiler identification is GNU 11.4.0
-- Detecting C compiler ABI info
-- Detecting C compiler ABI info - done
-- Check for working C compiler: /usr/bin/cc - skipped
-- Detecting C compile features
-- Detecting C compile features - done
-- Detecting CXX compiler ABI info
-- Detecting CXX compiler ABI info - done
-- Check for working CXX compiler: /usr/bin/c++ - skipped
-- Detecting CXX compile features
-- Detecting CXX compile features - done
-- ROS2 detected - Building ROS2 bridge
-- SOEM: Build Shared Memory Test for Hand-arm system
-- Found ZLIB: /usr/lib/x86_64-linux-gnu/libz.so (found version "1.2.11") 
-- Found PCRE: /usr/lib/x86_64-linux-gnu/libpcre.so  
-- pinocchio_default FOUND. pinocchio_default at /opt/openrobots/lib/libpinocchio_default.so
-- pinocchio_parsers FOUND. pinocchio_parsers at /opt/openrobots/lib/libpinocchio_parsers.so
-- pinocchio_casadi FOUND. pinocchio_casadi at /opt/openrobots/lib/libpinocchio_casadi.so
-- boost_filesystem FOUND. boost_filesystem at /usr/lib/x86_64-linux-gnu/libboost_filesystem.so
-- boost_serialization FOUND. boost_serialization at /usr/lib/x86_64-linux-gnu/libboost_serialization.so
-- boost_system FOUND. boost_system at /usr/lib/x86_64-linux-gnu/libboost_system.so
-- Found Boost: /usr/include (found version "1.74.0") found components: filesystem serialization system 
-- coal FOUND. coal at /opt/openrobots/lib/libcoal.so
-- Looking for pthread.h
-- Looking for pthread.h - found
-- Performing Test CMAKE_HAVE_LIBC_PTHREAD
-- Performing Test CMAKE_HAVE_LIBC_PTHREAD - Success
-- Found Threads: TRUE  
-- Found Boost: /usr/include (found version "1.74.0") found components: chrono thread date_time serialization filesystem atomic 
-- Default C++ standard: 201703
-- Minimal C++ standard upgraded to 11
-- C++ standard sufficient: Minimal required 11, currently defined: 17
-- C++ standard sufficient: Minimal required 11, currently defined: 17
-- Found rclcpp: 16.0.16 (/opt/ros/humble/share/rclcpp/cmake)
-- Found rosidl_generator_c: 3.1.7 (/opt/ros/humble/share/rosidl_generator_c/cmake)
-- Found rosidl_adapter: 3.1.7 (/opt/ros/humble/share/rosidl_adapter/cmake)
-- Found rosidl_generator_cpp: 3.1.7 (/opt/ros/humble/share/rosidl_generator_cpp/cmake)
-- Using all available rosidl_typesupport_c: rosidl_typesupport_fastrtps_c;rosidl_typesupport_introspection_c
-- Using all available rosidl_typesupport_cpp: rosidl_typesupport_fastrtps_cpp;rosidl_typesupport_introspection_cpp
-- Found rmw_implementation_cmake: 6.1.2 (/opt/ros/humble/share/rmw_implementation_cmake/cmake)
-- Found rmw_fastrtps_cpp: 6.2.9 (/opt/ros/humble/share/rmw_fastrtps_cpp/cmake)
-- Found OpenSSL: /usr/lib/x86_64-linux-gnu/libcrypto.so (found version "3.0.2")  
-- Found FastRTPS: /opt/ros/humble/include  
-- Using RMW implementation 'rmw_fastrtps_cpp' as default
-- Found rosidl_default_generators: 1.2.0 (/opt/ros/humble/share/rosidl_default_generators/cmake)
-- Found ament_cmake_ros: 0.10.0 (/opt/ros/humble/share/ament_cmake_ros/cmake)
-- Using all available rosidl_typesupport_c: rosidl_typesupport_fastrtps_c;rosidl_typesupport_introspection_c
-- Using all available rosidl_typesupport_cpp: rosidl_typesupport_fastrtps_cpp;rosidl_typesupport_introspection_cpp
-- Found PythonInterp: /usr/bin/python3 (found suitable version "3.10.12", minimum required is "3.6") 
-- Found python_cmake_module: 0.10.0 (/opt/ros/humble/share/python_cmake_module/cmake)
-- Found PythonLibs: /usr/lib/x86_64-linux-gnu/libpython3.10.so (found suitable version "3.10.12", minimum required is "3.5") 
-- Using PYTHON_EXECUTABLE: /usr/bin/python3
-- Using PYTHON_INCLUDE_DIRS: /usr/include/python3.10
-- Using PYTHON_LIBRARIES: /usr/lib/x86_64-linux-gnu/libpython3.10.so
-- Found PythonExtra: .so  
-- Configuring done
-- Generating done
-- Build files have been written to: /home/prime/KISTAR_Hand_RTOS-master/Franka_Dual_Arm_PtoP/R_Franka_KISTAR_Hand/build/kistar_hand_ros2
[  1%] Generating C code for ROS interfaces
[  2%] Building CXX object CMakeFiles/franka.dir/libfranka/src/active_torque_control.cpp.o
[  3%] Generating C++ code for ROS interfaces
[  4%] Building CXX object CMakeFiles/franka.dir/libfranka/src/active_control.cpp.o
[  5%] Building C object CMakeFiles/soem.dir/soem/ethercatbase.c.o
[  6%] Building CXX object CMakeFiles/franka.dir/libfranka/src/active_motion_generator.cpp.o
[  6%] Built target ament_cmake_python_copy_kistar_hand_ros2
[  7%] Building CXX object CMakeFiles/franka.dir/libfranka/src/control_loop.cpp.o
[  8%] Building C object CMakeFiles/soem.dir/soem/ethercatcoe.c.o
[  9%] Building CXX object CMakeFiles/franka.dir/libfranka/src/control_tools.cpp.o
[ 10%] Building C object CMakeFiles/soem.dir/soem/ethercatconfig.c.o
[ 11%] Building C object CMakeFiles/soem.dir/soem/ethercatdc.c.o
[ 12%] Building C object CMakeFiles/soem.dir/soem/ethercateoe.c.o
[ 13%] Building C object CMakeFiles/soem.dir/soem/ethercatfoe.c.o
[ 14%] Building C object CMakeFiles/soem.dir/soem/ethercatmain.c.o
[ 15%] Building C object CMakeFiles/soem.dir/soem/ethercatprint.c.o
[ 16%] Building C object CMakeFiles/soem.dir/soem/ethercatsoe.c.o
[ 17%] Building C object CMakeFiles/soem.dir/osal/linux/osal.c.o
[ 18%] Building CXX object CMakeFiles/franka.dir/libfranka/src/control_types.cpp.o
[ 19%] Building C object CMakeFiles/soem.dir/oshw/linux/nicdrv.c.o
[ 20%] Building C object CMakeFiles/kistar_hand_ros2__rosidl_generator_c.dir/rosidl_generator_c/kistar_hand_ros2/msg/detail/franka_arm_state__functions.c.o
[ 21%] Building C object CMakeFiles/soem.dir/oshw/linux/oshw.c.o
[ 21%] Built target kistar_hand_ros2__cpp
[ 22%] Linking C static library libsoem.a
[ 23%] Building C object CMakeFiles/kistar_hand_ros2__rosidl_generator_c.dir/rosidl_generator_c/kistar_hand_ros2/msg/detail/franka_arm_target__functions.c.o
[ 24%] Building C object CMakeFiles/kistar_hand_ros2__rosidl_generator_c.dir/rosidl_generator_c/kistar_hand_ros2/msg/detail/hand_state__functions.c.o
[ 24%] Built target soem
[ 25%] Building C object CMakeFiles/kistar_hand_ros2__rosidl_generator_c.dir/rosidl_generator_c/kistar_hand_ros2/msg/detail/hand_target__functions.c.o
[ 26%] Generating C++ type support dispatch for ROS interfaces
[ 27%] Generating C++ type support for eProsima Fast-RTPS
[ 28%] Generating C++ introspection for ROS interfaces
[ 29%] Linking C shared library libkistar_hand_ros2__rosidl_generator_c.so
[ 30%] Building CXX object CMakeFiles/franka.dir/libfranka/src/duration.cpp.o
[ 30%] Built target kistar_hand_ros2__rosidl_generator_c
[ 31%] Generating C type support for eProsima Fast-RTPS
[ 32%] Building CXX object CMakeFiles/franka.dir/libfranka/src/errors.cpp.o
[ 33%] Building CXX object CMakeFiles/franka.dir/libfranka/src/exception.cpp.o
running egg_info
creating kistar_hand_ros2.egg-info
writing kistar_hand_ros2.egg-info/PKG-INFO
writing dependency_links to kistar_hand_ros2.egg-info/dependency_links.txt
writing top-level names to kistar_hand_ros2.egg-info/top_level.txt
writing manifest file 'kistar_hand_ros2.egg-info/SOURCES.txt'
reading manifest file 'kistar_hand_ros2.egg-info/SOURCES.txt'
writing manifest file 'kistar_hand_ros2.egg-info/SOURCES.txt'
[ 34%] Building CXX object CMakeFiles/franka.dir/libfranka/src/gripper.cpp.o
[ 34%] Built target ament_cmake_python_build_kistar_hand_ros2_egg
[ 35%] Generating C introspection for ROS interfaces
[ 36%] Building CXX object CMakeFiles/kistar_hand_ros2__rosidl_typesupport_cpp.dir/rosidl_typesupport_cpp/kistar_hand_ros2/msg/franka_arm_state__type_support.cpp.o
[ 37%] Building CXX object CMakeFiles/kistar_hand_ros2__rosidl_typesupport_cpp.dir/rosidl_typesupport_cpp/kistar_hand_ros2/msg/franka_arm_target__type_support.cpp.o
[ 38%] Building CXX object CMakeFiles/franka.dir/libfranka/src/gripper_state.cpp.o
[ 39%] Building CXX object CMakeFiles/kistar_hand_ros2__rosidl_typesupport_fastrtps_cpp.dir/rosidl_typesupport_fastrtps_cpp/kistar_hand_ros2/msg/detail/dds_fastrtps/franka_arm_state__type_support.cpp.o
[ 40%] Building CXX object CMakeFiles/kistar_hand_ros2__rosidl_typesupport_introspection_cpp.dir/rosidl_typesupport_introspection_cpp/kistar_hand_ros2/msg/detail/franka_arm_state__type_support.cpp.o
[ 41%] Building CXX object CMakeFiles/kistar_hand_ros2__rosidl_typesupport_fastrtps_c.dir/rosidl_typesupport_fastrtps_c/kistar_hand_ros2/msg/detail/franka_arm_state__type_support_c.cpp.o
[ 42%] Building CXX object CMakeFiles/kistar_hand_ros2__rosidl_typesupport_introspection_cpp.dir/rosidl_typesupport_introspection_cpp/kistar_hand_ros2/msg/detail/franka_arm_target__type_support.cpp.o
[ 43%] Building CXX object CMakeFiles/kistar_hand_ros2__rosidl_typesupport_cpp.dir/rosidl_typesupport_cpp/kistar_hand_ros2/msg/hand_state__type_support.cpp.o
[ 44%] Building C object CMakeFiles/kistar_hand_ros2__rosidl_typesupport_introspection_c.dir/rosidl_typesupport_introspection_c/kistar_hand_ros2/msg/detail/franka_arm_state__type_support.c.o
[ 45%] Building C object CMakeFiles/kistar_hand_ros2__rosidl_typesupport_introspection_c.dir/rosidl_typesupport_introspection_c/kistar_hand_ros2/msg/detail/franka_arm_target__type_support.c.o
[ 46%] Building CXX object CMakeFiles/franka.dir/libfranka/src/library_downloader.cpp.o
[ 47%] Building C object CMakeFiles/kistar_hand_ros2__rosidl_typesupport_introspection_c.dir/rosidl_typesupport_introspection_c/kistar_hand_ros2/msg/detail/hand_state__type_support.c.o
[ 48%] Building C object CMakeFiles/kistar_hand_ros2__rosidl_typesupport_introspection_c.dir/rosidl_typesupport_introspection_c/kistar_hand_ros2/msg/detail/hand_target__type_support.c.o
[ 49%] Building CXX object CMakeFiles/kistar_hand_ros2__rosidl_typesupport_fastrtps_cpp.dir/rosidl_typesupport_fastrtps_cpp/kistar_hand_ros2/msg/detail/dds_fastrtps/franka_arm_target__type_support.cpp.o
[ 50%] Linking C shared library libkistar_hand_ros2__rosidl_typesupport_introspection_c.so
[ 51%] Building CXX object CMakeFiles/kistar_hand_ros2__rosidl_typesupport_introspection_cpp.dir/rosidl_typesupport_introspection_cpp/kistar_hand_ros2/msg/detail/hand_state__type_support.cpp.o
[ 51%] Built target kistar_hand_ros2__rosidl_typesupport_introspection_c
[ 52%] Generating C type support dispatch for ROS interfaces
[ 53%] Building CXX object CMakeFiles/kistar_hand_ros2__rosidl_typesupport_cpp.dir/rosidl_typesupport_cpp/kistar_hand_ros2/msg/hand_target__type_support.cpp.o
[ 54%] Building CXX object CMakeFiles/kistar_hand_ros2__rosidl_typesupport_fastrtps_c.dir/rosidl_typesupport_fastrtps_c/kistar_hand_ros2/msg/detail/franka_arm_target__type_support_c.cpp.o
[ 55%] Building CXX object CMakeFiles/kistar_hand_ros2__rosidl_typesupport_introspection_cpp.dir/rosidl_typesupport_introspection_cpp/kistar_hand_ros2/msg/detail/hand_target__type_support.cpp.o
[ 56%] Building CXX object CMakeFiles/franka.dir/libfranka/src/library_loader.cpp.o
[ 57%] Building CXX object CMakeFiles/kistar_hand_ros2__rosidl_typesupport_fastrtps_cpp.dir/rosidl_typesupport_fastrtps_cpp/kistar_hand_ros2/msg/detail/dds_fastrtps/hand_state__type_support.cpp.o
[ 58%] Linking CXX shared library libkistar_hand_ros2__rosidl_typesupport_cpp.so
[ 59%] Building CXX object CMakeFiles/kistar_hand_ros2__rosidl_typesupport_fastrtps_cpp.dir/rosidl_typesupport_fastrtps_cpp/kistar_hand_ros2/msg/detail/dds_fastrtps/hand_target__type_support.cpp.o
[ 59%] Built target kistar_hand_ros2__rosidl_typesupport_cpp
[ 60%] Building CXX object CMakeFiles/franka.dir/libfranka/src/load_calculations.cpp.o
[ 61%] Building CXX object CMakeFiles/kistar_hand_ros2__rosidl_typesupport_fastrtps_c.dir/rosidl_typesupport_fastrtps_c/kistar_hand_ros2/msg/detail/hand_state__type_support_c.cpp.o
[ 62%] Building CXX object CMakeFiles/kistar_hand_ros2__rosidl_typesupport_c.dir/rosidl_typesupport_c/kistar_hand_ros2/msg/franka_arm_state__type_support.cpp.o
[ 63%] Building CXX object CMakeFiles/kistar_hand_ros2__rosidl_typesupport_c.dir/rosidl_typesupport_c/kistar_hand_ros2/msg/franka_arm_target__type_support.cpp.o
[ 64%] Building CXX object CMakeFiles/kistar_hand_ros2__rosidl_typesupport_c.dir/rosidl_typesupport_c/kistar_hand_ros2/msg/hand_state__type_support.cpp.o
[ 65%] Linking CXX shared library libkistar_hand_ros2__rosidl_typesupport_introspection_cpp.so
[ 66%] Building CXX object CMakeFiles/franka.dir/libfranka/src/log.cpp.o
[ 67%] Building CXX object CMakeFiles/kistar_hand_ros2__rosidl_typesupport_c.dir/rosidl_typesupport_c/kistar_hand_ros2/msg/hand_target__type_support.cpp.o
[ 68%] Linking CXX shared library libkistar_hand_ros2__rosidl_typesupport_c.so
[ 70%] Building CXX object CMakeFiles/franka.dir/libfranka/src/logger.cpp.o
[ 70%] Linking CXX shared library libkistar_hand_ros2__rosidl_typesupport_fastrtps_cpp.so
[ 70%] Built target kistar_hand_ros2__rosidl_typesupport_c
[ 71%] Building CXX object CMakeFiles/kistar_hand_ros2__rosidl_typesupport_fastrtps_c.dir/rosidl_typesupport_fastrtps_c/kistar_hand_ros2/msg/detail/hand_target__type_support_c.cpp.o
[ 71%] Built target kistar_hand_ros2__rosidl_typesupport_introspection_cpp
[ 72%] Building CXX object CMakeFiles/franka.dir/libfranka/src/lowpass_filter.cpp.o
[ 73%] Building CXX object CMakeFiles/franka.dir/libfranka/src/model.cpp.o
[ 73%] Built target kistar_hand_ros2__rosidl_typesupport_fastrtps_cpp
[ 74%] Building CXX object CMakeFiles/franka.dir/libfranka/src/model_library.cpp.o
[ 75%] Building CXX object CMakeFiles/franka.dir/libfranka/src/network.cpp.o
[ 76%] Linking CXX shared library libkistar_hand_ros2__rosidl_typesupport_fastrtps_c.so
[ 77%] Building CXX object CMakeFiles/franka.dir/libfranka/src/rate_limiting.cpp.o
[ 77%] Built target kistar_hand_ros2__rosidl_typesupport_fastrtps_c
[ 77%] Built target kistar_hand_ros2
[ 78%] Building CXX object CMakeFiles/franka.dir/libfranka/src/robot.cpp.o
[ 79%] Generating Python code for ROS interfaces
[ 80%] Building CXX object CMakeFiles/franka.dir/libfranka/src/robot_impl.cpp.o
[ 81%] Building CXX object CMakeFiles/franka.dir/libfranka/src/robot_state.cpp.o
[ 82%] Building CXX object CMakeFiles/franka.dir/libfranka/src/vacuum_gripper.cpp.o
[ 83%] Building CXX object CMakeFiles/franka.dir/libfranka/src/vacuum_gripper_state.cpp.o
[ 83%] Built target kistar_hand_ros2__py
[ 84%] Building C object CMakeFiles/kistar_hand_ros2__rosidl_generator_py.dir/rosidl_generator_py/kistar_hand_ros2/msg/_franka_arm_state_s.c.o
[ 85%] Building C object CMakeFiles/kistar_hand_ros2__rosidl_generator_py.dir/rosidl_generator_py/kistar_hand_ros2/msg/_franka_arm_target_s.c.o
[ 86%] Building C object CMakeFiles/kistar_hand_ros2__rosidl_generator_py.dir/rosidl_generator_py/kistar_hand_ros2/msg/_hand_state_s.c.o
[ 87%] Building CXX object CMakeFiles/franka.dir/libfranka/src/robot_model.cpp.o
[ 88%] Building C object CMakeFiles/kistar_hand_ros2__rosidl_generator_py.dir/rosidl_generator_py/kistar_hand_ros2/msg/_hand_target_s.c.o
[ 89%] Linking C shared library rosidl_generator_py/kistar_hand_ros2/libkistar_hand_ros2__rosidl_generator_py.so
[ 89%] Built target kistar_hand_ros2__rosidl_generator_py
[ 90%] Building C object CMakeFiles/kistar_hand_ros2__rosidl_typesupport_fastrtps_c__pyext.dir/rosidl_generator_py/kistar_hand_ros2/_kistar_hand_ros2_s.ep.rosidl_typesupport_fastrtps_c.c.o
[ 91%] Building C object CMakeFiles/kistar_hand_ros2__rosidl_typesupport_introspection_c__pyext.dir/rosidl_generator_py/kistar_hand_ros2/_kistar_hand_ros2_s.ep.rosidl_typesupport_introspection_c.c.o
[ 92%] Linking C shared library rosidl_generator_py/kistar_hand_ros2/kistar_hand_ros2_s__rosidl_typesupport_fastrtps_c.cpython-310-x86_64-linux-gnu.so
[ 93%] Building C object CMakeFiles/kistar_hand_ros2__rosidl_typesupport_c__pyext.dir/rosidl_generator_py/kistar_hand_ros2/_kistar_hand_ros2_s.ep.rosidl_typesupport_c.c.o
[ 94%] Linking C shared library rosidl_generator_py/kistar_hand_ros2/kistar_hand_ros2_s__rosidl_typesupport_introspection_c.cpython-310-x86_64-linux-gnu.so
[ 94%] Built target kistar_hand_ros2__rosidl_typesupport_fastrtps_c__pyext
[ 94%] Built target kistar_hand_ros2__rosidl_typesupport_introspection_c__pyext
[ 95%] Linking C shared library rosidl_generator_py/kistar_hand_ros2/kistar_hand_ros2_s__rosidl_typesupport_c.cpython-310-x86_64-linux-gnu.so
[ 95%] Built target kistar_hand_ros2__rosidl_typesupport_c__pyext
[ 96%] Linking CXX shared library libfranka.so
[ 96%] Built target franka
[ 97%] Building CXX object test/CMakeFiles/R_Franka_KISTAR_Hand.dir/R_Franka_KISTAR_Hand.cpp.o
[ 97%] Building CXX object CMakeFiles/shm_ros2_bridge.dir/src/shm_ros2_bridge.cpp.o
[ 98%] Building CXX object test/CMakeFiles/R_Franka_KISTAR_Hand.dir/__/libfranka/examples/examples_common.cpp.o
[ 99%] Linking CXX executable R_Franka_KISTAR_Hand
[ 99%] Built target R_Franka_KISTAR_Hand
[100%] Linking CXX executable shm_ros2_bridge
[100%] Built target shm_ros2_bridge
-- Install configuration: ""
-- Installing: /home/prime/KISTAR_Hand_RTOS-master/Franka_Dual_Arm_PtoP/R_Franka_KISTAR_Hand/install/kistar_hand_ros2/include/soem/ethercat.h
-- Installing: /home/prime/KISTAR_Hand_RTOS-master/Franka_Dual_Arm_PtoP/R_Franka_KISTAR_Hand/install/kistar_hand_ros2/include/soem/ethercatbase.h
-- Installing: /home/prime/KISTAR_Hand_RTOS-master/Franka_Dual_Arm_PtoP/R_Franka_KISTAR_Hand/install/kistar_hand_ros2/include/soem/ethercatcoe.h
-- Installing: /home/prime/KISTAR_Hand_RTOS-master/Franka_Dual_Arm_PtoP/R_Franka_KISTAR_Hand/install/kistar_hand_ros2/include/soem/ethercatconfig.h
-- Installing: /home/prime/KISTAR_Hand_RTOS-master/Franka_Dual_Arm_PtoP/R_Franka_KISTAR_Hand/install/kistar_hand_ros2/include/soem/ethercatconfiglist.h
-- Installing: /home/prime/KISTAR_Hand_RTOS-master/Franka_Dual_Arm_PtoP/R_Franka_KISTAR_Hand/install/kistar_hand_ros2/include/soem/ethercatdc.h
-- Installing: /home/prime/KISTAR_Hand_RTOS-master/Franka_Dual_Arm_PtoP/R_Franka_KISTAR_Hand/install/kistar_hand_ros2/include/soem/ethercateoe.h
-- Installing: /home/prime/KISTAR_Hand_RTOS-master/Franka_Dual_Arm_PtoP/R_Franka_KISTAR_Hand/install/kistar_hand_ros2/include/soem/ethercatfoe.h
-- Installing: /home/prime/KISTAR_Hand_RTOS-master/Franka_Dual_Arm_PtoP/R_Franka_KISTAR_Hand/install/kistar_hand_ros2/include/soem/ethercatmain.h
-- Installing: /home/prime/KISTAR_Hand_RTOS-master/Franka_Dual_Arm_PtoP/R_Franka_KISTAR_Hand/install/kistar_hand_ros2/include/soem/ethercatprint.h
-- Installing: /home/prime/KISTAR_Hand_RTOS-master/Franka_Dual_Arm_PtoP/R_Franka_KISTAR_Hand/install/kistar_hand_ros2/include/soem/ethercatsoe.h
-- Installing: /home/prime/KISTAR_Hand_RTOS-master/Franka_Dual_Arm_PtoP/R_Franka_KISTAR_Hand/install/kistar_hand_ros2/include/soem/ethercattype.h
-- Installing: /home/prime/KISTAR_Hand_RTOS-master/Franka_Dual_Arm_PtoP/R_Franka_KISTAR_Hand/install/kistar_hand_ros2/include/soem/osal_defs.h
-- Installing: /home/prime/KISTAR_Hand_RTOS-master/Franka_Dual_Arm_PtoP/R_Franka_KISTAR_Hand/install/kistar_hand_ros2/include/soem/osal.h
-- Installing: /home/prime/KISTAR_Hand_RTOS-master/Franka_Dual_Arm_PtoP/R_Franka_KISTAR_Hand/install/kistar_hand_ros2/include/soem/nicdrv.h
-- Installing: /home/prime/KISTAR_Hand_RTOS-master/Franka_Dual_Arm_PtoP/R_Franka_KISTAR_Hand/install/kistar_hand_ros2/include/soem/oshw.h
-- Installing: /home/prime/KISTAR_Hand_RTOS-master/Franka_Dual_Arm_PtoP/R_Franka_KISTAR_Hand/install/kistar_hand_ros2/share/ament_index/resource_index/rosidl_interfaces/kistar_hand_ros2
-- Installing: /home/prime/KISTAR_Hand_RTOS-master/Franka_Dual_Arm_PtoP/R_Franka_KISTAR_Hand/install/kistar_hand_ros2/include/kistar_hand_ros2/kistar_hand_ros2
-- Installing: /home/prime/KISTAR_Hand_RTOS-master/Franka_Dual_Arm_PtoP/R_Franka_KISTAR_Hand/install/kistar_hand_ros2/include/kistar_hand_ros2/kistar_hand_ros2/msg
-- Installing: /home/prime/KISTAR_Hand_RTOS-master/Franka_Dual_Arm_PtoP/R_Franka_KISTAR_Hand/install/kistar_hand_ros2/include/kistar_hand_ros2/kistar_hand_ros2/msg/hand_state.h
-- Installing: /home/prime/KISTAR_Hand_RTOS-master/Franka_Dual_Arm_PtoP/R_Franka_KISTAR_Hand/install/kistar_hand_ros2/include/kistar_hand_ros2/kistar_hand_ros2/msg/detail
-- Installing: /home/prime/KISTAR_Hand_RTOS-master/Franka_Dual_Arm_PtoP/R_Franka_KISTAR_Hand/install/kistar_hand_ros2/include/kistar_hand_ros2/kistar_hand_ros2/msg/detail/franka_arm_state__functions.c
-- Installing: /home/prime/KISTAR_Hand_RTOS-master/Franka_Dual_Arm_PtoP/R_Franka_KISTAR_Hand/install/kistar_hand_ros2/include/kistar_hand_ros2/kistar_hand_ros2/msg/detail/franka_arm_target__functions.h
-- Installing: /home/prime/KISTAR_Hand_RTOS-master/Franka_Dual_Arm_PtoP/R_Franka_KISTAR_Hand/install/kistar_hand_ros2/include/kistar_hand_ros2/kistar_hand_ros2/msg/detail/franka_arm_state__struct.h
-- Installing: /home/prime/KISTAR_Hand_RTOS-master/Franka_Dual_Arm_PtoP/R_Franka_KISTAR_Hand/install/kistar_hand_ros2/include/kistar_hand_ros2/kistar_hand_ros2/msg/detail/hand_target__functions.c
-- Installing: /home/prime/KISTAR_Hand_RTOS-master/Franka_Dual_Arm_PtoP/R_Franka_KISTAR_Hand/install/kistar_hand_ros2/include/kistar_hand_ros2/kistar_hand_ros2/msg/detail/hand_target__functions.h
-- Installing: /home/prime/KISTAR_Hand_RTOS-master/Franka_Dual_Arm_PtoP/R_Franka_KISTAR_Hand/install/kistar_hand_ros2/include/kistar_hand_ros2/kistar_hand_ros2/msg/detail/hand_state__functions.h
-- Installing: /home/prime/KISTAR_Hand_RTOS-master/Franka_Dual_Arm_PtoP/R_Franka_KISTAR_Hand/install/kistar_hand_ros2/include/kistar_hand_ros2/kistar_hand_ros2/msg/detail/franka_arm_target__type_support.h
-- Installing: /home/prime/KISTAR_Hand_RTOS-master/Franka_Dual_Arm_PtoP/R_Franka_KISTAR_Hand/install/kistar_hand_ros2/include/kistar_hand_ros2/kistar_hand_ros2/msg/detail/hand_state__struct.h
-- Installing: /home/prime/KISTAR_Hand_RTOS-master/Franka_Dual_Arm_PtoP/R_Franka_KISTAR_Hand/install/kistar_hand_ros2/include/kistar_hand_ros2/kistar_hand_ros2/msg/detail/franka_arm_target__struct.h
-- Installing: /home/prime/KISTAR_Hand_RTOS-master/Franka_Dual_Arm_PtoP/R_Franka_KISTAR_Hand/install/kistar_hand_ros2/include/kistar_hand_ros2/kistar_hand_ros2/msg/detail/hand_target__type_support.h
-- Installing: /home/prime/KISTAR_Hand_RTOS-master/Franka_Dual_Arm_PtoP/R_Franka_KISTAR_Hand/install/kistar_hand_ros2/include/kistar_hand_ros2/kistar_hand_ros2/msg/detail/hand_state__type_support.h
-- Installing: /home/prime/KISTAR_Hand_RTOS-master/Franka_Dual_Arm_PtoP/R_Franka_KISTAR_Hand/install/kistar_hand_ros2/include/kistar_hand_ros2/kistar_hand_ros2/msg/detail/hand_target__struct.h
-- Installing: /home/prime/KISTAR_Hand_RTOS-master/Franka_Dual_Arm_PtoP/R_Franka_KISTAR_Hand/install/kistar_hand_ros2/include/kistar_hand_ros2/kistar_hand_ros2/msg/detail/franka_arm_state__functions.h
-- Installing: /home/prime/KISTAR_Hand_RTOS-master/Franka_Dual_Arm_PtoP/R_Franka_KISTAR_Hand/install/kistar_hand_ros2/include/kistar_hand_ros2/kistar_hand_ros2/msg/detail/franka_arm_state__type_support.h
-- Installing: /home/prime/KISTAR_Hand_RTOS-master/Franka_Dual_Arm_PtoP/R_Franka_KISTAR_Hand/install/kistar_hand_ros2/include/kistar_hand_ros2/kistar_hand_ros2/msg/detail/hand_state__functions.c
-- Installing: /home/prime/KISTAR_Hand_RTOS-master/Franka_Dual_Arm_PtoP/R_Franka_KISTAR_Hand/install/kistar_hand_ros2/include/kistar_hand_ros2/kistar_hand_ros2/msg/detail/franka_arm_target__functions.c
-- Installing: /home/prime/KISTAR_Hand_RTOS-master/Franka_Dual_Arm_PtoP/R_Franka_KISTAR_Hand/install/kistar_hand_ros2/include/kistar_hand_ros2/kistar_hand_ros2/msg/hand_target.h
-- Installing: /home/prime/KISTAR_Hand_RTOS-master/Franka_Dual_Arm_PtoP/R_Franka_KISTAR_Hand/install/kistar_hand_ros2/include/kistar_hand_ros2/kistar_hand_ros2/msg/franka_arm_state.h
-- Installing: /home/prime/KISTAR_Hand_RTOS-master/Franka_Dual_Arm_PtoP/R_Franka_KISTAR_Hand/install/kistar_hand_ros2/include/kistar_hand_ros2/kistar_hand_ros2/msg/franka_arm_target.h
-- Installing: /home/prime/KISTAR_Hand_RTOS-master/Franka_Dual_Arm_PtoP/R_Franka_KISTAR_Hand/install/kistar_hand_ros2/include/kistar_hand_ros2/kistar_hand_ros2/msg/rosidl_generator_c__visibility_control.h
-- Installing: /home/prime/KISTAR_Hand_RTOS-master/Franka_Dual_Arm_PtoP/R_Franka_KISTAR_Hand/install/kistar_hand_ros2/share/kistar_hand_ros2/environment/library_path.sh
-- Installing: /home/prime/KISTAR_Hand_RTOS-master/Franka_Dual_Arm_PtoP/R_Franka_KISTAR_Hand/install/kistar_hand_ros2/share/kistar_hand_ros2/environment/library_path.dsv
-- Installing: /home/prime/KISTAR_Hand_RTOS-master/Franka_Dual_Arm_PtoP/R_Franka_KISTAR_Hand/install/kistar_hand_ros2/lib/libkistar_hand_ros2__rosidl_generator_c.so
-- Set runtime path of "/home/prime/KISTAR_Hand_RTOS-master/Franka_Dual_Arm_PtoP/R_Franka_KISTAR_Hand/install/kistar_hand_ros2/lib/libkistar_hand_ros2__rosidl_generator_c.so" to ""
-- Up-to-date: /home/prime/KISTAR_Hand_RTOS-master/Franka_Dual_Arm_PtoP/R_Franka_KISTAR_Hand/install/kistar_hand_ros2/include/kistar_hand_ros2/kistar_hand_ros2
-- Up-to-date: /home/prime/KISTAR_Hand_RTOS-master/Franka_Dual_Arm_PtoP/R_Franka_KISTAR_Hand/install/kistar_hand_ros2/include/kistar_hand_ros2/kistar_hand_ros2/msg
-- Up-to-date: /home/prime/KISTAR_Hand_RTOS-master/Franka_Dual_Arm_PtoP/R_Franka_KISTAR_Hand/install/kistar_hand_ros2/include/kistar_hand_ros2/kistar_hand_ros2/msg/detail
-- Installing: /home/prime/KISTAR_Hand_RTOS-master/Franka_Dual_Arm_PtoP/R_Franka_KISTAR_Hand/install/kistar_hand_ros2/include/kistar_hand_ros2/kistar_hand_ros2/msg/detail/hand_state__rosidl_typesupport_fastrtps_c.h
-- Installing: /home/prime/KISTAR_Hand_RTOS-master/Franka_Dual_Arm_PtoP/R_Franka_KISTAR_Hand/install/kistar_hand_ros2/include/kistar_hand_ros2/kistar_hand_ros2/msg/detail/franka_arm_target__rosidl_typesupport_fastrtps_c.h
-- Installing: /home/prime/KISTAR_Hand_RTOS-master/Franka_Dual_Arm_PtoP/R_Franka_KISTAR_Hand/install/kistar_hand_ros2/include/kistar_hand_ros2/kistar_hand_ros2/msg/detail/franka_arm_state__rosidl_typesupport_fastrtps_c.h
-- Installing: /home/prime/KISTAR_Hand_RTOS-master/Franka_Dual_Arm_PtoP/R_Franka_KISTAR_Hand/install/kistar_hand_ros2/include/kistar_hand_ros2/kistar_hand_ros2/msg/detail/hand_target__rosidl_typesupport_fastrtps_c.h
-- Installing: /home/prime/KISTAR_Hand_RTOS-master/Franka_Dual_Arm_PtoP/R_Franka_KISTAR_Hand/install/kistar_hand_ros2/include/kistar_hand_ros2/kistar_hand_ros2/msg/rosidl_typesupport_fastrtps_c__visibility_control.h
-- Installing: /home/prime/KISTAR_Hand_RTOS-master/Franka_Dual_Arm_PtoP/R_Franka_KISTAR_Hand/install/kistar_hand_ros2/lib/libkistar_hand_ros2__rosidl_typesupport_fastrtps_c.so
-- Set runtime path of "/home/prime/KISTAR_Hand_RTOS-master/Franka_Dual_Arm_PtoP/R_Franka_KISTAR_Hand/install/kistar_hand_ros2/lib/libkistar_hand_ros2__rosidl_typesupport_fastrtps_c.so" to ""
-- Up-to-date: /home/prime/KISTAR_Hand_RTOS-master/Franka_Dual_Arm_PtoP/R_Franka_KISTAR_Hand/install/kistar_hand_ros2/include/kistar_hand_ros2/kistar_hand_ros2
-- Up-to-date: /home/prime/KISTAR_Hand_RTOS-master/Franka_Dual_Arm_PtoP/R_Franka_KISTAR_Hand/install/kistar_hand_ros2/include/kistar_hand_ros2/kistar_hand_ros2/msg
-- Installing: /home/prime/KISTAR_Hand_RTOS-master/Franka_Dual_Arm_PtoP/R_Franka_KISTAR_Hand/install/kistar_hand_ros2/include/kistar_hand_ros2/kistar_hand_ros2/msg/hand_target.hpp
-- Up-to-date: /home/prime/KISTAR_Hand_RTOS-master/Franka_Dual_Arm_PtoP/R_Franka_KISTAR_Hand/install/kistar_hand_ros2/include/kistar_hand_ros2/kistar_hand_ros2/msg/detail
-- Installing: /home/prime/KISTAR_Hand_RTOS-master/Franka_Dual_Arm_PtoP/R_Franka_KISTAR_Hand/install/kistar_hand_ros2/include/kistar_hand_ros2/kistar_hand_ros2/msg/detail/hand_target__type_support.hpp
-- Installing: /home/prime/KISTAR_Hand_RTOS-master/Franka_Dual_Arm_PtoP/R_Franka_KISTAR_Hand/install/kistar_hand_ros2/include/kistar_hand_ros2/kistar_hand_ros2/msg/detail/hand_state__builder.hpp
-- Installing: /home/prime/KISTAR_Hand_RTOS-master/Franka_Dual_Arm_PtoP/R_Franka_KISTAR_Hand/install/kistar_hand_ros2/include/kistar_hand_ros2/kistar_hand_ros2/msg/detail/hand_state__type_support.hpp
-- Installing: /home/prime/KISTAR_Hand_RTOS-master/Franka_Dual_Arm_PtoP/R_Franka_KISTAR_Hand/install/kistar_hand_ros2/include/kistar_hand_ros2/kistar_hand_ros2/msg/detail/franka_arm_target__builder.hpp
-- Installing: /home/prime/KISTAR_Hand_RTOS-master/Franka_Dual_Arm_PtoP/R_Franka_KISTAR_Hand/install/kistar_hand_ros2/include/kistar_hand_ros2/kistar_hand_ros2/msg/detail/franka_arm_state__type_support.hpp
-- Installing: /home/prime/KISTAR_Hand_RTOS-master/Franka_Dual_Arm_PtoP/R_Franka_KISTAR_Hand/install/kistar_hand_ros2/include/kistar_hand_ros2/kistar_hand_ros2/msg/detail/franka_arm_target__type_support.hpp
-- Installing: /home/prime/KISTAR_Hand_RTOS-master/Franka_Dual_Arm_PtoP/R_Franka_KISTAR_Hand/install/kistar_hand_ros2/include/kistar_hand_ros2/kistar_hand_ros2/msg/detail/hand_state__struct.hpp
-- Installing: /home/prime/KISTAR_Hand_RTOS-master/Franka_Dual_Arm_PtoP/R_Franka_KISTAR_Hand/install/kistar_hand_ros2/include/kistar_hand_ros2/kistar_hand_ros2/msg/detail/franka_arm_state__struct.hpp
-- Installing: /home/prime/KISTAR_Hand_RTOS-master/Franka_Dual_Arm_PtoP/R_Franka_KISTAR_Hand/install/kistar_hand_ros2/include/kistar_hand_ros2/kistar_hand_ros2/msg/detail/franka_arm_state__builder.hpp
-- Installing: /home/prime/KISTAR_Hand_RTOS-master/Franka_Dual_Arm_PtoP/R_Franka_KISTAR_Hand/install/kistar_hand_ros2/include/kistar_hand_ros2/kistar_hand_ros2/msg/detail/franka_arm_state__traits.hpp
-- Installing: /home/prime/KISTAR_Hand_RTOS-master/Franka_Dual_Arm_PtoP/R_Franka_KISTAR_Hand/install/kistar_hand_ros2/include/kistar_hand_ros2/kistar_hand_ros2/msg/detail/franka_arm_target__traits.hpp
-- Installing: /home/prime/KISTAR_Hand_RTOS-master/Franka_Dual_Arm_PtoP/R_Franka_KISTAR_Hand/install/kistar_hand_ros2/include/kistar_hand_ros2/kistar_hand_ros2/msg/detail/franka_arm_target__struct.hpp
-- Installing: /home/prime/KISTAR_Hand_RTOS-master/Franka_Dual_Arm_PtoP/R_Franka_KISTAR_Hand/install/kistar_hand_ros2/include/kistar_hand_ros2/kistar_hand_ros2/msg/detail/hand_target__traits.hpp
-- Installing: /home/prime/KISTAR_Hand_RTOS-master/Franka_Dual_Arm_PtoP/R_Franka_KISTAR_Hand/install/kistar_hand_ros2/include/kistar_hand_ros2/kistar_hand_ros2/msg/detail/hand_state__traits.hpp
-- Installing: /home/prime/KISTAR_Hand_RTOS-master/Franka_Dual_Arm_PtoP/R_Franka_KISTAR_Hand/install/kistar_hand_ros2/include/kistar_hand_ros2/kistar_hand_ros2/msg/detail/hand_target__builder.hpp
-- Installing: /home/prime/KISTAR_Hand_RTOS-master/Franka_Dual_Arm_PtoP/R_Franka_KISTAR_Hand/install/kistar_hand_ros2/include/kistar_hand_ros2/kistar_hand_ros2/msg/detail/hand_target__struct.hpp
-- Installing: /home/prime/KISTAR_Hand_RTOS-master/Franka_Dual_Arm_PtoP/R_Franka_KISTAR_Hand/install/kistar_hand_ros2/include/kistar_hand_ros2/kistar_hand_ros2/msg/rosidl_generator_cpp__visibility_control.hpp
-- Installing: /home/prime/KISTAR_Hand_RTOS-master/Franka_Dual_Arm_PtoP/R_Franka_KISTAR_Hand/install/kistar_hand_ros2/include/kistar_hand_ros2/kistar_hand_ros2/msg/hand_state.hpp
-- Installing: /home/prime/KISTAR_Hand_RTOS-master/Franka_Dual_Arm_PtoP/R_Franka_KISTAR_Hand/install/kistar_hand_ros2/include/kistar_hand_ros2/kistar_hand_ros2/msg/franka_arm_target.hpp
-- Installing: /home/prime/KISTAR_Hand_RTOS-master/Franka_Dual_Arm_PtoP/R_Franka_KISTAR_Hand/install/kistar_hand_ros2/include/kistar_hand_ros2/kistar_hand_ros2/msg/franka_arm_state.hpp
-- Up-to-date: /home/prime/KISTAR_Hand_RTOS-master/Franka_Dual_Arm_PtoP/R_Franka_KISTAR_Hand/install/kistar_hand_ros2/include/kistar_hand_ros2/kistar_hand_ros2
-- Up-to-date: /home/prime/KISTAR_Hand_RTOS-master/Franka_Dual_Arm_PtoP/R_Franka_KISTAR_Hand/install/kistar_hand_ros2/include/kistar_hand_ros2/kistar_hand_ros2/msg
-- Up-to-date: /home/prime/KISTAR_Hand_RTOS-master/Franka_Dual_Arm_PtoP/R_Franka_KISTAR_Hand/install/kistar_hand_ros2/include/kistar_hand_ros2/kistar_hand_ros2/msg/detail
-- Installing: /home/prime/KISTAR_Hand_RTOS-master/Franka_Dual_Arm_PtoP/R_Franka_KISTAR_Hand/install/kistar_hand_ros2/include/kistar_hand_ros2/kistar_hand_ros2/msg/detail/franka_arm_target__rosidl_typesupport_fastrtps_cpp.hpp
-- Installing: /home/prime/KISTAR_Hand_RTOS-master/Franka_Dual_Arm_PtoP/R_Franka_KISTAR_Hand/install/kistar_hand_ros2/include/kistar_hand_ros2/kistar_hand_ros2/msg/detail/hand_target__rosidl_typesupport_fastrtps_cpp.hpp
-- Installing: /home/prime/KISTAR_Hand_RTOS-master/Franka_Dual_Arm_PtoP/R_Franka_KISTAR_Hand/install/kistar_hand_ros2/include/kistar_hand_ros2/kistar_hand_ros2/msg/detail/hand_state__rosidl_typesupport_fastrtps_cpp.hpp
-- Installing: /home/prime/KISTAR_Hand_RTOS-master/Franka_Dual_Arm_PtoP/R_Franka_KISTAR_Hand/install/kistar_hand_ros2/include/kistar_hand_ros2/kistar_hand_ros2/msg/detail/franka_arm_state__rosidl_typesupport_fastrtps_cpp.hpp
-- Installing: /home/prime/KISTAR_Hand_RTOS-master/Franka_Dual_Arm_PtoP/R_Franka_KISTAR_Hand/install/kistar_hand_ros2/include/kistar_hand_ros2/kistar_hand_ros2/msg/detail/dds_fastrtps
-- Installing: /home/prime/KISTAR_Hand_RTOS-master/Franka_Dual_Arm_PtoP/R_Franka_KISTAR_Hand/install/kistar_hand_ros2/include/kistar_hand_ros2/kistar_hand_ros2/msg/rosidl_typesupport_fastrtps_cpp__visibility_control.h
-- Installing: /home/prime/KISTAR_Hand_RTOS-master/Franka_Dual_Arm_PtoP/R_Franka_KISTAR_Hand/install/kistar_hand_ros2/lib/libkistar_hand_ros2__rosidl_typesupport_fastrtps_cpp.so
-- Set runtime path of "/home/prime/KISTAR_Hand_RTOS-master/Franka_Dual_Arm_PtoP/R_Franka_KISTAR_Hand/install/kistar_hand_ros2/lib/libkistar_hand_ros2__rosidl_typesupport_fastrtps_cpp.so" to ""
-- Up-to-date: /home/prime/KISTAR_Hand_RTOS-master/Franka_Dual_Arm_PtoP/R_Franka_KISTAR_Hand/install/kistar_hand_ros2/include/kistar_hand_ros2/kistar_hand_ros2
-- Up-to-date: /home/prime/KISTAR_Hand_RTOS-master/Franka_Dual_Arm_PtoP/R_Franka_KISTAR_Hand/install/kistar_hand_ros2/include/kistar_hand_ros2/kistar_hand_ros2/msg
-- Up-to-date: /home/prime/KISTAR_Hand_RTOS-master/Franka_Dual_Arm_PtoP/R_Franka_KISTAR_Hand/install/kistar_hand_ros2/include/kistar_hand_ros2/kistar_hand_ros2/msg/detail
-- Installing: /home/prime/KISTAR_Hand_RTOS-master/Franka_Dual_Arm_PtoP/R_Franka_KISTAR_Hand/install/kistar_hand_ros2/include/kistar_hand_ros2/kistar_hand_ros2/msg/detail/franka_arm_state__type_support.c
-- Installing: /home/prime/KISTAR_Hand_RTOS-master/Franka_Dual_Arm_PtoP/R_Franka_KISTAR_Hand/install/kistar_hand_ros2/include/kistar_hand_ros2/kistar_hand_ros2/msg/detail/hand_state__rosidl_typesupport_introspection_c.h
-- Installing: /home/prime/KISTAR_Hand_RTOS-master/Franka_Dual_Arm_PtoP/R_Franka_KISTAR_Hand/install/kistar_hand_ros2/include/kistar_hand_ros2/kistar_hand_ros2/msg/detail/hand_target__rosidl_typesupport_introspection_c.h
-- Installing: /home/prime/KISTAR_Hand_RTOS-master/Franka_Dual_Arm_PtoP/R_Franka_KISTAR_Hand/install/kistar_hand_ros2/include/kistar_hand_ros2/kistar_hand_ros2/msg/detail/franka_arm_state__rosidl_typesupport_introspection_c.h
-- Installing: /home/prime/KISTAR_Hand_RTOS-master/Franka_Dual_Arm_PtoP/R_Franka_KISTAR_Hand/install/kistar_hand_ros2/include/kistar_hand_ros2/kistar_hand_ros2/msg/detail/hand_state__type_support.c
-- Installing: /home/prime/KISTAR_Hand_RTOS-master/Franka_Dual_Arm_PtoP/R_Franka_KISTAR_Hand/install/kistar_hand_ros2/include/kistar_hand_ros2/kistar_hand_ros2/msg/detail/franka_arm_target__type_support.c
-- Installing: /home/prime/KISTAR_Hand_RTOS-master/Franka_Dual_Arm_PtoP/R_Franka_KISTAR_Hand/install/kistar_hand_ros2/include/kistar_hand_ros2/kistar_hand_ros2/msg/detail/hand_target__type_support.c
-- Installing: /home/prime/KISTAR_Hand_RTOS-master/Franka_Dual_Arm_PtoP/R_Franka_KISTAR_Hand/install/kistar_hand_ros2/include/kistar_hand_ros2/kistar_hand_ros2/msg/detail/franka_arm_target__rosidl_typesupport_introspection_c.h
-- Installing: /home/prime/KISTAR_Hand_RTOS-master/Franka_Dual_Arm_PtoP/R_Franka_KISTAR_Hand/install/kistar_hand_ros2/include/kistar_hand_ros2/kistar_hand_ros2/msg/rosidl_typesupport_introspection_c__visibility_control.h
-- Installing: /home/prime/KISTAR_Hand_RTOS-master/Franka_Dual_Arm_PtoP/R_Franka_KISTAR_Hand/install/kistar_hand_ros2/lib/libkistar_hand_ros2__rosidl_typesupport_introspection_c.so
-- Set runtime path of "/home/prime/KISTAR_Hand_RTOS-master/Franka_Dual_Arm_PtoP/R_Franka_KISTAR_Hand/install/kistar_hand_ros2/lib/libkistar_hand_ros2__rosidl_typesupport_introspection_c.so" to ""
-- Installing: /home/prime/KISTAR_Hand_RTOS-master/Franka_Dual_Arm_PtoP/R_Franka_KISTAR_Hand/install/kistar_hand_ros2/lib/libkistar_hand_ros2__rosidl_typesupport_c.so
-- Set runtime path of "/home/prime/KISTAR_Hand_RTOS-master/Franka_Dual_Arm_PtoP/R_Franka_KISTAR_Hand/install/kistar_hand_ros2/lib/libkistar_hand_ros2__rosidl_typesupport_c.so" to ""
-- Up-to-date: /home/prime/KISTAR_Hand_RTOS-master/Franka_Dual_Arm_PtoP/R_Franka_KISTAR_Hand/install/kistar_hand_ros2/include/kistar_hand_ros2/kistar_hand_ros2
-- Up-to-date: /home/prime/KISTAR_Hand_RTOS-master/Franka_Dual_Arm_PtoP/R_Franka_KISTAR_Hand/install/kistar_hand_ros2/include/kistar_hand_ros2/kistar_hand_ros2/msg
-- Up-to-date: /home/prime/KISTAR_Hand_RTOS-master/Franka_Dual_Arm_PtoP/R_Franka_KISTAR_Hand/install/kistar_hand_ros2/include/kistar_hand_ros2/kistar_hand_ros2/msg/detail
-- Installing: /home/prime/KISTAR_Hand_RTOS-master/Franka_Dual_Arm_PtoP/R_Franka_KISTAR_Hand/install/kistar_hand_ros2/include/kistar_hand_ros2/kistar_hand_ros2/msg/detail/hand_state__rosidl_typesupport_introspection_cpp.hpp
-- Installing: /home/prime/KISTAR_Hand_RTOS-master/Franka_Dual_Arm_PtoP/R_Franka_KISTAR_Hand/install/kistar_hand_ros2/include/kistar_hand_ros2/kistar_hand_ros2/msg/detail/franka_arm_state__rosidl_typesupport_introspection_cpp.hpp
-- Installing: /home/prime/KISTAR_Hand_RTOS-master/Franka_Dual_Arm_PtoP/R_Franka_KISTAR_Hand/install/kistar_hand_ros2/include/kistar_hand_ros2/kistar_hand_ros2/msg/detail/hand_target__type_support.cpp
-- Installing: /home/prime/KISTAR_Hand_RTOS-master/Franka_Dual_Arm_PtoP/R_Franka_KISTAR_Hand/install/kistar_hand_ros2/include/kistar_hand_ros2/kistar_hand_ros2/msg/detail/franka_arm_target__rosidl_typesupport_introspection_cpp.hpp
-- Installing: /home/prime/KISTAR_Hand_RTOS-master/Franka_Dual_Arm_PtoP/R_Franka_KISTAR_Hand/install/kistar_hand_ros2/include/kistar_hand_ros2/kistar_hand_ros2/msg/detail/hand_state__type_support.cpp
-- Installing: /home/prime/KISTAR_Hand_RTOS-master/Franka_Dual_Arm_PtoP/R_Franka_KISTAR_Hand/install/kistar_hand_ros2/include/kistar_hand_ros2/kistar_hand_ros2/msg/detail/hand_target__rosidl_typesupport_introspection_cpp.hpp
-- Installing: /home/prime/KISTAR_Hand_RTOS-master/Franka_Dual_Arm_PtoP/R_Franka_KISTAR_Hand/install/kistar_hand_ros2/include/kistar_hand_ros2/kistar_hand_ros2/msg/detail/franka_arm_target__type_support.cpp
-- Installing: /home/prime/KISTAR_Hand_RTOS-master/Franka_Dual_Arm_PtoP/R_Franka_KISTAR_Hand/install/kistar_hand_ros2/include/kistar_hand_ros2/kistar_hand_ros2/msg/detail/franka_arm_state__type_support.cpp
-- Installing: /home/prime/KISTAR_Hand_RTOS-master/Franka_Dual_Arm_PtoP/R_Franka_KISTAR_Hand/install/kistar_hand_ros2/lib/libkistar_hand_ros2__rosidl_typesupport_introspection_cpp.so
-- Set runtime path of "/home/prime/KISTAR_Hand_RTOS-master/Franka_Dual_Arm_PtoP/R_Franka_KISTAR_Hand/install/kistar_hand_ros2/lib/libkistar_hand_ros2__rosidl_typesupport_introspection_cpp.so" to ""
-- Installing: /home/prime/KISTAR_Hand_RTOS-master/Franka_Dual_Arm_PtoP/R_Franka_KISTAR_Hand/install/kistar_hand_ros2/lib/libkistar_hand_ros2__rosidl_typesupport_cpp.so
-- Set runtime path of "/home/prime/KISTAR_Hand_RTOS-master/Franka_Dual_Arm_PtoP/R_Franka_KISTAR_Hand/install/kistar_hand_ros2/lib/libkistar_hand_ros2__rosidl_typesupport_cpp.so" to ""
-- Installing: /home/prime/KISTAR_Hand_RTOS-master/Franka_Dual_Arm_PtoP/R_Franka_KISTAR_Hand/install/kistar_hand_ros2/share/kistar_hand_ros2/environment/pythonpath.sh
-- Installing: /home/prime/KISTAR_Hand_RTOS-master/Franka_Dual_Arm_PtoP/R_Franka_KISTAR_Hand/install/kistar_hand_ros2/share/kistar_hand_ros2/environment/pythonpath.dsv
-- Installing: /home/prime/KISTAR_Hand_RTOS-master/Franka_Dual_Arm_PtoP/R_Franka_KISTAR_Hand/install/kistar_hand_ros2/local/lib/python3.10/dist-packages/kistar_hand_ros2-0.1.0-py3.10.egg-info
-- Installing: /home/prime/KISTAR_Hand_RTOS-master/Franka_Dual_Arm_PtoP/R_Franka_KISTAR_Hand/install/kistar_hand_ros2/local/lib/python3.10/dist-packages/kistar_hand_ros2-0.1.0-py3.10.egg-info/top_level.txt
-- Installing: /home/prime/KISTAR_Hand_RTOS-master/Franka_Dual_Arm_PtoP/R_Franka_KISTAR_Hand/install/kistar_hand_ros2/local/lib/python3.10/dist-packages/kistar_hand_ros2-0.1.0-py3.10.egg-info/dependency_links.txt
-- Installing: /home/prime/KISTAR_Hand_RTOS-master/Franka_Dual_Arm_PtoP/R_Franka_KISTAR_Hand/install/kistar_hand_ros2/local/lib/python3.10/dist-packages/kistar_hand_ros2-0.1.0-py3.10.egg-info/PKG-INFO
-- Installing: /home/prime/KISTAR_Hand_RTOS-master/Franka_Dual_Arm_PtoP/R_Franka_KISTAR_Hand/install/kistar_hand_ros2/local/lib/python3.10/dist-packages/kistar_hand_ros2-0.1.0-py3.10.egg-info/SOURCES.txt
-- Installing: /home/prime/KISTAR_Hand_RTOS-master/Franka_Dual_Arm_PtoP/R_Franka_KISTAR_Hand/install/kistar_hand_ros2/local/lib/python3.10/dist-packages/kistar_hand_ros2
-- Installing: /home/prime/KISTAR_Hand_RTOS-master/Franka_Dual_Arm_PtoP/R_Franka_KISTAR_Hand/install/kistar_hand_ros2/local/lib/python3.10/dist-packages/kistar_hand_ros2/__init__.py
-- Installing: /home/prime/KISTAR_Hand_RTOS-master/Franka_Dual_Arm_PtoP/R_Franka_KISTAR_Hand/install/kistar_hand_ros2/local/lib/python3.10/dist-packages/kistar_hand_ros2/_kistar_hand_ros2_s.ep.rosidl_typesupport_fastrtps_c.c
-- Installing: /home/prime/KISTAR_Hand_RTOS-master/Franka_Dual_Arm_PtoP/R_Franka_KISTAR_Hand/install/kistar_hand_ros2/local/lib/python3.10/dist-packages/kistar_hand_ros2/_kistar_hand_ros2_s.ep.rosidl_typesupport_c.c
-- Installing: /home/prime/KISTAR_Hand_RTOS-master/Franka_Dual_Arm_PtoP/R_Franka_KISTAR_Hand/install/kistar_hand_ros2/local/lib/python3.10/dist-packages/kistar_hand_ros2/kistar_hand_ros2_s__rosidl_typesupport_c.cpython-310-x86_64-linux-gnu.so
-- Installing: /home/prime/KISTAR_Hand_RTOS-master/Franka_Dual_Arm_PtoP/R_Franka_KISTAR_Hand/install/kistar_hand_ros2/local/lib/python3.10/dist-packages/kistar_hand_ros2/libkistar_hand_ros2__rosidl_generator_py.so
-- Installing: /home/prime/KISTAR_Hand_RTOS-master/Franka_Dual_Arm_PtoP/R_Franka_KISTAR_Hand/install/kistar_hand_ros2/local/lib/python3.10/dist-packages/kistar_hand_ros2/kistar_hand_ros2_s__rosidl_typesupport_introspection_c.cpython-310-x86_64-linux-gnu.so
-- Installing: /home/prime/KISTAR_Hand_RTOS-master/Franka_Dual_Arm_PtoP/R_Franka_KISTAR_Hand/install/kistar_hand_ros2/local/lib/python3.10/dist-packages/kistar_hand_ros2/kistar_hand_ros2_s__rosidl_typesupport_fastrtps_c.cpython-310-x86_64-linux-gnu.so
-- Installing: /home/prime/KISTAR_Hand_RTOS-master/Franka_Dual_Arm_PtoP/R_Franka_KISTAR_Hand/install/kistar_hand_ros2/local/lib/python3.10/dist-packages/kistar_hand_ros2/msg
-- Installing: /home/prime/KISTAR_Hand_RTOS-master/Franka_Dual_Arm_PtoP/R_Franka_KISTAR_Hand/install/kistar_hand_ros2/local/lib/python3.10/dist-packages/kistar_hand_ros2/msg/_franka_arm_target_s.c
-- Installing: /home/prime/KISTAR_Hand_RTOS-master/Franka_Dual_Arm_PtoP/R_Franka_KISTAR_Hand/install/kistar_hand_ros2/local/lib/python3.10/dist-packages/kistar_hand_ros2/msg/__init__.py
-- Installing: /home/prime/KISTAR_Hand_RTOS-master/Franka_Dual_Arm_PtoP/R_Franka_KISTAR_Hand/install/kistar_hand_ros2/local/lib/python3.10/dist-packages/kistar_hand_ros2/msg/_hand_state_s.c
-- Installing: /home/prime/KISTAR_Hand_RTOS-master/Franka_Dual_Arm_PtoP/R_Franka_KISTAR_Hand/install/kistar_hand_ros2/local/lib/python3.10/dist-packages/kistar_hand_ros2/msg/_franka_arm_state_s.c
-- Installing: /home/prime/KISTAR_Hand_RTOS-master/Franka_Dual_Arm_PtoP/R_Franka_KISTAR_Hand/install/kistar_hand_ros2/local/lib/python3.10/dist-packages/kistar_hand_ros2/msg/_hand_target.py
-- Installing: /home/prime/KISTAR_Hand_RTOS-master/Franka_Dual_Arm_PtoP/R_Franka_KISTAR_Hand/install/kistar_hand_ros2/local/lib/python3.10/dist-packages/kistar_hand_ros2/msg/_hand_target_s.c
-- Installing: /home/prime/KISTAR_Hand_RTOS-master/Franka_Dual_Arm_PtoP/R_Franka_KISTAR_Hand/install/kistar_hand_ros2/local/lib/python3.10/dist-packages/kistar_hand_ros2/msg/_hand_state.py
-- Installing: /home/prime/KISTAR_Hand_RTOS-master/Franka_Dual_Arm_PtoP/R_Franka_KISTAR_Hand/install/kistar_hand_ros2/local/lib/python3.10/dist-packages/kistar_hand_ros2/msg/_franka_arm_state.py
-- Installing: /home/prime/KISTAR_Hand_RTOS-master/Franka_Dual_Arm_PtoP/R_Franka_KISTAR_Hand/install/kistar_hand_ros2/local/lib/python3.10/dist-packages/kistar_hand_ros2/msg/_franka_arm_target.py
-- Installing: /home/prime/KISTAR_Hand_RTOS-master/Franka_Dual_Arm_PtoP/R_Franka_KISTAR_Hand/install/kistar_hand_ros2/local/lib/python3.10/dist-packages/kistar_hand_ros2/_kistar_hand_ros2_s.ep.rosidl_typesupport_introspection_c.c
Listing '/home/prime/KISTAR_Hand_RTOS-master/Franka_Dual_Arm_PtoP/R_Franka_KISTAR_Hand/install/kistar_hand_ros2/local/lib/python3.10/dist-packages/kistar_hand_ros2'...
Compiling '/home/prime/KISTAR_Hand_RTOS-master/Franka_Dual_Arm_PtoP/R_Franka_KISTAR_Hand/install/kistar_hand_ros2/local/lib/python3.10/dist-packages/kistar_hand_ros2/__init__.py'...
Listing '/home/prime/KISTAR_Hand_RTOS-master/Franka_Dual_Arm_PtoP/R_Franka_KISTAR_Hand/install/kistar_hand_ros2/local/lib/python3.10/dist-packages/kistar_hand_ros2/msg'...
Compiling '/home/prime/KISTAR_Hand_RTOS-master/Franka_Dual_Arm_PtoP/R_Franka_KISTAR_Hand/install/kistar_hand_ros2/local/lib/python3.10/dist-packages/kistar_hand_ros2/msg/__init__.py'...
Compiling '/home/prime/KISTAR_Hand_RTOS-master/Franka_Dual_Arm_PtoP/R_Franka_KISTAR_Hand/install/kistar_hand_ros2/local/lib/python3.10/dist-packages/kistar_hand_ros2/msg/_franka_arm_state.py'...
Compiling '/home/prime/KISTAR_Hand_RTOS-master/Franka_Dual_Arm_PtoP/R_Franka_KISTAR_Hand/install/kistar_hand_ros2/local/lib/python3.10/dist-packages/kistar_hand_ros2/msg/_franka_arm_target.py'...
Compiling '/home/prime/KISTAR_Hand_RTOS-master/Franka_Dual_Arm_PtoP/R_Franka_KISTAR_Hand/install/kistar_hand_ros2/local/lib/python3.10/dist-packages/kistar_hand_ros2/msg/_hand_state.py'...
Compiling '/home/prime/KISTAR_Hand_RTOS-master/Franka_Dual_Arm_PtoP/R_Franka_KISTAR_Hand/install/kistar_hand_ros2/local/lib/python3.10/dist-packages/kistar_hand_ros2/msg/_hand_target.py'...
-- Installing: /home/prime/KISTAR_Hand_RTOS-master/Franka_Dual_Arm_PtoP/R_Franka_KISTAR_Hand/install/kistar_hand_ros2/local/lib/python3.10/dist-packages/kistar_hand_ros2/kistar_hand_ros2_s__rosidl_typesupport_fastrtps_c.cpython-310-x86_64-linux-gnu.so
-- Set runtime path of "/home/prime/KISTAR_Hand_RTOS-master/Franka_Dual_Arm_PtoP/R_Franka_KISTAR_Hand/install/kistar_hand_ros2/local/lib/python3.10/dist-packages/kistar_hand_ros2/kistar_hand_ros2_s__rosidl_typesupport_fastrtps_c.cpython-310-x86_64-linux-gnu.so" to ""
-- Installing: /home/prime/KISTAR_Hand_RTOS-master/Franka_Dual_Arm_PtoP/R_Franka_KISTAR_Hand/install/kistar_hand_ros2/local/lib/python3.10/dist-packages/kistar_hand_ros2/kistar_hand_ros2_s__rosidl_typesupport_introspection_c.cpython-310-x86_64-linux-gnu.so
-- Set runtime path of "/home/prime/KISTAR_Hand_RTOS-master/Franka_Dual_Arm_PtoP/R_Franka_KISTAR_Hand/install/kistar_hand_ros2/local/lib/python3.10/dist-packages/kistar_hand_ros2/kistar_hand_ros2_s__rosidl_typesupport_introspection_c.cpython-310-x86_64-linux-gnu.so" to ""
-- Installing: /home/prime/KISTAR_Hand_RTOS-master/Franka_Dual_Arm_PtoP/R_Franka_KISTAR_Hand/install/kistar_hand_ros2/local/lib/python3.10/dist-packages/kistar_hand_ros2/kistar_hand_ros2_s__rosidl_typesupport_c.cpython-310-x86_64-linux-gnu.so
-- Set runtime path of "/home/prime/KISTAR_Hand_RTOS-master/Franka_Dual_Arm_PtoP/R_Franka_KISTAR_Hand/install/kistar_hand_ros2/local/lib/python3.10/dist-packages/kistar_hand_ros2/kistar_hand_ros2_s__rosidl_typesupport_c.cpython-310-x86_64-linux-gnu.so" to ""
-- Installing: /home/prime/KISTAR_Hand_RTOS-master/Franka_Dual_Arm_PtoP/R_Franka_KISTAR_Hand/install/kistar_hand_ros2/lib/libkistar_hand_ros2__rosidl_generator_py.so
-- Set runtime path of "/home/prime/KISTAR_Hand_RTOS-master/Franka_Dual_Arm_PtoP/R_Franka_KISTAR_Hand/install/kistar_hand_ros2/lib/libkistar_hand_ros2__rosidl_generator_py.so" to ""
-- Installing: /home/prime/KISTAR_Hand_RTOS-master/Franka_Dual_Arm_PtoP/R_Franka_KISTAR_Hand/install/kistar_hand_ros2/share/kistar_hand_ros2/msg/FrankaArmState.idl
-- Installing: /home/prime/KISTAR_Hand_RTOS-master/Franka_Dual_Arm_PtoP/R_Franka_KISTAR_Hand/install/kistar_hand_ros2/share/kistar_hand_ros2/msg/FrankaArmTarget.idl
-- Installing: /home/prime/KISTAR_Hand_RTOS-master/Franka_Dual_Arm_PtoP/R_Franka_KISTAR_Hand/install/kistar_hand_ros2/share/kistar_hand_ros2/msg/HandState.idl
-- Installing: /home/prime/KISTAR_Hand_RTOS-master/Franka_Dual_Arm_PtoP/R_Franka_KISTAR_Hand/install/kistar_hand_ros2/share/kistar_hand_ros2/msg/HandTarget.idl
-- Installing: /home/prime/KISTAR_Hand_RTOS-master/Franka_Dual_Arm_PtoP/R_Franka_KISTAR_Hand/install/kistar_hand_ros2/share/kistar_hand_ros2/msg/FrankaArmState.msg
-- Installing: /home/prime/KISTAR_Hand_RTOS-master/Franka_Dual_Arm_PtoP/R_Franka_KISTAR_Hand/install/kistar_hand_ros2/share/kistar_hand_ros2/msg/FrankaArmTarget.msg
-- Installing: /home/prime/KISTAR_Hand_RTOS-master/Franka_Dual_Arm_PtoP/R_Franka_KISTAR_Hand/install/kistar_hand_ros2/share/kistar_hand_ros2/msg/HandState.msg
-- Installing: /home/prime/KISTAR_Hand_RTOS-master/Franka_Dual_Arm_PtoP/R_Franka_KISTAR_Hand/install/kistar_hand_ros2/share/kistar_hand_ros2/msg/HandTarget.msg
-- Installing: /home/prime/KISTAR_Hand_RTOS-master/Franka_Dual_Arm_PtoP/R_Franka_KISTAR_Hand/install/kistar_hand_ros2/lib/kistar_hand_ros2/shm_ros2_bridge
-- Set runtime path of "/home/prime/KISTAR_Hand_RTOS-master/Franka_Dual_Arm_PtoP/R_Franka_KISTAR_Hand/install/kistar_hand_ros2/lib/kistar_hand_ros2/shm_ros2_bridge" to ""
-- Installing: /home/prime/KISTAR_Hand_RTOS-master/Franka_Dual_Arm_PtoP/R_Franka_KISTAR_Hand/install/kistar_hand_ros2/share/ament_index/resource_index/package_run_dependencies/kistar_hand_ros2
-- Installing: /home/prime/KISTAR_Hand_RTOS-master/Franka_Dual_Arm_PtoP/R_Franka_KISTAR_Hand/install/kistar_hand_ros2/share/ament_index/resource_index/parent_prefix_path/kistar_hand_ros2
-- Installing: /home/prime/KISTAR_Hand_RTOS-master/Franka_Dual_Arm_PtoP/R_Franka_KISTAR_Hand/install/kistar_hand_ros2/share/kistar_hand_ros2/environment/ament_prefix_path.sh
-- Installing: /home/prime/KISTAR_Hand_RTOS-master/Franka_Dual_Arm_PtoP/R_Franka_KISTAR_Hand/install/kistar_hand_ros2/share/kistar_hand_ros2/environment/ament_prefix_path.dsv
-- Installing: /home/prime/KISTAR_Hand_RTOS-master/Franka_Dual_Arm_PtoP/R_Franka_KISTAR_Hand/install/kistar_hand_ros2/share/kistar_hand_ros2/environment/path.sh
-- Installing: /home/prime/KISTAR_Hand_RTOS-master/Franka_Dual_Arm_PtoP/R_Franka_KISTAR_Hand/install/kistar_hand_ros2/share/kistar_hand_ros2/environment/path.dsv
-- Installing: /home/prime/KISTAR_Hand_RTOS-master/Franka_Dual_Arm_PtoP/R_Franka_KISTAR_Hand/install/kistar_hand_ros2/share/kistar_hand_ros2/local_setup.bash
-- Installing: /home/prime/KISTAR_Hand_RTOS-master/Franka_Dual_Arm_PtoP/R_Franka_KISTAR_Hand/install/kistar_hand_ros2/share/kistar_hand_ros2/local_setup.sh
-- Installing: /home/prime/KISTAR_Hand_RTOS-master/Franka_Dual_Arm_PtoP/R_Franka_KISTAR_Hand/install/kistar_hand_ros2/share/kistar_hand_ros2/local_setup.zsh
-- Installing: /home/prime/KISTAR_Hand_RTOS-master/Franka_Dual_Arm_PtoP/R_Franka_KISTAR_Hand/install/kistar_hand_ros2/share/kistar_hand_ros2/local_setup.dsv
-- Installing: /home/prime/KISTAR_Hand_RTOS-master/Franka_Dual_Arm_PtoP/R_Franka_KISTAR_Hand/install/kistar_hand_ros2/share/kistar_hand_ros2/package.dsv
-- Installing: /home/prime/KISTAR_Hand_RTOS-master/Franka_Dual_Arm_PtoP/R_Franka_KISTAR_Hand/install/kistar_hand_ros2/share/ament_index/resource_index/packages/kistar_hand_ros2
-- Installing: /home/prime/KISTAR_Hand_RTOS-master/Franka_Dual_Arm_PtoP/R_Franka_KISTAR_Hand/install/kistar_hand_ros2/share/kistar_hand_ros2/cmake/export_kistar_hand_ros2__rosidl_generator_cExport.cmake
-- Installing: /home/prime/KISTAR_Hand_RTOS-master/Franka_Dual_Arm_PtoP/R_Franka_KISTAR_Hand/install/kistar_hand_ros2/share/kistar_hand_ros2/cmake/export_kistar_hand_ros2__rosidl_generator_cExport-noconfig.cmake
-- Installing: /home/prime/KISTAR_Hand_RTOS-master/Franka_Dual_Arm_PtoP/R_Franka_KISTAR_Hand/install/kistar_hand_ros2/share/kistar_hand_ros2/cmake/export_kistar_hand_ros2__rosidl_typesupport_fastrtps_cExport.cmake
-- Installing: /home/prime/KISTAR_Hand_RTOS-master/Franka_Dual_Arm_PtoP/R_Franka_KISTAR_Hand/install/kistar_hand_ros2/share/kistar_hand_ros2/cmake/export_kistar_hand_ros2__rosidl_typesupport_fastrtps_cExport-noconfig.cmake
-- Installing: /home/prime/KISTAR_Hand_RTOS-master/Franka_Dual_Arm_PtoP/R_Franka_KISTAR_Hand/install/kistar_hand_ros2/share/kistar_hand_ros2/cmake/export_kistar_hand_ros2__rosidl_generator_cppExport.cmake
-- Installing: /home/prime/KISTAR_Hand_RTOS-master/Franka_Dual_Arm_PtoP/R_Franka_KISTAR_Hand/install/kistar_hand_ros2/share/kistar_hand_ros2/cmake/export_kistar_hand_ros2__rosidl_typesupport_fastrtps_cppExport.cmake
-- Installing: /home/prime/KISTAR_Hand_RTOS-master/Franka_Dual_Arm_PtoP/R_Franka_KISTAR_Hand/install/kistar_hand_ros2/share/kistar_hand_ros2/cmake/export_kistar_hand_ros2__rosidl_typesupport_fastrtps_cppExport-noconfig.cmake
-- Installing: /home/prime/KISTAR_Hand_RTOS-master/Franka_Dual_Arm_PtoP/R_Franka_KISTAR_Hand/install/kistar_hand_ros2/share/kistar_hand_ros2/cmake/kistar_hand_ros2__rosidl_typesupport_introspection_cExport.cmake
-- Installing: /home/prime/KISTAR_Hand_RTOS-master/Franka_Dual_Arm_PtoP/R_Franka_KISTAR_Hand/install/kistar_hand_ros2/share/kistar_hand_ros2/cmake/kistar_hand_ros2__rosidl_typesupport_introspection_cExport-noconfig.cmake
-- Installing: /home/prime/KISTAR_Hand_RTOS-master/Franka_Dual_Arm_PtoP/R_Franka_KISTAR_Hand/install/kistar_hand_ros2/share/kistar_hand_ros2/cmake/kistar_hand_ros2__rosidl_typesupport_cExport.cmake
-- Installing: /home/prime/KISTAR_Hand_RTOS-master/Franka_Dual_Arm_PtoP/R_Franka_KISTAR_Hand/install/kistar_hand_ros2/share/kistar_hand_ros2/cmake/kistar_hand_ros2__rosidl_typesupport_cExport-noconfig.cmake
-- Installing: /home/prime/KISTAR_Hand_RTOS-master/Franka_Dual_Arm_PtoP/R_Franka_KISTAR_Hand/install/kistar_hand_ros2/share/kistar_hand_ros2/cmake/kistar_hand_ros2__rosidl_typesupport_introspection_cppExport.cmake
-- Installing: /home/prime/KISTAR_Hand_RTOS-master/Franka_Dual_Arm_PtoP/R_Franka_KISTAR_Hand/install/kistar_hand_ros2/share/kistar_hand_ros2/cmake/kistar_hand_ros2__rosidl_typesupport_introspection_cppExport-noconfig.cmake
-- Installing: /home/prime/KISTAR_Hand_RTOS-master/Franka_Dual_Arm_PtoP/R_Franka_KISTAR_Hand/install/kistar_hand_ros2/share/kistar_hand_ros2/cmake/kistar_hand_ros2__rosidl_typesupport_cppExport.cmake
-- Installing: /home/prime/KISTAR_Hand_RTOS-master/Franka_Dual_Arm_PtoP/R_Franka_KISTAR_Hand/install/kistar_hand_ros2/share/kistar_hand_ros2/cmake/kistar_hand_ros2__rosidl_typesupport_cppExport-noconfig.cmake
-- Installing: /home/prime/KISTAR_Hand_RTOS-master/Franka_Dual_Arm_PtoP/R_Franka_KISTAR_Hand/install/kistar_hand_ros2/share/kistar_hand_ros2/cmake/export_kistar_hand_ros2__rosidl_generator_pyExport.cmake
-- Installing: /home/prime/KISTAR_Hand_RTOS-master/Franka_Dual_Arm_PtoP/R_Franka_KISTAR_Hand/install/kistar_hand_ros2/share/kistar_hand_ros2/cmake/export_kistar_hand_ros2__rosidl_generator_pyExport-noconfig.cmake
-- Installing: /home/prime/KISTAR_Hand_RTOS-master/Franka_Dual_Arm_PtoP/R_Franka_KISTAR_Hand/install/kistar_hand_ros2/share/kistar_hand_ros2/cmake/rosidl_cmake-extras.cmake
-- Installing: /home/prime/KISTAR_Hand_RTOS-master/Franka_Dual_Arm_PtoP/R_Franka_KISTAR_Hand/install/kistar_hand_ros2/share/kistar_hand_ros2/cmake/ament_cmake_export_dependencies-extras.cmake
-- Installing: /home/prime/KISTAR_Hand_RTOS-master/Franka_Dual_Arm_PtoP/R_Franka_KISTAR_Hand/install/kistar_hand_ros2/share/kistar_hand_ros2/cmake/ament_cmake_export_include_directories-extras.cmake
-- Installing: /home/prime/KISTAR_Hand_RTOS-master/Franka_Dual_Arm_PtoP/R_Franka_KISTAR_Hand/install/kistar_hand_ros2/share/kistar_hand_ros2/cmake/ament_cmake_export_libraries-extras.cmake
-- Installing: /home/prime/KISTAR_Hand_RTOS-master/Franka_Dual_Arm_PtoP/R_Franka_KISTAR_Hand/install/kistar_hand_ros2/share/kistar_hand_ros2/cmake/ament_cmake_export_targets-extras.cmake
-- Installing: /home/prime/KISTAR_Hand_RTOS-master/Franka_Dual_Arm_PtoP/R_Franka_KISTAR_Hand/install/kistar_hand_ros2/share/kistar_hand_ros2/cmake/rosidl_cmake_export_typesupport_targets-extras.cmake
-- Installing: /home/prime/KISTAR_Hand_RTOS-master/Franka_Dual_Arm_PtoP/R_Franka_KISTAR_Hand/install/kistar_hand_ros2/share/kistar_hand_ros2/cmake/rosidl_cmake_export_typesupport_libraries-extras.cmake
-- Installing: /home/prime/KISTAR_Hand_RTOS-master/Franka_Dual_Arm_PtoP/R_Franka_KISTAR_Hand/install/kistar_hand_ros2/share/kistar_hand_ros2/cmake/kistar_hand_ros2Config.cmake
-- Installing: /home/prime/KISTAR_Hand_RTOS-master/Franka_Dual_Arm_PtoP/R_Franka_KISTAR_Hand/install/kistar_hand_ros2/share/kistar_hand_ros2/cmake/kistar_hand_ros2Config-version.cmake
-- Installing: /home/prime/KISTAR_Hand_RTOS-master/Franka_Dual_Arm_PtoP/R_Franka_KISTAR_Hand/install/kistar_hand_ros2/share/kistar_hand_ros2/package.xml
-- Installing: /home/prime/KISTAR_Hand_RTOS-master/Franka_Dual_Arm_PtoP/R_Franka_KISTAR_Hand/install/kistar_hand_ros2/bin/R_Franka_KISTAR_Hand
-- Set runtime path of "/home/prime/KISTAR_Hand_RTOS-master/Franka_Dual_Arm_PtoP/R_Franka_KISTAR_Hand/install/kistar_hand_ros2/bin/R_Franka_KISTAR_Hand" to ""
