[0.005s] Invoking command in '/home/prime/KISTAR_Hand_RTOS-master/Franka_Dual_Arm_PtoP/R_Franka_KISTAR_Hand/build/kistar_hand_ros2': CMAKE_PREFIX_PATH=/opt/ros/humble /usr/bin/cmake /home/prime/KISTAR_Hand_RTOS-master/Franka_Dual_Arm_PtoP/R_Franka_KISTAR_Hand -DCMAKE_INSTALL_PREFIX=/home/prime/KISTAR_Hand_RTOS-master/Franka_Dual_Arm_PtoP/R_Franka_KISTAR_Hand/install/kistar_hand_ros2
[0.119s] -- Found Python3: /usr/bin/python3 (found version "3.10.12") found components: Interpreter 
[0.194s] -- The C compiler identification is GNU 11.4.0
[0.229s] -- The CXX compiler identification is GNU 11.4.0
[0.233s] -- Detecting C compiler ABI info
[0.274s] -- Detecting C compiler ABI info - done
[0.278s] -- Check for working C compiler: /usr/bin/cc - skipped
[0.278s] -- Detecting C compile features
[0.279s] -- Detecting C compile features - done
[0.281s] -- Detecting CXX compiler ABI info
[0.329s] -- Detecting CXX compiler ABI info - done
[0.333s] -- Check for working CXX compiler: /usr/bin/c++ - skipped
[0.334s] -- Detecting CXX compile features
[0.334s] -- Detecting CXX compile features - done
[0.334s] -- ROS2 detected - Building ROS2 bridge
[0.334s] -- SOEM: Build Shared Memory Test for Hand-arm system
[0.347s] -- Found ZLIB: /usr/lib/x86_64-linux-gnu/libz.so (found version "1.2.11") 
[0.353s] -- Found PCRE: /usr/lib/x86_64-linux-gnu/libpcre.so  
[0.365s] -- pinocchio_default FOUND. pinocchio_default at /opt/openrobots/lib/libpinocchio_default.so
[0.365s] -- pinocchio_parsers FOUND. pinocchio_parsers at /opt/openrobots/lib/libpinocchio_parsers.so
[0.365s] -- pinocchio_casadi FOUND. pinocchio_casadi at /opt/openrobots/lib/libpinocchio_casadi.so
[0.366s] -- boost_filesystem FOUND. boost_filesystem at /usr/lib/x86_64-linux-gnu/libboost_filesystem.so
[0.366s] -- boost_serialization FOUND. boost_serialization at /usr/lib/x86_64-linux-gnu/libboost_serialization.so
[0.366s] -- boost_system FOUND. boost_system at /usr/lib/x86_64-linux-gnu/libboost_system.so
[0.397s] -- Found Boost: /usr/include (found version "1.74.0") found components: filesystem serialization system 
[0.398s] CMake Warning at /opt/openrobots/lib/cmake/hpp-fcl/hpp-fclConfig.cmake:3 (message):
[0.398s]   Please update your CMake from 'hpp-fcl' to 'coal'
[0.398s] Call Stack (most recent call first):
[0.398s]   /usr/share/cmake-3.22/Modules/CMakeFindDependencyMacro.cmake:47 (find_package)
[0.398s]   /opt/openrobots/lib/cmake/pinocchio/pinocchioConfig.cmake:161 (find_dependency)
[0.398s]   CMakeLists.txt:50 (find_package)
[0.398s] 
[0.398s] 
[0.398s] -- coal FOUND. coal at /opt/openrobots/lib/libcoal.so
[0.402s] -- Looking for pthread.h
[0.446s] -- Looking for pthread.h - found
[0.446s] -- Performing Test CMAKE_HAVE_LIBC_PTHREAD
[0.489s] -- Performing Test CMAKE_HAVE_LIBC_PTHREAD - Success
[0.490s] -- Found Threads: TRUE  
[0.499s] -- Found Boost: /usr/include (found version "1.74.0") found components: chrono thread date_time serialization filesystem atomic 
[0.688s] -- Default C++ standard: 201703
[0.688s] -- Minimal C++ standard upgraded to 11
[0.688s] -- C++ standard sufficient: Minimal required 11, currently defined: 17
[0.688s] -- C++ standard sufficient: Minimal required 11, currently defined: 17
[0.690s] -- Found rclcpp: 16.0.16 (/opt/ros/humble/share/rclcpp/cmake)
[0.711s] -- Found rosidl_generator_c: 3.1.7 (/opt/ros/humble/share/rosidl_generator_c/cmake)
[0.714s] -- Found rosidl_adapter: 3.1.7 (/opt/ros/humble/share/rosidl_adapter/cmake)
[0.719s] -- Found rosidl_generator_cpp: 3.1.7 (/opt/ros/humble/share/rosidl_generator_cpp/cmake)
[0.726s] -- Using all available rosidl_typesupport_c: rosidl_typesupport_fastrtps_c;rosidl_typesupport_introspection_c
[0.736s] -- Using all available rosidl_typesupport_cpp: rosidl_typesupport_fastrtps_cpp;rosidl_typesupport_introspection_cpp
[0.762s] -- Found rmw_implementation_cmake: 6.1.2 (/opt/ros/humble/share/rmw_implementation_cmake/cmake)
[0.763s] -- Found rmw_fastrtps_cpp: 6.2.9 (/opt/ros/humble/share/rmw_fastrtps_cpp/cmake)
[0.813s] -- Found OpenSSL: /usr/lib/x86_64-linux-gnu/libcrypto.so (found version "3.0.2")  
[0.828s] -- Found FastRTPS: /opt/ros/humble/include  
[0.855s] -- Using RMW implementation 'rmw_fastrtps_cpp' as default
[0.889s] -- Found rosidl_default_generators: 1.2.0 (/opt/ros/humble/share/rosidl_default_generators/cmake)
[1.072s] -- Found ament_cmake_ros: 0.10.0 (/opt/ros/humble/share/ament_cmake_ros/cmake)
[1.312s] -- Using all available rosidl_typesupport_c: rosidl_typesupport_fastrtps_c;rosidl_typesupport_introspection_c
[1.414s] -- Using all available rosidl_typesupport_cpp: rosidl_typesupport_fastrtps_cpp;rosidl_typesupport_introspection_cpp
[1.428s] -- Found PythonInterp: /usr/bin/python3 (found suitable version "3.10.12", minimum required is "3.6") 
[1.429s] -- Found python_cmake_module: 0.10.0 (/opt/ros/humble/share/python_cmake_module/cmake)
[1.446s] -- Found PythonLibs: /usr/lib/x86_64-linux-gnu/libpython3.10.so (found suitable version "3.10.12", minimum required is "3.5") 
[1.446s] -- Using PYTHON_EXECUTABLE: /usr/bin/python3
[1.446s] -- Using PYTHON_INCLUDE_DIRS: /usr/include/python3.10
[1.446s] -- Using PYTHON_LIBRARIES: /usr/lib/x86_64-linux-gnu/libpython3.10.so
[1.460s] -- Found PythonExtra: .so  
[1.494s] -- Configuring done
[1.539s] -- Generating done
[1.554s] -- Build files have been written to: /home/prime/KISTAR_Hand_RTOS-master/Franka_Dual_Arm_PtoP/R_Franka_KISTAR_Hand/build/kistar_hand_ros2
[1.566s] Invoked command in '/home/prime/KISTAR_Hand_RTOS-master/Franka_Dual_Arm_PtoP/R_Franka_KISTAR_Hand/build/kistar_hand_ros2' returned '0': CMAKE_PREFIX_PATH=/opt/ros/humble /usr/bin/cmake /home/prime/KISTAR_Hand_RTOS-master/Franka_Dual_Arm_PtoP/R_Franka_KISTAR_Hand -DCMAKE_INSTALL_PREFIX=/home/prime/KISTAR_Hand_RTOS-master/Franka_Dual_Arm_PtoP/R_Franka_KISTAR_Hand/install/kistar_hand_ros2
[1.567s] Invoking command in '/home/prime/KISTAR_Hand_RTOS-master/Franka_Dual_Arm_PtoP/R_Franka_KISTAR_Hand/build/kistar_hand_ros2': CMAKE_PREFIX_PATH=/opt/ros/humble /usr/bin/cmake --build /home/prime/KISTAR_Hand_RTOS-master/Franka_Dual_Arm_PtoP/R_Franka_KISTAR_Hand/build/kistar_hand_ros2 -- -j8 -l8
[1.595s] [  1%] Generating C code for ROS interfaces
[1.601s] [  2%] Building CXX object CMakeFiles/franka.dir/libfranka/src/active_torque_control.cpp.o
[1.601s] [  3%] Generating C++ code for ROS interfaces
[1.602s] [  4%] Building CXX object CMakeFiles/franka.dir/libfranka/src/active_control.cpp.o
[1.602s] [  5%] Building C object CMakeFiles/soem.dir/soem/ethercatbase.c.o
[1.602s] [  6%] Building CXX object CMakeFiles/franka.dir/libfranka/src/active_motion_generator.cpp.o
[1.610s] [  6%] Built target ament_cmake_python_copy_kistar_hand_ros2
[1.616s] [  7%] Building CXX object CMakeFiles/franka.dir/libfranka/src/control_loop.cpp.o
[1.618s] [  8%] Building C object CMakeFiles/soem.dir/soem/ethercatcoe.c.o
[1.683s] [  9%] Building CXX object CMakeFiles/franka.dir/libfranka/src/control_tools.cpp.o
[1.708s] [ 10%] Building C object CMakeFiles/soem.dir/soem/ethercatconfig.c.o
[1.830s] [ 11%] Building C object CMakeFiles/soem.dir/soem/ethercatdc.c.o
[1.882s] [ 12%] Building C object CMakeFiles/soem.dir/soem/ethercateoe.c.o
[1.936s] [ 13%] Building C object CMakeFiles/soem.dir/soem/ethercatfoe.c.o
[1.981s] [ 14%] Building C object CMakeFiles/soem.dir/soem/ethercatmain.c.o
[2.119s] [ 15%] Building C object CMakeFiles/soem.dir/soem/ethercatprint.c.o
[2.162s] [ 16%] Building C object CMakeFiles/soem.dir/soem/ethercatsoe.c.o
[2.213s] [ 17%] Building C object CMakeFiles/soem.dir/osal/linux/osal.c.o
[2.228s] [ 18%] Building CXX object CMakeFiles/franka.dir/libfranka/src/control_types.cpp.o
[2.258s] [ 19%] Building C object CMakeFiles/soem.dir/oshw/linux/nicdrv.c.o
[2.329s] [ 20%] Building C object CMakeFiles/kistar_hand_ros2__rosidl_generator_c.dir/rosidl_generator_c/kistar_hand_ros2/msg/detail/franka_arm_state__functions.c.o
[2.329s] [ 21%] Building C object CMakeFiles/soem.dir/oshw/linux/oshw.c.o
[2.357s] [ 21%] Built target kistar_hand_ros2__cpp
[2.371s] [ 22%] Linking C static library libsoem.a
[2.376s] [ 23%] Building C object CMakeFiles/kistar_hand_ros2__rosidl_generator_c.dir/rosidl_generator_c/kistar_hand_ros2/msg/detail/franka_arm_target__functions.c.o
[2.379s] [ 24%] Building C object CMakeFiles/kistar_hand_ros2__rosidl_generator_c.dir/rosidl_generator_c/kistar_hand_ros2/msg/detail/hand_state__functions.c.o
[2.407s] [ 24%] Built target soem
[2.416s] [ 25%] Building C object CMakeFiles/kistar_hand_ros2__rosidl_generator_c.dir/rosidl_generator_c/kistar_hand_ros2/msg/detail/hand_target__functions.c.o
[2.429s] [ 26%] Generating C++ type support dispatch for ROS interfaces
[2.429s] [ 27%] Generating C++ type support for eProsima Fast-RTPS
[2.457s] [ 28%] Generating C++ introspection for ROS interfaces
[2.475s] [ 29%] Linking C shared library libkistar_hand_ros2__rosidl_generator_c.so
[2.504s] [ 30%] Building CXX object CMakeFiles/franka.dir/libfranka/src/duration.cpp.o
[2.521s] [ 30%] Built target kistar_hand_ros2__rosidl_generator_c
[2.536s] [ 31%] Generating C type support for eProsima Fast-RTPS
[2.547s] [ 32%] Building CXX object CMakeFiles/franka.dir/libfranka/src/errors.cpp.o
[2.549s] [ 33%] Building CXX object CMakeFiles/franka.dir/libfranka/src/exception.cpp.o
[2.571s] running egg_info
[2.571s] creating kistar_hand_ros2.egg-info
[2.572s] writing kistar_hand_ros2.egg-info/PKG-INFO
[2.572s] writing dependency_links to kistar_hand_ros2.egg-info/dependency_links.txt
[2.572s] writing top-level names to kistar_hand_ros2.egg-info/top_level.txt
[2.572s] writing manifest file 'kistar_hand_ros2.egg-info/SOURCES.txt'
[2.576s] reading manifest file 'kistar_hand_ros2.egg-info/SOURCES.txt'
[2.576s] writing manifest file 'kistar_hand_ros2.egg-info/SOURCES.txt'
[2.605s] [ 34%] Building CXX object CMakeFiles/franka.dir/libfranka/src/gripper.cpp.o
[2.606s] [ 34%] Built target ament_cmake_python_build_kistar_hand_ros2_egg
[2.617s] [ 35%] Generating C introspection for ROS interfaces
[2.920s] [ 36%] Building CXX object CMakeFiles/kistar_hand_ros2__rosidl_typesupport_cpp.dir/rosidl_typesupport_cpp/kistar_hand_ros2/msg/franka_arm_state__type_support.cpp.o
[2.945s] [ 37%] Building CXX object CMakeFiles/kistar_hand_ros2__rosidl_typesupport_cpp.dir/rosidl_typesupport_cpp/kistar_hand_ros2/msg/franka_arm_target__type_support.cpp.o
[2.973s] [ 38%] Building CXX object CMakeFiles/franka.dir/libfranka/src/gripper_state.cpp.o
[3.001s] [ 39%] Building CXX object CMakeFiles/kistar_hand_ros2__rosidl_typesupport_fastrtps_cpp.dir/rosidl_typesupport_fastrtps_cpp/kistar_hand_ros2/msg/detail/dds_fastrtps/franka_arm_state__type_support.cpp.o
[3.014s] [ 40%] Building CXX object CMakeFiles/kistar_hand_ros2__rosidl_typesupport_introspection_cpp.dir/rosidl_typesupport_introspection_cpp/kistar_hand_ros2/msg/detail/franka_arm_state__type_support.cpp.o
[3.120s] [ 41%] Building CXX object CMakeFiles/kistar_hand_ros2__rosidl_typesupport_fastrtps_c.dir/rosidl_typesupport_fastrtps_c/kistar_hand_ros2/msg/detail/franka_arm_state__type_support_c.cpp.o
[3.155s] [ 42%] Building CXX object CMakeFiles/kistar_hand_ros2__rosidl_typesupport_introspection_cpp.dir/rosidl_typesupport_introspection_cpp/kistar_hand_ros2/msg/detail/franka_arm_target__type_support.cpp.o
[3.194s] [ 43%] Building CXX object CMakeFiles/kistar_hand_ros2__rosidl_typesupport_cpp.dir/rosidl_typesupport_cpp/kistar_hand_ros2/msg/hand_state__type_support.cpp.o
[3.245s] [ 44%] Building C object CMakeFiles/kistar_hand_ros2__rosidl_typesupport_introspection_c.dir/rosidl_typesupport_introspection_c/kistar_hand_ros2/msg/detail/franka_arm_state__type_support.c.o
[3.268s] [ 45%] Building C object CMakeFiles/kistar_hand_ros2__rosidl_typesupport_introspection_c.dir/rosidl_typesupport_introspection_c/kistar_hand_ros2/msg/detail/franka_arm_target__type_support.c.o
[3.289s] [ 46%] Building CXX object CMakeFiles/franka.dir/libfranka/src/library_downloader.cpp.o
[3.304s] [ 47%] Building C object CMakeFiles/kistar_hand_ros2__rosidl_typesupport_introspection_c.dir/rosidl_typesupport_introspection_c/kistar_hand_ros2/msg/detail/hand_state__type_support.c.o
[3.341s] [ 48%] Building C object CMakeFiles/kistar_hand_ros2__rosidl_typesupport_introspection_c.dir/rosidl_typesupport_introspection_c/kistar_hand_ros2/msg/detail/hand_target__type_support.c.o
[3.347s] In file included from /home/prime/KISTAR_Hand_RTOS-master/Franka_Dual_Arm_PtoP/R_Franka_KISTAR_Hand/libfranka/src/gripper.cpp:10:
[3.348s] /home/prime/KISTAR_Hand_RTOS-master/Franka_Dual_Arm_PtoP/R_Franka_KISTAR_Hand/libfranka/src/network.h: In member function ‘T franka::Network::udpBlockingReceiveUnsafe() [with T = research_interface::gripper::GripperState]’:
[3.348s] /home/prime/KISTAR_Hand_RTOS-master/Franka_Dual_Arm_PtoP/R_Franka_KISTAR_Hand/libfranka/src/network.h:128:74: warning: ‘buffer’ may be used uninitialized [-Wmaybe-uninitialized]
[3.348s]   128 |       udp_socket_.receiveFrom(buffer.data(), static_cast<int>(buffer.size()), udp_server_address_);
[3.348s]       |                                                               ~~~~~~~~~~~^~
[3.348s] In file included from /usr/include/c++/11/tuple:39,
[3.348s]                  from /usr/include/c++/11/bits/unique_ptr.h:37,
[3.348s]                  from /usr/include/c++/11/memory:76,
[3.348s]                  from /home/prime/KISTAR_Hand_RTOS-master/Franka_Dual_Arm_PtoP/R_Franka_KISTAR_Hand/libfranka/include/franka/gripper.h:6,
[3.348s]                  from /home/prime/KISTAR_Hand_RTOS-master/Franka_Dual_Arm_PtoP/R_Franka_KISTAR_Hand/libfranka/src/gripper.cpp:3:
[3.348s] /usr/include/c++/11/array:176:7: note: by argument 1 of type ‘const std::array<unsigned char, 23>*’ to ‘constexpr std::array<_Tp, _Nm>::size_type std::array<_Tp, _Nm>::size() const [with _Tp = unsigned char; long unsigned int _Nm = 23]’ declared here
[3.348s]   176 |       size() const noexcept { return _Nm; }
[3.348s]       |       ^~~~
[3.348s] In file included from /home/prime/KISTAR_Hand_RTOS-master/Franka_Dual_Arm_PtoP/R_Franka_KISTAR_Hand/libfranka/src/gripper.cpp:10:
[3.348s] /home/prime/KISTAR_Hand_RTOS-master/Franka_Dual_Arm_PtoP/R_Franka_KISTAR_Hand/libfranka/src/network.h:125:34: note: ‘buffer’ declared here
[3.348s]   125 |   std::array<uint8_t, sizeof(T)> buffer;
[3.348s]       |                                  ^~~~~~
[3.356s] [ 49%] Building CXX object CMakeFiles/kistar_hand_ros2__rosidl_typesupport_fastrtps_cpp.dir/rosidl_typesupport_fastrtps_cpp/kistar_hand_ros2/msg/detail/dds_fastrtps/franka_arm_target__type_support.cpp.o
[3.376s] [ 50%] Linking C shared library libkistar_hand_ros2__rosidl_typesupport_introspection_c.so
[3.383s] [ 51%] Building CXX object CMakeFiles/kistar_hand_ros2__rosidl_typesupport_introspection_cpp.dir/rosidl_typesupport_introspection_cpp/kistar_hand_ros2/msg/detail/hand_state__type_support.cpp.o
[3.406s] [ 51%] Built target kistar_hand_ros2__rosidl_typesupport_introspection_c
[3.415s] [ 52%] Generating C type support dispatch for ROS interfaces
[3.438s] [ 53%] Building CXX object CMakeFiles/kistar_hand_ros2__rosidl_typesupport_cpp.dir/rosidl_typesupport_cpp/kistar_hand_ros2/msg/hand_target__type_support.cpp.o
[3.491s] [ 54%] Building CXX object CMakeFiles/kistar_hand_ros2__rosidl_typesupport_fastrtps_c.dir/rosidl_typesupport_fastrtps_c/kistar_hand_ros2/msg/detail/franka_arm_target__type_support_c.cpp.o
[3.523s] [ 55%] Building CXX object CMakeFiles/kistar_hand_ros2__rosidl_typesupport_introspection_cpp.dir/rosidl_typesupport_introspection_cpp/kistar_hand_ros2/msg/detail/hand_target__type_support.cpp.o
[3.604s] [ 56%] Building CXX object CMakeFiles/franka.dir/libfranka/src/library_loader.cpp.o
[3.703s] [ 57%] Building CXX object CMakeFiles/kistar_hand_ros2__rosidl_typesupport_fastrtps_cpp.dir/rosidl_typesupport_fastrtps_cpp/kistar_hand_ros2/msg/detail/dds_fastrtps/hand_state__type_support.cpp.o
[3.704s] [ 58%] Linking CXX shared library libkistar_hand_ros2__rosidl_typesupport_cpp.so
[3.742s] [ 59%] Building CXX object CMakeFiles/kistar_hand_ros2__rosidl_typesupport_fastrtps_cpp.dir/rosidl_typesupport_fastrtps_cpp/kistar_hand_ros2/msg/detail/dds_fastrtps/hand_target__type_support.cpp.o
[3.745s] [ 59%] Built target kistar_hand_ros2__rosidl_typesupport_cpp
[3.753s] [ 60%] Building CXX object CMakeFiles/franka.dir/libfranka/src/load_calculations.cpp.o
[3.877s] [ 61%] Building CXX object CMakeFiles/kistar_hand_ros2__rosidl_typesupport_fastrtps_c.dir/rosidl_typesupport_fastrtps_c/kistar_hand_ros2/msg/detail/hand_state__type_support_c.cpp.o
[3.988s] [ 62%] Building CXX object CMakeFiles/kistar_hand_ros2__rosidl_typesupport_c.dir/rosidl_typesupport_c/kistar_hand_ros2/msg/franka_arm_state__type_support.cpp.o
[4.047s] [ 63%] Building CXX object CMakeFiles/kistar_hand_ros2__rosidl_typesupport_c.dir/rosidl_typesupport_c/kistar_hand_ros2/msg/franka_arm_target__type_support.cpp.o
[4.102s] [ 64%] Building CXX object CMakeFiles/kistar_hand_ros2__rosidl_typesupport_c.dir/rosidl_typesupport_c/kistar_hand_ros2/msg/hand_state__type_support.cpp.o
[4.107s] [ 65%] Linking CXX shared library libkistar_hand_ros2__rosidl_typesupport_introspection_cpp.so
[4.131s] [ 66%] Building CXX object CMakeFiles/franka.dir/libfranka/src/log.cpp.o
[4.132s] [ 67%] Building CXX object CMakeFiles/kistar_hand_ros2__rosidl_typesupport_c.dir/rosidl_typesupport_c/kistar_hand_ros2/msg/hand_target__type_support.cpp.o
[4.159s] [ 68%] Linking CXX shared library libkistar_hand_ros2__rosidl_typesupport_c.so
[4.198s] [ 70%] Building CXX object CMakeFiles/franka.dir/libfranka/src/logger.cpp.o
[4.198s] [ 70%] Linking CXX shared library libkistar_hand_ros2__rosidl_typesupport_fastrtps_cpp.so
[4.205s] [ 70%] Built target kistar_hand_ros2__rosidl_typesupport_c
[4.219s] [ 71%] Building CXX object CMakeFiles/kistar_hand_ros2__rosidl_typesupport_fastrtps_c.dir/rosidl_typesupport_fastrtps_c/kistar_hand_ros2/msg/detail/hand_target__type_support_c.cpp.o
[4.222s] [ 71%] Built target kistar_hand_ros2__rosidl_typesupport_introspection_cpp
[4.227s] [ 72%] Building CXX object CMakeFiles/franka.dir/libfranka/src/lowpass_filter.cpp.o
[4.236s] [ 73%] Building CXX object CMakeFiles/franka.dir/libfranka/src/model.cpp.o
[4.291s] [ 73%] Built target kistar_hand_ros2__rosidl_typesupport_fastrtps_cpp
[4.299s] [ 74%] Building CXX object CMakeFiles/franka.dir/libfranka/src/model_library.cpp.o
[4.385s] [ 75%] Building CXX object CMakeFiles/franka.dir/libfranka/src/network.cpp.o
[4.561s] [ 76%] Linking CXX shared library libkistar_hand_ros2__rosidl_typesupport_fastrtps_c.so
[4.579s] [ 77%] Building CXX object CMakeFiles/franka.dir/libfranka/src/rate_limiting.cpp.o
[4.656s] [ 77%] Built target kistar_hand_ros2__rosidl_typesupport_fastrtps_c
[4.671s] [ 77%] Built target kistar_hand_ros2
[4.684s] [ 78%] Building CXX object CMakeFiles/franka.dir/libfranka/src/robot.cpp.o
[4.689s] [ 79%] Generating Python code for ROS interfaces
[5.164s] [ 80%] Building CXX object CMakeFiles/franka.dir/libfranka/src/robot_impl.cpp.o
[5.174s] [ 81%] Building CXX object CMakeFiles/franka.dir/libfranka/src/robot_state.cpp.o
[5.312s] [ 82%] Building CXX object CMakeFiles/franka.dir/libfranka/src/vacuum_gripper.cpp.o
[5.653s] [ 83%] Building CXX object CMakeFiles/franka.dir/libfranka/src/vacuum_gripper_state.cpp.o
[5.674s] [ 83%] Built target kistar_hand_ros2__py
[5.708s] [ 84%] Building C object CMakeFiles/kistar_hand_ros2__rosidl_generator_py.dir/rosidl_generator_py/kistar_hand_ros2/msg/_franka_arm_state_s.c.o
[5.812s] [ 85%] Building C object CMakeFiles/kistar_hand_ros2__rosidl_generator_py.dir/rosidl_generator_py/kistar_hand_ros2/msg/_franka_arm_target_s.c.o
[5.914s] [ 86%] Building C object CMakeFiles/kistar_hand_ros2__rosidl_generator_py.dir/rosidl_generator_py/kistar_hand_ros2/msg/_hand_state_s.c.o
[5.924s] [ 87%] Building CXX object CMakeFiles/franka.dir/libfranka/src/robot_model.cpp.o
[6.038s] [ 88%] Building C object CMakeFiles/kistar_hand_ros2__rosidl_generator_py.dir/rosidl_generator_py/kistar_hand_ros2/msg/_hand_target_s.c.o
[6.083s] In file included from /home/prime/KISTAR_Hand_RTOS-master/Franka_Dual_Arm_PtoP/R_Franka_KISTAR_Hand/libfranka/src/vacuum_gripper.cpp:10:
[6.083s] /home/prime/KISTAR_Hand_RTOS-master/Franka_Dual_Arm_PtoP/R_Franka_KISTAR_Hand/libfranka/src/network.h: In member function ‘T franka::Network::udpBlockingReceiveUnsafe() [with T = research_interface::vacuum_gripper::VacuumGripperState]’:
[6.083s] /home/prime/KISTAR_Hand_RTOS-master/Franka_Dual_Arm_PtoP/R_Franka_KISTAR_Hand/libfranka/src/network.h:128:74: warning: ‘buffer’ may be used uninitialized [-Wmaybe-uninitialized]
[6.083s]   128 |       udp_socket_.receiveFrom(buffer.data(), static_cast<int>(buffer.size()), udp_server_address_);
[6.083s]       |                                                               ~~~~~~~~~~~^~
[6.083s] In file included from /usr/include/c++/11/tuple:39,
[6.083s]                  from /usr/include/c++/11/bits/unique_ptr.h:37,
[6.083s]                  from /usr/include/c++/11/memory:76,
[6.083s]                  from /home/prime/KISTAR_Hand_RTOS-master/Franka_Dual_Arm_PtoP/R_Franka_KISTAR_Hand/libfranka/include/franka/vacuum_gripper.h:7,
[6.083s]                  from /home/prime/KISTAR_Hand_RTOS-master/Franka_Dual_Arm_PtoP/R_Franka_KISTAR_Hand/libfranka/src/vacuum_gripper.cpp:3:
[6.083s] /usr/include/c++/11/array:176:7: note: by argument 1 of type ‘const std::array<unsigned char, 16>*’ to ‘constexpr std::array<_Tp, _Nm>::size_type std::array<_Tp, _Nm>::size() const [with _Tp = unsigned char; long unsigned int _Nm = 16]’ declared here
[6.083s]   176 |       size() const noexcept { return _Nm; }
[6.083s]       |       ^~~~
[6.083s] In file included from /home/prime/KISTAR_Hand_RTOS-master/Franka_Dual_Arm_PtoP/R_Franka_KISTAR_Hand/libfranka/src/vacuum_gripper.cpp:10:
[6.083s] /home/prime/KISTAR_Hand_RTOS-master/Franka_Dual_Arm_PtoP/R_Franka_KISTAR_Hand/libfranka/src/network.h:125:34: note: ‘buffer’ declared here
[6.084s]   125 |   std::array<uint8_t, sizeof(T)> buffer;
[6.084s]       |                                  ^~~~~~
[6.141s] [ 89%] Linking C shared library rosidl_generator_py/kistar_hand_ros2/libkistar_hand_ros2__rosidl_generator_py.so
[6.187s] [ 89%] Built target kistar_hand_ros2__rosidl_generator_py
[6.207s] [ 90%] Building C object CMakeFiles/kistar_hand_ros2__rosidl_typesupport_fastrtps_c__pyext.dir/rosidl_generator_py/kistar_hand_ros2/_kistar_hand_ros2_s.ep.rosidl_typesupport_fastrtps_c.c.o
[6.208s] [ 91%] Building C object CMakeFiles/kistar_hand_ros2__rosidl_typesupport_introspection_c__pyext.dir/rosidl_generator_py/kistar_hand_ros2/_kistar_hand_ros2_s.ep.rosidl_typesupport_introspection_c.c.o
[6.330s] [ 92%] Linking C shared library rosidl_generator_py/kistar_hand_ros2/kistar_hand_ros2_s__rosidl_typesupport_fastrtps_c.cpython-310-x86_64-linux-gnu.so
[6.331s] [ 93%] Building C object CMakeFiles/kistar_hand_ros2__rosidl_typesupport_c__pyext.dir/rosidl_generator_py/kistar_hand_ros2/_kistar_hand_ros2_s.ep.rosidl_typesupport_c.c.o
[6.338s] [ 94%] Linking C shared library rosidl_generator_py/kistar_hand_ros2/kistar_hand_ros2_s__rosidl_typesupport_introspection_c.cpython-310-x86_64-linux-gnu.so
[6.355s] In file included from /home/prime/KISTAR_Hand_RTOS-master/Franka_Dual_Arm_PtoP/R_Franka_KISTAR_Hand/libfranka/src/robot_impl.h:19,
[6.355s]                  from /home/prime/KISTAR_Hand_RTOS-master/Franka_Dual_Arm_PtoP/R_Franka_KISTAR_Hand/libfranka/src/robot_impl.cpp:3:
[6.355s] /home/prime/KISTAR_Hand_RTOS-master/Franka_Dual_Arm_PtoP/R_Franka_KISTAR_Hand/libfranka/src/network.h: In member function ‘T franka::Network::udpBlockingReceiveUnsafe() [with T = research_interface::robot::RobotState]’:
[6.356s] /home/prime/KISTAR_Hand_RTOS-master/Franka_Dual_Arm_PtoP/R_Franka_KISTAR_Hand/libfranka/src/network.h:128:74: warning: ‘buffer’ may be used uninitialized [-Wmaybe-uninitialized]
[6.356s]   128 |       udp_socket_.receiveFrom(buffer.data(), static_cast<int>(buffer.size()), udp_server_address_);
[6.356s]       |                                                               ~~~~~~~~~~~^~
[6.356s] In file included from /usr/include/c++/11/tuple:39,
[6.356s]                  from /usr/include/c++/11/bits/unique_ptr.h:37,
[6.356s]                  from /usr/include/c++/11/memory:76,
[6.356s]                  from /home/prime/KISTAR_Hand_RTOS-master/Franka_Dual_Arm_PtoP/R_Franka_KISTAR_Hand/libfranka/src/robot_impl.h:6,
[6.356s]                  from /home/prime/KISTAR_Hand_RTOS-master/Franka_Dual_Arm_PtoP/R_Franka_KISTAR_Hand/libfranka/src/robot_impl.cpp:3:
[6.356s] /usr/include/c++/11/array:176:7: note: by argument 1 of type ‘const std::array<unsigned char, 2373>*’ to ‘constexpr std::array<_Tp, _Nm>::size_type std::array<_Tp, _Nm>::size() const [with _Tp = unsigned char; long unsigned int _Nm = 2373]’ declared here
[6.356s]   176 |       size() const noexcept { return _Nm; }
[6.356s]       |       ^~~~
[6.356s] In file included from /home/prime/KISTAR_Hand_RTOS-master/Franka_Dual_Arm_PtoP/R_Franka_KISTAR_Hand/libfranka/src/robot_impl.h:19,
[6.356s]                  from /home/prime/KISTAR_Hand_RTOS-master/Franka_Dual_Arm_PtoP/R_Franka_KISTAR_Hand/libfranka/src/robot_impl.cpp:3:
[6.356s] /home/prime/KISTAR_Hand_RTOS-master/Franka_Dual_Arm_PtoP/R_Franka_KISTAR_Hand/libfranka/src/network.h:125:34: note: ‘buffer’ declared here
[6.356s]   125 |   std::array<uint8_t, sizeof(T)> buffer;
[6.356s]       |                                  ^~~~~~
[6.370s] [ 94%] Built target kistar_hand_ros2__rosidl_typesupport_fastrtps_c__pyext
[6.382s] [ 94%] Built target kistar_hand_ros2__rosidl_typesupport_introspection_c__pyext
[6.436s] [ 95%] Linking C shared library rosidl_generator_py/kistar_hand_ros2/kistar_hand_ros2_s__rosidl_typesupport_c.cpython-310-x86_64-linux-gnu.so
[6.461s] [ 95%] Built target kistar_hand_ros2__rosidl_typesupport_c__pyext
[7.649s] In file included from /opt/openrobots/include/hpp/fcl/config.hh:1,
[7.649s]                  from /opt/openrobots/include/pinocchio/serialization/eigen.hpp:20,
[7.649s]                  from /opt/openrobots/include/pinocchio/serialization/fwd.hpp:11,
[7.649s]                  from /opt/openrobots/include/pinocchio/multibody/joint/joint-composite.hpp:14,
[7.649s]                  from /opt/openrobots/include/pinocchio/multibody/joint/joint-generic.hpp:9,
[7.649s]                  from /opt/openrobots/include/pinocchio/multibody/model.hpp:17,
[7.650s]                  from /opt/openrobots/include/pinocchio/algorithm/centroidal.hpp:8,
[7.650s]                  from /home/prime/KISTAR_Hand_RTOS-master/Franka_Dual_Arm_PtoP/R_Franka_KISTAR_Hand/libfranka/include/franka/robot_model.h:5,
[7.650s]                  from /home/prime/KISTAR_Hand_RTOS-master/Franka_Dual_Arm_PtoP/R_Franka_KISTAR_Hand/libfranka/src/model.cpp:4:
[7.650s] /opt/openrobots/include/hpp/fcl/coal.hpp:10:71: note: ‘#pragma message: Please update your includes from 'hpp/fcl' to 'coal'’
[7.650s]    10 | #pragma message("Please update your includes from 'hpp/fcl' to 'coal'")
[7.650s]       |                                                                       ^
[8.472s] In file included from /opt/openrobots/include/hpp/fcl/config.hh:1,
[8.472s]                  from /opt/openrobots/include/pinocchio/serialization/eigen.hpp:20,
[8.472s]                  from /opt/openrobots/include/pinocchio/serialization/fwd.hpp:11,
[8.472s]                  from /opt/openrobots/include/pinocchio/multibody/joint/joint-composite.hpp:14,
[8.472s]                  from /opt/openrobots/include/pinocchio/multibody/joint/joint-generic.hpp:9,
[8.473s]                  from /opt/openrobots/include/pinocchio/multibody/model.hpp:17,
[8.473s]                  from /opt/openrobots/include/pinocchio/algorithm/centroidal.hpp:8,
[8.473s]                  from /home/prime/KISTAR_Hand_RTOS-master/Franka_Dual_Arm_PtoP/R_Franka_KISTAR_Hand/libfranka/include/franka/robot_model.h:5,
[8.473s]                  from /home/prime/KISTAR_Hand_RTOS-master/Franka_Dual_Arm_PtoP/R_Franka_KISTAR_Hand/libfranka/src/robot_model.cpp:3:
[8.473s] /opt/openrobots/include/hpp/fcl/coal.hpp:10:71: note: ‘#pragma message: Please update your includes from 'hpp/fcl' to 'coal'’
[8.473s]    10 | #pragma message("Please update your includes from 'hpp/fcl' to 'coal'")
[8.473s]       |                                                                       ^
[27.995s] [ 96%] Linking CXX shared library libfranka.so
[28.918s] [ 96%] Built target franka
[28.930s] [ 97%] Building CXX object test/CMakeFiles/R_Franka_KISTAR_Hand.dir/R_Franka_KISTAR_Hand.cpp.o
[28.930s] [ 97%] Building CXX object CMakeFiles/shm_ros2_bridge.dir/src/shm_ros2_bridge.cpp.o
[28.930s] [ 98%] Building CXX object test/CMakeFiles/R_Franka_KISTAR_Hand.dir/__/libfranka/examples/examples_common.cpp.o
[29.495s] In file included from /home/prime/KISTAR_Hand_RTOS-master/Franka_Dual_Arm_PtoP/R_Franka_KISTAR_Hand/test/R_Franka_KISTAR_Hand.cpp:15:
[29.495s] /home/prime/KISTAR_Hand_RTOS-master/Franka_Dual_Arm_PtoP/R_Franka_KISTAR_Hand/include/kistar_hand/Hand_Arm_Setting.h: In function ‘void* udp_server_thread(void*)’:
[29.495s] /home/prime/KISTAR_Hand_RTOS-master/Franka_Dual_Arm_PtoP/R_Franka_KISTAR_Hand/include/kistar_hand/Hand_Arm_Setting.h:164:31: warning: unused parameter ‘ptr’ [-Wunused-parameter]
[29.495s]   164 | void *udp_server_thread(void *ptr)
[29.495s]       |                         ~~~~~~^~~
[29.499s] /home/prime/KISTAR_Hand_RTOS-master/Franka_Dual_Arm_PtoP/R_Franka_KISTAR_Hand/include/kistar_hand/Hand_Arm_Setting.h: In function ‘void* franka_control_thread_R(void*)’:
[29.499s] /home/prime/KISTAR_Hand_RTOS-master/Franka_Dual_Arm_PtoP/R_Franka_KISTAR_Hand/include/kistar_hand/Hand_Arm_Setting.h:234:28: warning: variable ‘initial_state’ set but not used [-Wunused-but-set-variable]
[29.499s]   234 |         franka::RobotState initial_state = robot.readOnce();
[29.499s]       |                            ^~~~~~~~~~~~~
[29.499s] /home/prime/KISTAR_Hand_RTOS-master/Franka_Dual_Arm_PtoP/R_Franka_KISTAR_Hand/include/kistar_hand/Hand_Arm_Setting.h:222:37: warning: unused parameter ‘ptr’ [-Wunused-parameter]
[29.499s]   222 | void *franka_control_thread_R(void *ptr)
[29.499s]       |                               ~~~~~~^~~
[29.500s] /home/prime/KISTAR_Hand_RTOS-master/Franka_Dual_Arm_PtoP/R_Franka_KISTAR_Hand/include/kistar_hand/Hand_Arm_Setting.h: In function ‘void* data_print_thread(void*)’:
[29.500s] /home/prime/KISTAR_Hand_RTOS-master/Franka_Dual_Arm_PtoP/R_Franka_KISTAR_Hand/include/kistar_hand/Hand_Arm_Setting.h:288:31: warning: unused parameter ‘ptr’ [-Wunused-parameter]
[29.500s]   288 | void *data_print_thread(void *ptr)
[29.500s]       |                         ~~~~~~^~~
[29.500s] /home/prime/KISTAR_Hand_RTOS-master/Franka_Dual_Arm_PtoP/R_Franka_KISTAR_Hand/include/kistar_hand/Hand_Arm_Setting.h: In function ‘void* ecatthread(void*)’:
[29.500s] /home/prime/KISTAR_Hand_RTOS-master/Franka_Dual_Arm_PtoP/R_Franka_KISTAR_Hand/include/kistar_hand/Hand_Arm_Setting.h:309:19: warning: variable ‘hand_movement_duration’ set but not used [-Wunused-but-set-variable]
[29.500s]   309 |     static double hand_movement_duration[Hand_Num];
[29.500s]       |                   ^~~~~~~~~~~~~~~~~~~~~~
[29.501s] In file included from /home/prime/KISTAR_Hand_RTOS-master/Franka_Dual_Arm_PtoP/R_Franka_KISTAR_Hand/test/R_Franka_KISTAR_Hand.cpp:15:
[29.501s] /home/prime/KISTAR_Hand_RTOS-master/Franka_Dual_Arm_PtoP/R_Franka_KISTAR_Hand/include/kistar_hand/Hand_Arm_Setting.h: In function ‘void* ecatcheck(void*)’:
[29.501s] /home/prime/KISTAR_Hand_RTOS-master/Franka_Dual_Arm_PtoP/R_Franka_KISTAR_Hand/include/kistar_hand/Hand_Arm_Setting.h:434:23: warning: unused parameter ‘ptr’ [-Wunused-parameter]
[29.501s]   434 | void *ecatcheck(void *ptr)
[29.501s]       |                 ~~~~~~^~~
[29.502s] /home/prime/KISTAR_Hand_RTOS-master/Franka_Dual_Arm_PtoP/R_Franka_KISTAR_Hand/test/R_Franka_KISTAR_Hand.cpp: In function ‘int main(int, char**)’:
[29.502s] /home/prime/KISTAR_Hand_RTOS-master/Franka_Dual_Arm_PtoP/R_Franka_KISTAR_Hand/test/R_Franka_KISTAR_Hand.cpp:24:14: warning: unused parameter ‘argc’ [-Wunused-parameter]
[29.502s]    24 | int main(int argc, char *argv[])
[29.502s]       |          ~~~~^~~~
[29.502s] /home/prime/KISTAR_Hand_RTOS-master/Franka_Dual_Arm_PtoP/R_Franka_KISTAR_Hand/test/R_Franka_KISTAR_Hand.cpp:24:26: warning: unused parameter ‘argv’ [-Wunused-parameter]
[29.502s]    24 | int main(int argc, char *argv[])
[29.502s]       |                    ~~~~~~^~~~~~
[30.058s] [ 99%] Linking CXX executable R_Franka_KISTAR_Hand
[30.236s] [ 99%] Built target R_Franka_KISTAR_Hand
[36.342s] [100%] Linking CXX executable shm_ros2_bridge
[36.774s] [100%] Built target shm_ros2_bridge
[36.782s] Invoked command in '/home/prime/KISTAR_Hand_RTOS-master/Franka_Dual_Arm_PtoP/R_Franka_KISTAR_Hand/build/kistar_hand_ros2' returned '0': CMAKE_PREFIX_PATH=/opt/ros/humble /usr/bin/cmake --build /home/prime/KISTAR_Hand_RTOS-master/Franka_Dual_Arm_PtoP/R_Franka_KISTAR_Hand/build/kistar_hand_ros2 -- -j8 -l8
[36.788s] Invoking command in '/home/prime/KISTAR_Hand_RTOS-master/Franka_Dual_Arm_PtoP/R_Franka_KISTAR_Hand/build/kistar_hand_ros2': CMAKE_PREFIX_PATH=/opt/ros/humble /usr/bin/cmake --install /home/prime/KISTAR_Hand_RTOS-master/Franka_Dual_Arm_PtoP/R_Franka_KISTAR_Hand/build/kistar_hand_ros2
[36.793s] -- Install configuration: ""
[36.793s] -- Installing: /home/prime/KISTAR_Hand_RTOS-master/Franka_Dual_Arm_PtoP/R_Franka_KISTAR_Hand/install/kistar_hand_ros2/include/soem/ethercat.h
[36.793s] -- Installing: /home/prime/KISTAR_Hand_RTOS-master/Franka_Dual_Arm_PtoP/R_Franka_KISTAR_Hand/install/kistar_hand_ros2/include/soem/ethercatbase.h
[36.793s] -- Installing: /home/prime/KISTAR_Hand_RTOS-master/Franka_Dual_Arm_PtoP/R_Franka_KISTAR_Hand/install/kistar_hand_ros2/include/soem/ethercatcoe.h
[36.793s] -- Installing: /home/prime/KISTAR_Hand_RTOS-master/Franka_Dual_Arm_PtoP/R_Franka_KISTAR_Hand/install/kistar_hand_ros2/include/soem/ethercatconfig.h
[36.793s] -- Installing: /home/prime/KISTAR_Hand_RTOS-master/Franka_Dual_Arm_PtoP/R_Franka_KISTAR_Hand/install/kistar_hand_ros2/include/soem/ethercatconfiglist.h
[36.793s] -- Installing: /home/prime/KISTAR_Hand_RTOS-master/Franka_Dual_Arm_PtoP/R_Franka_KISTAR_Hand/install/kistar_hand_ros2/include/soem/ethercatdc.h
[36.793s] -- Installing: /home/prime/KISTAR_Hand_RTOS-master/Franka_Dual_Arm_PtoP/R_Franka_KISTAR_Hand/install/kistar_hand_ros2/include/soem/ethercateoe.h
[36.793s] -- Installing: /home/prime/KISTAR_Hand_RTOS-master/Franka_Dual_Arm_PtoP/R_Franka_KISTAR_Hand/install/kistar_hand_ros2/include/soem/ethercatfoe.h
[36.794s] -- Installing: /home/prime/KISTAR_Hand_RTOS-master/Franka_Dual_Arm_PtoP/R_Franka_KISTAR_Hand/install/kistar_hand_ros2/include/soem/ethercatmain.h
[36.794s] -- Installing: /home/prime/KISTAR_Hand_RTOS-master/Franka_Dual_Arm_PtoP/R_Franka_KISTAR_Hand/install/kistar_hand_ros2/include/soem/ethercatprint.h
[36.794s] -- Installing: /home/prime/KISTAR_Hand_RTOS-master/Franka_Dual_Arm_PtoP/R_Franka_KISTAR_Hand/install/kistar_hand_ros2/include/soem/ethercatsoe.h
[36.794s] -- Installing: /home/prime/KISTAR_Hand_RTOS-master/Franka_Dual_Arm_PtoP/R_Franka_KISTAR_Hand/install/kistar_hand_ros2/include/soem/ethercattype.h
[36.794s] -- Installing: /home/prime/KISTAR_Hand_RTOS-master/Franka_Dual_Arm_PtoP/R_Franka_KISTAR_Hand/install/kistar_hand_ros2/include/soem/osal_defs.h
[36.794s] -- Installing: /home/prime/KISTAR_Hand_RTOS-master/Franka_Dual_Arm_PtoP/R_Franka_KISTAR_Hand/install/kistar_hand_ros2/include/soem/osal.h
[36.794s] -- Installing: /home/prime/KISTAR_Hand_RTOS-master/Franka_Dual_Arm_PtoP/R_Franka_KISTAR_Hand/install/kistar_hand_ros2/include/soem/nicdrv.h
[36.794s] -- Installing: /home/prime/KISTAR_Hand_RTOS-master/Franka_Dual_Arm_PtoP/R_Franka_KISTAR_Hand/install/kistar_hand_ros2/include/soem/oshw.h
[36.794s] -- Installing: /home/prime/KISTAR_Hand_RTOS-master/Franka_Dual_Arm_PtoP/R_Franka_KISTAR_Hand/install/kistar_hand_ros2/share/ament_index/resource_index/rosidl_interfaces/kistar_hand_ros2
[36.794s] -- Installing: /home/prime/KISTAR_Hand_RTOS-master/Franka_Dual_Arm_PtoP/R_Franka_KISTAR_Hand/install/kistar_hand_ros2/include/kistar_hand_ros2/kistar_hand_ros2
[36.794s] -- Installing: /home/prime/KISTAR_Hand_RTOS-master/Franka_Dual_Arm_PtoP/R_Franka_KISTAR_Hand/install/kistar_hand_ros2/include/kistar_hand_ros2/kistar_hand_ros2/msg
[36.794s] -- Installing: /home/prime/KISTAR_Hand_RTOS-master/Franka_Dual_Arm_PtoP/R_Franka_KISTAR_Hand/install/kistar_hand_ros2/include/kistar_hand_ros2/kistar_hand_ros2/msg/hand_state.h
[36.794s] -- Installing: /home/prime/KISTAR_Hand_RTOS-master/Franka_Dual_Arm_PtoP/R_Franka_KISTAR_Hand/install/kistar_hand_ros2/include/kistar_hand_ros2/kistar_hand_ros2/msg/detail
[36.794s] -- Installing: /home/prime/KISTAR_Hand_RTOS-master/Franka_Dual_Arm_PtoP/R_Franka_KISTAR_Hand/install/kistar_hand_ros2/include/kistar_hand_ros2/kistar_hand_ros2/msg/detail/franka_arm_state__functions.c
[36.794s] -- Installing: /home/prime/KISTAR_Hand_RTOS-master/Franka_Dual_Arm_PtoP/R_Franka_KISTAR_Hand/install/kistar_hand_ros2/include/kistar_hand_ros2/kistar_hand_ros2/msg/detail/franka_arm_target__functions.h
[36.794s] -- Installing: /home/prime/KISTAR_Hand_RTOS-master/Franka_Dual_Arm_PtoP/R_Franka_KISTAR_Hand/install/kistar_hand_ros2/include/kistar_hand_ros2/kistar_hand_ros2/msg/detail/franka_arm_state__struct.h
[36.794s] -- Installing: /home/prime/KISTAR_Hand_RTOS-master/Franka_Dual_Arm_PtoP/R_Franka_KISTAR_Hand/install/kistar_hand_ros2/include/kistar_hand_ros2/kistar_hand_ros2/msg/detail/hand_target__functions.c
[36.794s] -- Installing: /home/prime/KISTAR_Hand_RTOS-master/Franka_Dual_Arm_PtoP/R_Franka_KISTAR_Hand/install/kistar_hand_ros2/include/kistar_hand_ros2/kistar_hand_ros2/msg/detail/hand_target__functions.h
[36.794s] -- Installing: /home/prime/KISTAR_Hand_RTOS-master/Franka_Dual_Arm_PtoP/R_Franka_KISTAR_Hand/install/kistar_hand_ros2/include/kistar_hand_ros2/kistar_hand_ros2/msg/detail/hand_state__functions.h
[36.795s] -- Installing: /home/prime/KISTAR_Hand_RTOS-master/Franka_Dual_Arm_PtoP/R_Franka_KISTAR_Hand/install/kistar_hand_ros2/include/kistar_hand_ros2/kistar_hand_ros2/msg/detail/franka_arm_target__type_support.h
[36.795s] -- Installing: /home/prime/KISTAR_Hand_RTOS-master/Franka_Dual_Arm_PtoP/R_Franka_KISTAR_Hand/install/kistar_hand_ros2/include/kistar_hand_ros2/kistar_hand_ros2/msg/detail/hand_state__struct.h
[36.795s] -- Installing: /home/prime/KISTAR_Hand_RTOS-master/Franka_Dual_Arm_PtoP/R_Franka_KISTAR_Hand/install/kistar_hand_ros2/include/kistar_hand_ros2/kistar_hand_ros2/msg/detail/franka_arm_target__struct.h
[36.795s] -- Installing: /home/prime/KISTAR_Hand_RTOS-master/Franka_Dual_Arm_PtoP/R_Franka_KISTAR_Hand/install/kistar_hand_ros2/include/kistar_hand_ros2/kistar_hand_ros2/msg/detail/hand_target__type_support.h
[36.795s] -- Installing: /home/prime/KISTAR_Hand_RTOS-master/Franka_Dual_Arm_PtoP/R_Franka_KISTAR_Hand/install/kistar_hand_ros2/include/kistar_hand_ros2/kistar_hand_ros2/msg/detail/hand_state__type_support.h
[36.795s] -- Installing: /home/prime/KISTAR_Hand_RTOS-master/Franka_Dual_Arm_PtoP/R_Franka_KISTAR_Hand/install/kistar_hand_ros2/include/kistar_hand_ros2/kistar_hand_ros2/msg/detail/hand_target__struct.h
[36.795s] -- Installing: /home/prime/KISTAR_Hand_RTOS-master/Franka_Dual_Arm_PtoP/R_Franka_KISTAR_Hand/install/kistar_hand_ros2/include/kistar_hand_ros2/kistar_hand_ros2/msg/detail/franka_arm_state__functions.h
[36.795s] -- Installing: /home/prime/KISTAR_Hand_RTOS-master/Franka_Dual_Arm_PtoP/R_Franka_KISTAR_Hand/install/kistar_hand_ros2/include/kistar_hand_ros2/kistar_hand_ros2/msg/detail/franka_arm_state__type_support.h
[36.795s] -- Installing: /home/prime/KISTAR_Hand_RTOS-master/Franka_Dual_Arm_PtoP/R_Franka_KISTAR_Hand/install/kistar_hand_ros2/include/kistar_hand_ros2/kistar_hand_ros2/msg/detail/hand_state__functions.c
[36.795s] -- Installing: /home/prime/KISTAR_Hand_RTOS-master/Franka_Dual_Arm_PtoP/R_Franka_KISTAR_Hand/install/kistar_hand_ros2/include/kistar_hand_ros2/kistar_hand_ros2/msg/detail/franka_arm_target__functions.c
[36.795s] -- Installing: /home/prime/KISTAR_Hand_RTOS-master/Franka_Dual_Arm_PtoP/R_Franka_KISTAR_Hand/install/kistar_hand_ros2/include/kistar_hand_ros2/kistar_hand_ros2/msg/hand_target.h
[36.795s] -- Installing: /home/prime/KISTAR_Hand_RTOS-master/Franka_Dual_Arm_PtoP/R_Franka_KISTAR_Hand/install/kistar_hand_ros2/include/kistar_hand_ros2/kistar_hand_ros2/msg/franka_arm_state.h
[36.795s] -- Installing: /home/prime/KISTAR_Hand_RTOS-master/Franka_Dual_Arm_PtoP/R_Franka_KISTAR_Hand/install/kistar_hand_ros2/include/kistar_hand_ros2/kistar_hand_ros2/msg/franka_arm_target.h
[36.795s] -- Installing: /home/prime/KISTAR_Hand_RTOS-master/Franka_Dual_Arm_PtoP/R_Franka_KISTAR_Hand/install/kistar_hand_ros2/include/kistar_hand_ros2/kistar_hand_ros2/msg/rosidl_generator_c__visibility_control.h
[36.795s] -- Installing: /home/prime/KISTAR_Hand_RTOS-master/Franka_Dual_Arm_PtoP/R_Franka_KISTAR_Hand/install/kistar_hand_ros2/share/kistar_hand_ros2/environment/library_path.sh
[36.795s] -- Installing: /home/prime/KISTAR_Hand_RTOS-master/Franka_Dual_Arm_PtoP/R_Franka_KISTAR_Hand/install/kistar_hand_ros2/share/kistar_hand_ros2/environment/library_path.dsv
[36.795s] -- Installing: /home/prime/KISTAR_Hand_RTOS-master/Franka_Dual_Arm_PtoP/R_Franka_KISTAR_Hand/install/kistar_hand_ros2/lib/libkistar_hand_ros2__rosidl_generator_c.so
[36.796s] -- Set runtime path of "/home/prime/KISTAR_Hand_RTOS-master/Franka_Dual_Arm_PtoP/R_Franka_KISTAR_Hand/install/kistar_hand_ros2/lib/libkistar_hand_ros2__rosidl_generator_c.so" to ""
[36.796s] -- Up-to-date: /home/prime/KISTAR_Hand_RTOS-master/Franka_Dual_Arm_PtoP/R_Franka_KISTAR_Hand/install/kistar_hand_ros2/include/kistar_hand_ros2/kistar_hand_ros2
[36.796s] -- Up-to-date: /home/prime/KISTAR_Hand_RTOS-master/Franka_Dual_Arm_PtoP/R_Franka_KISTAR_Hand/install/kistar_hand_ros2/include/kistar_hand_ros2/kistar_hand_ros2/msg
[36.796s] -- Up-to-date: /home/prime/KISTAR_Hand_RTOS-master/Franka_Dual_Arm_PtoP/R_Franka_KISTAR_Hand/install/kistar_hand_ros2/include/kistar_hand_ros2/kistar_hand_ros2/msg/detail
[36.796s] -- Installing: /home/prime/KISTAR_Hand_RTOS-master/Franka_Dual_Arm_PtoP/R_Franka_KISTAR_Hand/install/kistar_hand_ros2/include/kistar_hand_ros2/kistar_hand_ros2/msg/detail/hand_state__rosidl_typesupport_fastrtps_c.h
[36.796s] -- Installing: /home/prime/KISTAR_Hand_RTOS-master/Franka_Dual_Arm_PtoP/R_Franka_KISTAR_Hand/install/kistar_hand_ros2/include/kistar_hand_ros2/kistar_hand_ros2/msg/detail/franka_arm_target__rosidl_typesupport_fastrtps_c.h
[36.796s] -- Installing: /home/prime/KISTAR_Hand_RTOS-master/Franka_Dual_Arm_PtoP/R_Franka_KISTAR_Hand/install/kistar_hand_ros2/include/kistar_hand_ros2/kistar_hand_ros2/msg/detail/franka_arm_state__rosidl_typesupport_fastrtps_c.h
[36.796s] -- Installing: /home/prime/KISTAR_Hand_RTOS-master/Franka_Dual_Arm_PtoP/R_Franka_KISTAR_Hand/install/kistar_hand_ros2/include/kistar_hand_ros2/kistar_hand_ros2/msg/detail/hand_target__rosidl_typesupport_fastrtps_c.h
[36.796s] -- Installing: /home/prime/KISTAR_Hand_RTOS-master/Franka_Dual_Arm_PtoP/R_Franka_KISTAR_Hand/install/kistar_hand_ros2/include/kistar_hand_ros2/kistar_hand_ros2/msg/rosidl_typesupport_fastrtps_c__visibility_control.h
[36.796s] -- Installing: /home/prime/KISTAR_Hand_RTOS-master/Franka_Dual_Arm_PtoP/R_Franka_KISTAR_Hand/install/kistar_hand_ros2/lib/libkistar_hand_ros2__rosidl_typesupport_fastrtps_c.so
[36.796s] -- Set runtime path of "/home/prime/KISTAR_Hand_RTOS-master/Franka_Dual_Arm_PtoP/R_Franka_KISTAR_Hand/install/kistar_hand_ros2/lib/libkistar_hand_ros2__rosidl_typesupport_fastrtps_c.so" to ""
[36.796s] -- Up-to-date: /home/prime/KISTAR_Hand_RTOS-master/Franka_Dual_Arm_PtoP/R_Franka_KISTAR_Hand/install/kistar_hand_ros2/include/kistar_hand_ros2/kistar_hand_ros2
[36.796s] -- Up-to-date: /home/prime/KISTAR_Hand_RTOS-master/Franka_Dual_Arm_PtoP/R_Franka_KISTAR_Hand/install/kistar_hand_ros2/include/kistar_hand_ros2/kistar_hand_ros2/msg
[36.796s] -- Installing: /home/prime/KISTAR_Hand_RTOS-master/Franka_Dual_Arm_PtoP/R_Franka_KISTAR_Hand/install/kistar_hand_ros2/include/kistar_hand_ros2/kistar_hand_ros2/msg/hand_target.hpp
[36.796s] -- Up-to-date: /home/prime/KISTAR_Hand_RTOS-master/Franka_Dual_Arm_PtoP/R_Franka_KISTAR_Hand/install/kistar_hand_ros2/include/kistar_hand_ros2/kistar_hand_ros2/msg/detail
[36.796s] -- Installing: /home/prime/KISTAR_Hand_RTOS-master/Franka_Dual_Arm_PtoP/R_Franka_KISTAR_Hand/install/kistar_hand_ros2/include/kistar_hand_ros2/kistar_hand_ros2/msg/detail/hand_target__type_support.hpp
[36.796s] -- Installing: /home/prime/KISTAR_Hand_RTOS-master/Franka_Dual_Arm_PtoP/R_Franka_KISTAR_Hand/install/kistar_hand_ros2/include/kistar_hand_ros2/kistar_hand_ros2/msg/detail/hand_state__builder.hpp
[36.797s] -- Installing: /home/prime/KISTAR_Hand_RTOS-master/Franka_Dual_Arm_PtoP/R_Franka_KISTAR_Hand/install/kistar_hand_ros2/include/kistar_hand_ros2/kistar_hand_ros2/msg/detail/hand_state__type_support.hpp
[36.797s] -- Installing: /home/prime/KISTAR_Hand_RTOS-master/Franka_Dual_Arm_PtoP/R_Franka_KISTAR_Hand/install/kistar_hand_ros2/include/kistar_hand_ros2/kistar_hand_ros2/msg/detail/franka_arm_target__builder.hpp
[36.797s] -- Installing: /home/prime/KISTAR_Hand_RTOS-master/Franka_Dual_Arm_PtoP/R_Franka_KISTAR_Hand/install/kistar_hand_ros2/include/kistar_hand_ros2/kistar_hand_ros2/msg/detail/franka_arm_state__type_support.hpp
[36.797s] -- Installing: /home/prime/KISTAR_Hand_RTOS-master/Franka_Dual_Arm_PtoP/R_Franka_KISTAR_Hand/install/kistar_hand_ros2/include/kistar_hand_ros2/kistar_hand_ros2/msg/detail/franka_arm_target__type_support.hpp
[36.797s] -- Installing: /home/prime/KISTAR_Hand_RTOS-master/Franka_Dual_Arm_PtoP/R_Franka_KISTAR_Hand/install/kistar_hand_ros2/include/kistar_hand_ros2/kistar_hand_ros2/msg/detail/hand_state__struct.hpp
[36.797s] -- Installing: /home/prime/KISTAR_Hand_RTOS-master/Franka_Dual_Arm_PtoP/R_Franka_KISTAR_Hand/install/kistar_hand_ros2/include/kistar_hand_ros2/kistar_hand_ros2/msg/detail/franka_arm_state__struct.hpp
[36.797s] -- Installing: /home/prime/KISTAR_Hand_RTOS-master/Franka_Dual_Arm_PtoP/R_Franka_KISTAR_Hand/install/kistar_hand_ros2/include/kistar_hand_ros2/kistar_hand_ros2/msg/detail/franka_arm_state__builder.hpp
[36.797s] -- Installing: /home/prime/KISTAR_Hand_RTOS-master/Franka_Dual_Arm_PtoP/R_Franka_KISTAR_Hand/install/kistar_hand_ros2/include/kistar_hand_ros2/kistar_hand_ros2/msg/detail/franka_arm_state__traits.hpp
[36.797s] -- Installing: /home/prime/KISTAR_Hand_RTOS-master/Franka_Dual_Arm_PtoP/R_Franka_KISTAR_Hand/install/kistar_hand_ros2/include/kistar_hand_ros2/kistar_hand_ros2/msg/detail/franka_arm_target__traits.hpp
[36.797s] -- Installing: /home/prime/KISTAR_Hand_RTOS-master/Franka_Dual_Arm_PtoP/R_Franka_KISTAR_Hand/install/kistar_hand_ros2/include/kistar_hand_ros2/kistar_hand_ros2/msg/detail/franka_arm_target__struct.hpp
[36.797s] -- Installing: /home/prime/KISTAR_Hand_RTOS-master/Franka_Dual_Arm_PtoP/R_Franka_KISTAR_Hand/install/kistar_hand_ros2/include/kistar_hand_ros2/kistar_hand_ros2/msg/detail/hand_target__traits.hpp
[36.797s] -- Installing: /home/prime/KISTAR_Hand_RTOS-master/Franka_Dual_Arm_PtoP/R_Franka_KISTAR_Hand/install/kistar_hand_ros2/include/kistar_hand_ros2/kistar_hand_ros2/msg/detail/hand_state__traits.hpp
[36.797s] -- Installing: /home/prime/KISTAR_Hand_RTOS-master/Franka_Dual_Arm_PtoP/R_Franka_KISTAR_Hand/install/kistar_hand_ros2/include/kistar_hand_ros2/kistar_hand_ros2/msg/detail/hand_target__builder.hpp
[36.797s] -- Installing: /home/prime/KISTAR_Hand_RTOS-master/Franka_Dual_Arm_PtoP/R_Franka_KISTAR_Hand/install/kistar_hand_ros2/include/kistar_hand_ros2/kistar_hand_ros2/msg/detail/hand_target__struct.hpp
[36.797s] -- Installing: /home/prime/KISTAR_Hand_RTOS-master/Franka_Dual_Arm_PtoP/R_Franka_KISTAR_Hand/install/kistar_hand_ros2/include/kistar_hand_ros2/kistar_hand_ros2/msg/rosidl_generator_cpp__visibility_control.hpp
[36.797s] -- Installing: /home/prime/KISTAR_Hand_RTOS-master/Franka_Dual_Arm_PtoP/R_Franka_KISTAR_Hand/install/kistar_hand_ros2/include/kistar_hand_ros2/kistar_hand_ros2/msg/hand_state.hpp
[36.797s] -- Installing: /home/prime/KISTAR_Hand_RTOS-master/Franka_Dual_Arm_PtoP/R_Franka_KISTAR_Hand/install/kistar_hand_ros2/include/kistar_hand_ros2/kistar_hand_ros2/msg/franka_arm_target.hpp
[36.797s] -- Installing: /home/prime/KISTAR_Hand_RTOS-master/Franka_Dual_Arm_PtoP/R_Franka_KISTAR_Hand/install/kistar_hand_ros2/include/kistar_hand_ros2/kistar_hand_ros2/msg/franka_arm_state.hpp
[36.797s] -- Up-to-date: /home/prime/KISTAR_Hand_RTOS-master/Franka_Dual_Arm_PtoP/R_Franka_KISTAR_Hand/install/kistar_hand_ros2/include/kistar_hand_ros2/kistar_hand_ros2
[36.797s] -- Up-to-date: /home/prime/KISTAR_Hand_RTOS-master/Franka_Dual_Arm_PtoP/R_Franka_KISTAR_Hand/install/kistar_hand_ros2/include/kistar_hand_ros2/kistar_hand_ros2/msg
[36.797s] -- Up-to-date: /home/prime/KISTAR_Hand_RTOS-master/Franka_Dual_Arm_PtoP/R_Franka_KISTAR_Hand/install/kistar_hand_ros2/include/kistar_hand_ros2/kistar_hand_ros2/msg/detail
[36.798s] -- Installing: /home/prime/KISTAR_Hand_RTOS-master/Franka_Dual_Arm_PtoP/R_Franka_KISTAR_Hand/install/kistar_hand_ros2/include/kistar_hand_ros2/kistar_hand_ros2/msg/detail/franka_arm_target__rosidl_typesupport_fastrtps_cpp.hpp
[36.798s] -- Installing: /home/prime/KISTAR_Hand_RTOS-master/Franka_Dual_Arm_PtoP/R_Franka_KISTAR_Hand/install/kistar_hand_ros2/include/kistar_hand_ros2/kistar_hand_ros2/msg/detail/hand_target__rosidl_typesupport_fastrtps_cpp.hpp
[36.798s] -- Installing: /home/prime/KISTAR_Hand_RTOS-master/Franka_Dual_Arm_PtoP/R_Franka_KISTAR_Hand/install/kistar_hand_ros2/include/kistar_hand_ros2/kistar_hand_ros2/msg/detail/hand_state__rosidl_typesupport_fastrtps_cpp.hpp
[36.798s] -- Installing: /home/prime/KISTAR_Hand_RTOS-master/Franka_Dual_Arm_PtoP/R_Franka_KISTAR_Hand/install/kistar_hand_ros2/include/kistar_hand_ros2/kistar_hand_ros2/msg/detail/franka_arm_state__rosidl_typesupport_fastrtps_cpp.hpp
[36.798s] -- Installing: /home/prime/KISTAR_Hand_RTOS-master/Franka_Dual_Arm_PtoP/R_Franka_KISTAR_Hand/install/kistar_hand_ros2/include/kistar_hand_ros2/kistar_hand_ros2/msg/detail/dds_fastrtps
[36.798s] -- Installing: /home/prime/KISTAR_Hand_RTOS-master/Franka_Dual_Arm_PtoP/R_Franka_KISTAR_Hand/install/kistar_hand_ros2/include/kistar_hand_ros2/kistar_hand_ros2/msg/rosidl_typesupport_fastrtps_cpp__visibility_control.h
[36.798s] -- Installing: /home/prime/KISTAR_Hand_RTOS-master/Franka_Dual_Arm_PtoP/R_Franka_KISTAR_Hand/install/kistar_hand_ros2/lib/libkistar_hand_ros2__rosidl_typesupport_fastrtps_cpp.so
[36.798s] -- Set runtime path of "/home/prime/KISTAR_Hand_RTOS-master/Franka_Dual_Arm_PtoP/R_Franka_KISTAR_Hand/install/kistar_hand_ros2/lib/libkistar_hand_ros2__rosidl_typesupport_fastrtps_cpp.so" to ""
[36.798s] -- Up-to-date: /home/prime/KISTAR_Hand_RTOS-master/Franka_Dual_Arm_PtoP/R_Franka_KISTAR_Hand/install/kistar_hand_ros2/include/kistar_hand_ros2/kistar_hand_ros2
[36.798s] -- Up-to-date: /home/prime/KISTAR_Hand_RTOS-master/Franka_Dual_Arm_PtoP/R_Franka_KISTAR_Hand/install/kistar_hand_ros2/include/kistar_hand_ros2/kistar_hand_ros2/msg
[36.798s] -- Up-to-date: /home/prime/KISTAR_Hand_RTOS-master/Franka_Dual_Arm_PtoP/R_Franka_KISTAR_Hand/install/kistar_hand_ros2/include/kistar_hand_ros2/kistar_hand_ros2/msg/detail
[36.798s] -- Installing: /home/prime/KISTAR_Hand_RTOS-master/Franka_Dual_Arm_PtoP/R_Franka_KISTAR_Hand/install/kistar_hand_ros2/include/kistar_hand_ros2/kistar_hand_ros2/msg/detail/franka_arm_state__type_support.c
[36.798s] -- Installing: /home/prime/KISTAR_Hand_RTOS-master/Franka_Dual_Arm_PtoP/R_Franka_KISTAR_Hand/install/kistar_hand_ros2/include/kistar_hand_ros2/kistar_hand_ros2/msg/detail/hand_state__rosidl_typesupport_introspection_c.h
[36.798s] -- Installing: /home/prime/KISTAR_Hand_RTOS-master/Franka_Dual_Arm_PtoP/R_Franka_KISTAR_Hand/install/kistar_hand_ros2/include/kistar_hand_ros2/kistar_hand_ros2/msg/detail/hand_target__rosidl_typesupport_introspection_c.h
[36.798s] -- Installing: /home/prime/KISTAR_Hand_RTOS-master/Franka_Dual_Arm_PtoP/R_Franka_KISTAR_Hand/install/kistar_hand_ros2/include/kistar_hand_ros2/kistar_hand_ros2/msg/detail/franka_arm_state__rosidl_typesupport_introspection_c.h
[36.798s] -- Installing: /home/prime/KISTAR_Hand_RTOS-master/Franka_Dual_Arm_PtoP/R_Franka_KISTAR_Hand/install/kistar_hand_ros2/include/kistar_hand_ros2/kistar_hand_ros2/msg/detail/hand_state__type_support.c
[36.798s] -- Installing: /home/prime/KISTAR_Hand_RTOS-master/Franka_Dual_Arm_PtoP/R_Franka_KISTAR_Hand/install/kistar_hand_ros2/include/kistar_hand_ros2/kistar_hand_ros2/msg/detail/franka_arm_target__type_support.c
[36.798s] -- Installing: /home/prime/KISTAR_Hand_RTOS-master/Franka_Dual_Arm_PtoP/R_Franka_KISTAR_Hand/install/kistar_hand_ros2/include/kistar_hand_ros2/kistar_hand_ros2/msg/detail/hand_target__type_support.c
[36.798s] -- Installing: /home/prime/KISTAR_Hand_RTOS-master/Franka_Dual_Arm_PtoP/R_Franka_KISTAR_Hand/install/kistar_hand_ros2/include/kistar_hand_ros2/kistar_hand_ros2/msg/detail/franka_arm_target__rosidl_typesupport_introspection_c.h
[36.798s] -- Installing: /home/prime/KISTAR_Hand_RTOS-master/Franka_Dual_Arm_PtoP/R_Franka_KISTAR_Hand/install/kistar_hand_ros2/include/kistar_hand_ros2/kistar_hand_ros2/msg/rosidl_typesupport_introspection_c__visibility_control.h
[36.798s] -- Installing: /home/prime/KISTAR_Hand_RTOS-master/Franka_Dual_Arm_PtoP/R_Franka_KISTAR_Hand/install/kistar_hand_ros2/lib/libkistar_hand_ros2__rosidl_typesupport_introspection_c.so
[36.799s] -- Set runtime path of "/home/prime/KISTAR_Hand_RTOS-master/Franka_Dual_Arm_PtoP/R_Franka_KISTAR_Hand/install/kistar_hand_ros2/lib/libkistar_hand_ros2__rosidl_typesupport_introspection_c.so" to ""
[36.799s] -- Installing: /home/prime/KISTAR_Hand_RTOS-master/Franka_Dual_Arm_PtoP/R_Franka_KISTAR_Hand/install/kistar_hand_ros2/lib/libkistar_hand_ros2__rosidl_typesupport_c.so
[36.799s] -- Set runtime path of "/home/prime/KISTAR_Hand_RTOS-master/Franka_Dual_Arm_PtoP/R_Franka_KISTAR_Hand/install/kistar_hand_ros2/lib/libkistar_hand_ros2__rosidl_typesupport_c.so" to ""
[36.799s] -- Up-to-date: /home/prime/KISTAR_Hand_RTOS-master/Franka_Dual_Arm_PtoP/R_Franka_KISTAR_Hand/install/kistar_hand_ros2/include/kistar_hand_ros2/kistar_hand_ros2
[36.799s] -- Up-to-date: /home/prime/KISTAR_Hand_RTOS-master/Franka_Dual_Arm_PtoP/R_Franka_KISTAR_Hand/install/kistar_hand_ros2/include/kistar_hand_ros2/kistar_hand_ros2/msg
[36.799s] -- Up-to-date: /home/prime/KISTAR_Hand_RTOS-master/Franka_Dual_Arm_PtoP/R_Franka_KISTAR_Hand/install/kistar_hand_ros2/include/kistar_hand_ros2/kistar_hand_ros2/msg/detail
[36.799s] -- Installing: /home/prime/KISTAR_Hand_RTOS-master/Franka_Dual_Arm_PtoP/R_Franka_KISTAR_Hand/install/kistar_hand_ros2/include/kistar_hand_ros2/kistar_hand_ros2/msg/detail/hand_state__rosidl_typesupport_introspection_cpp.hpp
[36.799s] -- Installing: /home/prime/KISTAR_Hand_RTOS-master/Franka_Dual_Arm_PtoP/R_Franka_KISTAR_Hand/install/kistar_hand_ros2/include/kistar_hand_ros2/kistar_hand_ros2/msg/detail/franka_arm_state__rosidl_typesupport_introspection_cpp.hpp
[36.799s] -- Installing: /home/prime/KISTAR_Hand_RTOS-master/Franka_Dual_Arm_PtoP/R_Franka_KISTAR_Hand/install/kistar_hand_ros2/include/kistar_hand_ros2/kistar_hand_ros2/msg/detail/hand_target__type_support.cpp
[36.799s] -- Installing: /home/prime/KISTAR_Hand_RTOS-master/Franka_Dual_Arm_PtoP/R_Franka_KISTAR_Hand/install/kistar_hand_ros2/include/kistar_hand_ros2/kistar_hand_ros2/msg/detail/franka_arm_target__rosidl_typesupport_introspection_cpp.hpp
[36.799s] -- Installing: /home/prime/KISTAR_Hand_RTOS-master/Franka_Dual_Arm_PtoP/R_Franka_KISTAR_Hand/install/kistar_hand_ros2/include/kistar_hand_ros2/kistar_hand_ros2/msg/detail/hand_state__type_support.cpp
[36.799s] -- Installing: /home/prime/KISTAR_Hand_RTOS-master/Franka_Dual_Arm_PtoP/R_Franka_KISTAR_Hand/install/kistar_hand_ros2/include/kistar_hand_ros2/kistar_hand_ros2/msg/detail/hand_target__rosidl_typesupport_introspection_cpp.hpp
[36.799s] -- Installing: /home/prime/KISTAR_Hand_RTOS-master/Franka_Dual_Arm_PtoP/R_Franka_KISTAR_Hand/install/kistar_hand_ros2/include/kistar_hand_ros2/kistar_hand_ros2/msg/detail/franka_arm_target__type_support.cpp
[36.799s] -- Installing: /home/prime/KISTAR_Hand_RTOS-master/Franka_Dual_Arm_PtoP/R_Franka_KISTAR_Hand/install/kistar_hand_ros2/include/kistar_hand_ros2/kistar_hand_ros2/msg/detail/franka_arm_state__type_support.cpp
[36.799s] -- Installing: /home/prime/KISTAR_Hand_RTOS-master/Franka_Dual_Arm_PtoP/R_Franka_KISTAR_Hand/install/kistar_hand_ros2/lib/libkistar_hand_ros2__rosidl_typesupport_introspection_cpp.so
[36.799s] -- Set runtime path of "/home/prime/KISTAR_Hand_RTOS-master/Franka_Dual_Arm_PtoP/R_Franka_KISTAR_Hand/install/kistar_hand_ros2/lib/libkistar_hand_ros2__rosidl_typesupport_introspection_cpp.so" to ""
[36.799s] -- Installing: /home/prime/KISTAR_Hand_RTOS-master/Franka_Dual_Arm_PtoP/R_Franka_KISTAR_Hand/install/kistar_hand_ros2/lib/libkistar_hand_ros2__rosidl_typesupport_cpp.so
[36.800s] -- Set runtime path of "/home/prime/KISTAR_Hand_RTOS-master/Franka_Dual_Arm_PtoP/R_Franka_KISTAR_Hand/install/kistar_hand_ros2/lib/libkistar_hand_ros2__rosidl_typesupport_cpp.so" to ""
[36.800s] -- Installing: /home/prime/KISTAR_Hand_RTOS-master/Franka_Dual_Arm_PtoP/R_Franka_KISTAR_Hand/install/kistar_hand_ros2/share/kistar_hand_ros2/environment/pythonpath.sh
[36.800s] -- Installing: /home/prime/KISTAR_Hand_RTOS-master/Franka_Dual_Arm_PtoP/R_Franka_KISTAR_Hand/install/kistar_hand_ros2/share/kistar_hand_ros2/environment/pythonpath.dsv
[36.800s] -- Installing: /home/prime/KISTAR_Hand_RTOS-master/Franka_Dual_Arm_PtoP/R_Franka_KISTAR_Hand/install/kistar_hand_ros2/local/lib/python3.10/dist-packages/kistar_hand_ros2-0.1.0-py3.10.egg-info
[36.800s] -- Installing: /home/prime/KISTAR_Hand_RTOS-master/Franka_Dual_Arm_PtoP/R_Franka_KISTAR_Hand/install/kistar_hand_ros2/local/lib/python3.10/dist-packages/kistar_hand_ros2-0.1.0-py3.10.egg-info/top_level.txt
[36.800s] -- Installing: /home/prime/KISTAR_Hand_RTOS-master/Franka_Dual_Arm_PtoP/R_Franka_KISTAR_Hand/install/kistar_hand_ros2/local/lib/python3.10/dist-packages/kistar_hand_ros2-0.1.0-py3.10.egg-info/dependency_links.txt
[36.800s] -- Installing: /home/prime/KISTAR_Hand_RTOS-master/Franka_Dual_Arm_PtoP/R_Franka_KISTAR_Hand/install/kistar_hand_ros2/local/lib/python3.10/dist-packages/kistar_hand_ros2-0.1.0-py3.10.egg-info/PKG-INFO
[36.800s] -- Installing: /home/prime/KISTAR_Hand_RTOS-master/Franka_Dual_Arm_PtoP/R_Franka_KISTAR_Hand/install/kistar_hand_ros2/local/lib/python3.10/dist-packages/kistar_hand_ros2-0.1.0-py3.10.egg-info/SOURCES.txt
[36.800s] -- Installing: /home/prime/KISTAR_Hand_RTOS-master/Franka_Dual_Arm_PtoP/R_Franka_KISTAR_Hand/install/kistar_hand_ros2/local/lib/python3.10/dist-packages/kistar_hand_ros2
[36.800s] -- Installing: /home/prime/KISTAR_Hand_RTOS-master/Franka_Dual_Arm_PtoP/R_Franka_KISTAR_Hand/install/kistar_hand_ros2/local/lib/python3.10/dist-packages/kistar_hand_ros2/__init__.py
[36.800s] -- Installing: /home/prime/KISTAR_Hand_RTOS-master/Franka_Dual_Arm_PtoP/R_Franka_KISTAR_Hand/install/kistar_hand_ros2/local/lib/python3.10/dist-packages/kistar_hand_ros2/_kistar_hand_ros2_s.ep.rosidl_typesupport_fastrtps_c.c
[36.800s] -- Installing: /home/prime/KISTAR_Hand_RTOS-master/Franka_Dual_Arm_PtoP/R_Franka_KISTAR_Hand/install/kistar_hand_ros2/local/lib/python3.10/dist-packages/kistar_hand_ros2/_kistar_hand_ros2_s.ep.rosidl_typesupport_c.c
[36.800s] -- Installing: /home/prime/KISTAR_Hand_RTOS-master/Franka_Dual_Arm_PtoP/R_Franka_KISTAR_Hand/install/kistar_hand_ros2/local/lib/python3.10/dist-packages/kistar_hand_ros2/kistar_hand_ros2_s__rosidl_typesupport_c.cpython-310-x86_64-linux-gnu.so
[36.801s] -- Installing: /home/prime/KISTAR_Hand_RTOS-master/Franka_Dual_Arm_PtoP/R_Franka_KISTAR_Hand/install/kistar_hand_ros2/local/lib/python3.10/dist-packages/kistar_hand_ros2/libkistar_hand_ros2__rosidl_generator_py.so
[36.801s] -- Installing: /home/prime/KISTAR_Hand_RTOS-master/Franka_Dual_Arm_PtoP/R_Franka_KISTAR_Hand/install/kistar_hand_ros2/local/lib/python3.10/dist-packages/kistar_hand_ros2/kistar_hand_ros2_s__rosidl_typesupport_introspection_c.cpython-310-x86_64-linux-gnu.so
[36.801s] -- Installing: /home/prime/KISTAR_Hand_RTOS-master/Franka_Dual_Arm_PtoP/R_Franka_KISTAR_Hand/install/kistar_hand_ros2/local/lib/python3.10/dist-packages/kistar_hand_ros2/kistar_hand_ros2_s__rosidl_typesupport_fastrtps_c.cpython-310-x86_64-linux-gnu.so
[36.801s] -- Installing: /home/prime/KISTAR_Hand_RTOS-master/Franka_Dual_Arm_PtoP/R_Franka_KISTAR_Hand/install/kistar_hand_ros2/local/lib/python3.10/dist-packages/kistar_hand_ros2/msg
[36.801s] -- Installing: /home/prime/KISTAR_Hand_RTOS-master/Franka_Dual_Arm_PtoP/R_Franka_KISTAR_Hand/install/kistar_hand_ros2/local/lib/python3.10/dist-packages/kistar_hand_ros2/msg/_franka_arm_target_s.c
[36.801s] -- Installing: /home/prime/KISTAR_Hand_RTOS-master/Franka_Dual_Arm_PtoP/R_Franka_KISTAR_Hand/install/kistar_hand_ros2/local/lib/python3.10/dist-packages/kistar_hand_ros2/msg/__init__.py
[36.801s] -- Installing: /home/prime/KISTAR_Hand_RTOS-master/Franka_Dual_Arm_PtoP/R_Franka_KISTAR_Hand/install/kistar_hand_ros2/local/lib/python3.10/dist-packages/kistar_hand_ros2/msg/_hand_state_s.c
[36.801s] -- Installing: /home/prime/KISTAR_Hand_RTOS-master/Franka_Dual_Arm_PtoP/R_Franka_KISTAR_Hand/install/kistar_hand_ros2/local/lib/python3.10/dist-packages/kistar_hand_ros2/msg/_franka_arm_state_s.c
[36.801s] -- Installing: /home/prime/KISTAR_Hand_RTOS-master/Franka_Dual_Arm_PtoP/R_Franka_KISTAR_Hand/install/kistar_hand_ros2/local/lib/python3.10/dist-packages/kistar_hand_ros2/msg/_hand_target.py
[36.801s] -- Installing: /home/prime/KISTAR_Hand_RTOS-master/Franka_Dual_Arm_PtoP/R_Franka_KISTAR_Hand/install/kistar_hand_ros2/local/lib/python3.10/dist-packages/kistar_hand_ros2/msg/_hand_target_s.c
[36.801s] -- Installing: /home/prime/KISTAR_Hand_RTOS-master/Franka_Dual_Arm_PtoP/R_Franka_KISTAR_Hand/install/kistar_hand_ros2/local/lib/python3.10/dist-packages/kistar_hand_ros2/msg/_hand_state.py
[36.801s] -- Installing: /home/prime/KISTAR_Hand_RTOS-master/Franka_Dual_Arm_PtoP/R_Franka_KISTAR_Hand/install/kistar_hand_ros2/local/lib/python3.10/dist-packages/kistar_hand_ros2/msg/_franka_arm_state.py
[36.801s] -- Installing: /home/prime/KISTAR_Hand_RTOS-master/Franka_Dual_Arm_PtoP/R_Franka_KISTAR_Hand/install/kistar_hand_ros2/local/lib/python3.10/dist-packages/kistar_hand_ros2/msg/_franka_arm_target.py
[36.801s] -- Installing: /home/prime/KISTAR_Hand_RTOS-master/Franka_Dual_Arm_PtoP/R_Franka_KISTAR_Hand/install/kistar_hand_ros2/local/lib/python3.10/dist-packages/kistar_hand_ros2/_kistar_hand_ros2_s.ep.rosidl_typesupport_introspection_c.c
[36.825s] Listing '/home/prime/KISTAR_Hand_RTOS-master/Franka_Dual_Arm_PtoP/R_Franka_KISTAR_Hand/install/kistar_hand_ros2/local/lib/python3.10/dist-packages/kistar_hand_ros2'...
[36.825s] Compiling '/home/prime/KISTAR_Hand_RTOS-master/Franka_Dual_Arm_PtoP/R_Franka_KISTAR_Hand/install/kistar_hand_ros2/local/lib/python3.10/dist-packages/kistar_hand_ros2/__init__.py'...
[36.825s] Listing '/home/prime/KISTAR_Hand_RTOS-master/Franka_Dual_Arm_PtoP/R_Franka_KISTAR_Hand/install/kistar_hand_ros2/local/lib/python3.10/dist-packages/kistar_hand_ros2/msg'...
[36.825s] Compiling '/home/prime/KISTAR_Hand_RTOS-master/Franka_Dual_Arm_PtoP/R_Franka_KISTAR_Hand/install/kistar_hand_ros2/local/lib/python3.10/dist-packages/kistar_hand_ros2/msg/__init__.py'...
[36.825s] Compiling '/home/prime/KISTAR_Hand_RTOS-master/Franka_Dual_Arm_PtoP/R_Franka_KISTAR_Hand/install/kistar_hand_ros2/local/lib/python3.10/dist-packages/kistar_hand_ros2/msg/_franka_arm_state.py'...
[36.825s] Compiling '/home/prime/KISTAR_Hand_RTOS-master/Franka_Dual_Arm_PtoP/R_Franka_KISTAR_Hand/install/kistar_hand_ros2/local/lib/python3.10/dist-packages/kistar_hand_ros2/msg/_franka_arm_target.py'...
[36.825s] Compiling '/home/prime/KISTAR_Hand_RTOS-master/Franka_Dual_Arm_PtoP/R_Franka_KISTAR_Hand/install/kistar_hand_ros2/local/lib/python3.10/dist-packages/kistar_hand_ros2/msg/_hand_state.py'...
[36.825s] Compiling '/home/prime/KISTAR_Hand_RTOS-master/Franka_Dual_Arm_PtoP/R_Franka_KISTAR_Hand/install/kistar_hand_ros2/local/lib/python3.10/dist-packages/kistar_hand_ros2/msg/_hand_target.py'...
[36.829s] -- Installing: /home/prime/KISTAR_Hand_RTOS-master/Franka_Dual_Arm_PtoP/R_Franka_KISTAR_Hand/install/kistar_hand_ros2/local/lib/python3.10/dist-packages/kistar_hand_ros2/kistar_hand_ros2_s__rosidl_typesupport_fastrtps_c.cpython-310-x86_64-linux-gnu.so
[36.829s] -- Set runtime path of "/home/prime/KISTAR_Hand_RTOS-master/Franka_Dual_Arm_PtoP/R_Franka_KISTAR_Hand/install/kistar_hand_ros2/local/lib/python3.10/dist-packages/kistar_hand_ros2/kistar_hand_ros2_s__rosidl_typesupport_fastrtps_c.cpython-310-x86_64-linux-gnu.so" to ""
[36.829s] -- Installing: /home/prime/KISTAR_Hand_RTOS-master/Franka_Dual_Arm_PtoP/R_Franka_KISTAR_Hand/install/kistar_hand_ros2/local/lib/python3.10/dist-packages/kistar_hand_ros2/kistar_hand_ros2_s__rosidl_typesupport_introspection_c.cpython-310-x86_64-linux-gnu.so
[36.829s] -- Set runtime path of "/home/prime/KISTAR_Hand_RTOS-master/Franka_Dual_Arm_PtoP/R_Franka_KISTAR_Hand/install/kistar_hand_ros2/local/lib/python3.10/dist-packages/kistar_hand_ros2/kistar_hand_ros2_s__rosidl_typesupport_introspection_c.cpython-310-x86_64-linux-gnu.so" to ""
[36.829s] -- Installing: /home/prime/KISTAR_Hand_RTOS-master/Franka_Dual_Arm_PtoP/R_Franka_KISTAR_Hand/install/kistar_hand_ros2/local/lib/python3.10/dist-packages/kistar_hand_ros2/kistar_hand_ros2_s__rosidl_typesupport_c.cpython-310-x86_64-linux-gnu.so
[36.829s] -- Set runtime path of "/home/prime/KISTAR_Hand_RTOS-master/Franka_Dual_Arm_PtoP/R_Franka_KISTAR_Hand/install/kistar_hand_ros2/local/lib/python3.10/dist-packages/kistar_hand_ros2/kistar_hand_ros2_s__rosidl_typesupport_c.cpython-310-x86_64-linux-gnu.so" to ""
[36.829s] -- Installing: /home/prime/KISTAR_Hand_RTOS-master/Franka_Dual_Arm_PtoP/R_Franka_KISTAR_Hand/install/kistar_hand_ros2/lib/libkistar_hand_ros2__rosidl_generator_py.so
[36.830s] -- Set runtime path of "/home/prime/KISTAR_Hand_RTOS-master/Franka_Dual_Arm_PtoP/R_Franka_KISTAR_Hand/install/kistar_hand_ros2/lib/libkistar_hand_ros2__rosidl_generator_py.so" to ""
[36.830s] -- Installing: /home/prime/KISTAR_Hand_RTOS-master/Franka_Dual_Arm_PtoP/R_Franka_KISTAR_Hand/install/kistar_hand_ros2/share/kistar_hand_ros2/msg/FrankaArmState.idl
[36.830s] -- Installing: /home/prime/KISTAR_Hand_RTOS-master/Franka_Dual_Arm_PtoP/R_Franka_KISTAR_Hand/install/kistar_hand_ros2/share/kistar_hand_ros2/msg/FrankaArmTarget.idl
[36.830s] -- Installing: /home/prime/KISTAR_Hand_RTOS-master/Franka_Dual_Arm_PtoP/R_Franka_KISTAR_Hand/install/kistar_hand_ros2/share/kistar_hand_ros2/msg/HandState.idl
[36.830s] -- Installing: /home/prime/KISTAR_Hand_RTOS-master/Franka_Dual_Arm_PtoP/R_Franka_KISTAR_Hand/install/kistar_hand_ros2/share/kistar_hand_ros2/msg/HandTarget.idl
[36.830s] -- Installing: /home/prime/KISTAR_Hand_RTOS-master/Franka_Dual_Arm_PtoP/R_Franka_KISTAR_Hand/install/kistar_hand_ros2/share/kistar_hand_ros2/msg/FrankaArmState.msg
[36.830s] -- Installing: /home/prime/KISTAR_Hand_RTOS-master/Franka_Dual_Arm_PtoP/R_Franka_KISTAR_Hand/install/kistar_hand_ros2/share/kistar_hand_ros2/msg/FrankaArmTarget.msg
[36.830s] -- Installing: /home/prime/KISTAR_Hand_RTOS-master/Franka_Dual_Arm_PtoP/R_Franka_KISTAR_Hand/install/kistar_hand_ros2/share/kistar_hand_ros2/msg/HandState.msg
[36.830s] -- Installing: /home/prime/KISTAR_Hand_RTOS-master/Franka_Dual_Arm_PtoP/R_Franka_KISTAR_Hand/install/kistar_hand_ros2/share/kistar_hand_ros2/msg/HandTarget.msg
[36.830s] -- Installing: /home/prime/KISTAR_Hand_RTOS-master/Franka_Dual_Arm_PtoP/R_Franka_KISTAR_Hand/install/kistar_hand_ros2/lib/kistar_hand_ros2/shm_ros2_bridge
[36.835s] -- Set runtime path of "/home/prime/KISTAR_Hand_RTOS-master/Franka_Dual_Arm_PtoP/R_Franka_KISTAR_Hand/install/kistar_hand_ros2/lib/kistar_hand_ros2/shm_ros2_bridge" to ""
[36.835s] -- Installing: /home/prime/KISTAR_Hand_RTOS-master/Franka_Dual_Arm_PtoP/R_Franka_KISTAR_Hand/install/kistar_hand_ros2/share/ament_index/resource_index/package_run_dependencies/kistar_hand_ros2
[36.835s] -- Installing: /home/prime/KISTAR_Hand_RTOS-master/Franka_Dual_Arm_PtoP/R_Franka_KISTAR_Hand/install/kistar_hand_ros2/share/ament_index/resource_index/parent_prefix_path/kistar_hand_ros2
[36.835s] -- Installing: /home/prime/KISTAR_Hand_RTOS-master/Franka_Dual_Arm_PtoP/R_Franka_KISTAR_Hand/install/kistar_hand_ros2/share/kistar_hand_ros2/environment/ament_prefix_path.sh
[36.835s] -- Installing: /home/prime/KISTAR_Hand_RTOS-master/Franka_Dual_Arm_PtoP/R_Franka_KISTAR_Hand/install/kistar_hand_ros2/share/kistar_hand_ros2/environment/ament_prefix_path.dsv
[36.835s] -- Installing: /home/prime/KISTAR_Hand_RTOS-master/Franka_Dual_Arm_PtoP/R_Franka_KISTAR_Hand/install/kistar_hand_ros2/share/kistar_hand_ros2/environment/path.sh
[36.835s] -- Installing: /home/prime/KISTAR_Hand_RTOS-master/Franka_Dual_Arm_PtoP/R_Franka_KISTAR_Hand/install/kistar_hand_ros2/share/kistar_hand_ros2/environment/path.dsv
[36.835s] -- Installing: /home/prime/KISTAR_Hand_RTOS-master/Franka_Dual_Arm_PtoP/R_Franka_KISTAR_Hand/install/kistar_hand_ros2/share/kistar_hand_ros2/local_setup.bash
[36.835s] -- Installing: /home/prime/KISTAR_Hand_RTOS-master/Franka_Dual_Arm_PtoP/R_Franka_KISTAR_Hand/install/kistar_hand_ros2/share/kistar_hand_ros2/local_setup.sh
[36.835s] -- Installing: /home/prime/KISTAR_Hand_RTOS-master/Franka_Dual_Arm_PtoP/R_Franka_KISTAR_Hand/install/kistar_hand_ros2/share/kistar_hand_ros2/local_setup.zsh
[36.835s] -- Installing: /home/prime/KISTAR_Hand_RTOS-master/Franka_Dual_Arm_PtoP/R_Franka_KISTAR_Hand/install/kistar_hand_ros2/share/kistar_hand_ros2/local_setup.dsv
[36.836s] -- Installing: /home/prime/KISTAR_Hand_RTOS-master/Franka_Dual_Arm_PtoP/R_Franka_KISTAR_Hand/install/kistar_hand_ros2/share/kistar_hand_ros2/package.dsv
[36.836s] -- Installing: /home/prime/KISTAR_Hand_RTOS-master/Franka_Dual_Arm_PtoP/R_Franka_KISTAR_Hand/install/kistar_hand_ros2/share/ament_index/resource_index/packages/kistar_hand_ros2
[36.836s] -- Installing: /home/prime/KISTAR_Hand_RTOS-master/Franka_Dual_Arm_PtoP/R_Franka_KISTAR_Hand/install/kistar_hand_ros2/share/kistar_hand_ros2/cmake/export_kistar_hand_ros2__rosidl_generator_cExport.cmake
[36.836s] -- Installing: /home/prime/KISTAR_Hand_RTOS-master/Franka_Dual_Arm_PtoP/R_Franka_KISTAR_Hand/install/kistar_hand_ros2/share/kistar_hand_ros2/cmake/export_kistar_hand_ros2__rosidl_generator_cExport-noconfig.cmake
[36.836s] -- Installing: /home/prime/KISTAR_Hand_RTOS-master/Franka_Dual_Arm_PtoP/R_Franka_KISTAR_Hand/install/kistar_hand_ros2/share/kistar_hand_ros2/cmake/export_kistar_hand_ros2__rosidl_typesupport_fastrtps_cExport.cmake
[36.836s] -- Installing: /home/prime/KISTAR_Hand_RTOS-master/Franka_Dual_Arm_PtoP/R_Franka_KISTAR_Hand/install/kistar_hand_ros2/share/kistar_hand_ros2/cmake/export_kistar_hand_ros2__rosidl_typesupport_fastrtps_cExport-noconfig.cmake
[36.836s] -- Installing: /home/prime/KISTAR_Hand_RTOS-master/Franka_Dual_Arm_PtoP/R_Franka_KISTAR_Hand/install/kistar_hand_ros2/share/kistar_hand_ros2/cmake/export_kistar_hand_ros2__rosidl_generator_cppExport.cmake
[36.836s] -- Installing: /home/prime/KISTAR_Hand_RTOS-master/Franka_Dual_Arm_PtoP/R_Franka_KISTAR_Hand/install/kistar_hand_ros2/share/kistar_hand_ros2/cmake/export_kistar_hand_ros2__rosidl_typesupport_fastrtps_cppExport.cmake
[36.836s] -- Installing: /home/prime/KISTAR_Hand_RTOS-master/Franka_Dual_Arm_PtoP/R_Franka_KISTAR_Hand/install/kistar_hand_ros2/share/kistar_hand_ros2/cmake/export_kistar_hand_ros2__rosidl_typesupport_fastrtps_cppExport-noconfig.cmake
[36.836s] -- Installing: /home/prime/KISTAR_Hand_RTOS-master/Franka_Dual_Arm_PtoP/R_Franka_KISTAR_Hand/install/kistar_hand_ros2/share/kistar_hand_ros2/cmake/kistar_hand_ros2__rosidl_typesupport_introspection_cExport.cmake
[36.836s] -- Installing: /home/prime/KISTAR_Hand_RTOS-master/Franka_Dual_Arm_PtoP/R_Franka_KISTAR_Hand/install/kistar_hand_ros2/share/kistar_hand_ros2/cmake/kistar_hand_ros2__rosidl_typesupport_introspection_cExport-noconfig.cmake
[36.837s] -- Installing: /home/prime/KISTAR_Hand_RTOS-master/Franka_Dual_Arm_PtoP/R_Franka_KISTAR_Hand/install/kistar_hand_ros2/share/kistar_hand_ros2/cmake/kistar_hand_ros2__rosidl_typesupport_cExport.cmake
[36.837s] -- Installing: /home/prime/KISTAR_Hand_RTOS-master/Franka_Dual_Arm_PtoP/R_Franka_KISTAR_Hand/install/kistar_hand_ros2/share/kistar_hand_ros2/cmake/kistar_hand_ros2__rosidl_typesupport_cExport-noconfig.cmake
[36.837s] -- Installing: /home/prime/KISTAR_Hand_RTOS-master/Franka_Dual_Arm_PtoP/R_Franka_KISTAR_Hand/install/kistar_hand_ros2/share/kistar_hand_ros2/cmake/kistar_hand_ros2__rosidl_typesupport_introspection_cppExport.cmake
[36.837s] -- Installing: /home/prime/KISTAR_Hand_RTOS-master/Franka_Dual_Arm_PtoP/R_Franka_KISTAR_Hand/install/kistar_hand_ros2/share/kistar_hand_ros2/cmake/kistar_hand_ros2__rosidl_typesupport_introspection_cppExport-noconfig.cmake
[36.837s] -- Installing: /home/prime/KISTAR_Hand_RTOS-master/Franka_Dual_Arm_PtoP/R_Franka_KISTAR_Hand/install/kistar_hand_ros2/share/kistar_hand_ros2/cmake/kistar_hand_ros2__rosidl_typesupport_cppExport.cmake
[36.837s] -- Installing: /home/prime/KISTAR_Hand_RTOS-master/Franka_Dual_Arm_PtoP/R_Franka_KISTAR_Hand/install/kistar_hand_ros2/share/kistar_hand_ros2/cmake/kistar_hand_ros2__rosidl_typesupport_cppExport-noconfig.cmake
[36.837s] -- Installing: /home/prime/KISTAR_Hand_RTOS-master/Franka_Dual_Arm_PtoP/R_Franka_KISTAR_Hand/install/kistar_hand_ros2/share/kistar_hand_ros2/cmake/export_kistar_hand_ros2__rosidl_generator_pyExport.cmake
[36.837s] -- Installing: /home/prime/KISTAR_Hand_RTOS-master/Franka_Dual_Arm_PtoP/R_Franka_KISTAR_Hand/install/kistar_hand_ros2/share/kistar_hand_ros2/cmake/export_kistar_hand_ros2__rosidl_generator_pyExport-noconfig.cmake
[36.838s] -- Installing: /home/prime/KISTAR_Hand_RTOS-master/Franka_Dual_Arm_PtoP/R_Franka_KISTAR_Hand/install/kistar_hand_ros2/share/kistar_hand_ros2/cmake/rosidl_cmake-extras.cmake
[36.838s] -- Installing: /home/prime/KISTAR_Hand_RTOS-master/Franka_Dual_Arm_PtoP/R_Franka_KISTAR_Hand/install/kistar_hand_ros2/share/kistar_hand_ros2/cmake/ament_cmake_export_dependencies-extras.cmake
[36.838s] -- Installing: /home/prime/KISTAR_Hand_RTOS-master/Franka_Dual_Arm_PtoP/R_Franka_KISTAR_Hand/install/kistar_hand_ros2/share/kistar_hand_ros2/cmake/ament_cmake_export_include_directories-extras.cmake
[36.838s] -- Installing: /home/prime/KISTAR_Hand_RTOS-master/Franka_Dual_Arm_PtoP/R_Franka_KISTAR_Hand/install/kistar_hand_ros2/share/kistar_hand_ros2/cmake/ament_cmake_export_libraries-extras.cmake
[36.838s] -- Installing: /home/prime/KISTAR_Hand_RTOS-master/Franka_Dual_Arm_PtoP/R_Franka_KISTAR_Hand/install/kistar_hand_ros2/share/kistar_hand_ros2/cmake/ament_cmake_export_targets-extras.cmake
[36.838s] -- Installing: /home/prime/KISTAR_Hand_RTOS-master/Franka_Dual_Arm_PtoP/R_Franka_KISTAR_Hand/install/kistar_hand_ros2/share/kistar_hand_ros2/cmake/rosidl_cmake_export_typesupport_targets-extras.cmake
[36.838s] -- Installing: /home/prime/KISTAR_Hand_RTOS-master/Franka_Dual_Arm_PtoP/R_Franka_KISTAR_Hand/install/kistar_hand_ros2/share/kistar_hand_ros2/cmake/rosidl_cmake_export_typesupport_libraries-extras.cmake
[36.838s] -- Installing: /home/prime/KISTAR_Hand_RTOS-master/Franka_Dual_Arm_PtoP/R_Franka_KISTAR_Hand/install/kistar_hand_ros2/share/kistar_hand_ros2/cmake/kistar_hand_ros2Config.cmake
[36.838s] -- Installing: /home/prime/KISTAR_Hand_RTOS-master/Franka_Dual_Arm_PtoP/R_Franka_KISTAR_Hand/install/kistar_hand_ros2/share/kistar_hand_ros2/cmake/kistar_hand_ros2Config-version.cmake
[36.839s] -- Installing: /home/prime/KISTAR_Hand_RTOS-master/Franka_Dual_Arm_PtoP/R_Franka_KISTAR_Hand/install/kistar_hand_ros2/share/kistar_hand_ros2/package.xml
[36.839s] -- Installing: /home/prime/KISTAR_Hand_RTOS-master/Franka_Dual_Arm_PtoP/R_Franka_KISTAR_Hand/install/kistar_hand_ros2/bin/R_Franka_KISTAR_Hand
[36.840s] -- Set runtime path of "/home/prime/KISTAR_Hand_RTOS-master/Franka_Dual_Arm_PtoP/R_Franka_KISTAR_Hand/install/kistar_hand_ros2/bin/R_Franka_KISTAR_Hand" to ""
[36.841s] Invoked command in '/home/prime/KISTAR_Hand_RTOS-master/Franka_Dual_Arm_PtoP/R_Franka_KISTAR_Hand/build/kistar_hand_ros2' returned '0': CMAKE_PREFIX_PATH=/opt/ros/humble /usr/bin/cmake --install /home/prime/KISTAR_Hand_RTOS-master/Franka_Dual_Arm_PtoP/R_Franka_KISTAR_Hand/build/kistar_hand_ros2
