[0.142s] DEBUG:colcon:Command line arguments: ['/usr/bin/colcon', 'build']
[0.142s] DEBUG:colcon:Parsed command line arguments: Namespace(log_base=None, log_level=None, verb_name='build', build_base='build', install_base='install', merge_install=False, symlink_install=False, test_result_base=None, continue_on_error=False, executor='parallel', parallel_workers=8, event_handlers=None, ignore_user_meta=False, metas=['./colcon.meta'], base_paths=['.'], packages_ignore=None, packages_ignore_regex=None, paths=None, packages_up_to=None, packages_up_to_regex=None, packages_above=None, packages_above_and_dependencies=None, packages_above_depth=None, packages_select_by_dep=None, packages_skip_by_dep=None, packages_skip_up_to=None, packages_select_build_failed=False, packages_skip_build_finished=False, packages_select_test_failures=False, packages_skip_test_passed=False, packages_select=None, packages_skip=None, packages_select_regex=None, packages_skip_regex=None, packages_start=None, packages_end=None, allow_overriding=[], cmake_args=None, cmake_target=None, cmake_target_skip_unavailable=False, cmake_clean_cache=False, cmake_clean_first=False, cmake_force_configure=False, ament_cmake_args=None, catkin_cmake_args=None, catkin_skip_building_tests=False, verb_parser=<colcon_defaults.argument_parser.defaults.DefaultArgumentsDecorator object at 0x7f4821336fb0>, verb_extension=<colcon_core.verb.build.BuildVerb object at 0x7f4821336b30>, main=<bound method BuildVerb.main of <colcon_core.verb.build.BuildVerb object at 0x7f4821336b30>>)
[0.311s] Level 1:colcon.colcon_core.package_discovery:discover_packages(colcon_meta) check parameters
[0.311s] Level 1:colcon.colcon_core.package_discovery:discover_packages(recursive) check parameters
[0.311s] Level 1:colcon.colcon_core.package_discovery:discover_packages(ignore) check parameters
[0.311s] Level 1:colcon.colcon_core.package_discovery:discover_packages(path) check parameters
[0.311s] Level 1:colcon.colcon_core.package_discovery:discover_packages(colcon_meta) discover
[0.311s] Level 1:colcon.colcon_core.package_discovery:discover_packages(recursive) discover
[0.311s] INFO:colcon.colcon_core.package_discovery:Crawling recursively for packages in '/home/prime/KISTAR_Hand_RTOS-master/Franka_Dual_Arm_PtoP/R_Franka_KISTAR_Hand'
[0.311s] Level 1:colcon.colcon_core.package_identification:_identify(.) by extensions ['ignore', 'ignore_ament_install']
[0.311s] Level 1:colcon.colcon_core.package_identification:_identify(.) by extension 'ignore'
[0.311s] Level 1:colcon.colcon_core.package_identification:_identify(.) by extension 'ignore_ament_install'
[0.311s] Level 1:colcon.colcon_core.package_identification:_identify(.) by extensions ['colcon_pkg']
[0.311s] Level 1:colcon.colcon_core.package_identification:_identify(.) by extension 'colcon_pkg'
[0.312s] Level 1:colcon.colcon_core.package_identification:_identify(.) by extensions ['colcon_meta']
[0.312s] Level 1:colcon.colcon_core.package_identification:_identify(.) by extension 'colcon_meta'
[0.312s] Level 1:colcon.colcon_core.package_identification:_identify(.) by extensions ['ros']
[0.312s] Level 1:colcon.colcon_core.package_identification:_identify(.) by extension 'ros'
[0.324s] DEBUG:colcon.colcon_core.package_identification:Package '.' with type 'ros.ament_cmake' and name 'kistar_hand_ros2'
[0.324s] Level 1:colcon.colcon_core.package_discovery:discover_packages(recursive) using defaults
[0.324s] Level 1:colcon.colcon_core.package_discovery:discover_packages(ignore) discover
[0.324s] Level 1:colcon.colcon_core.package_discovery:discover_packages(ignore) using defaults
[0.324s] Level 1:colcon.colcon_core.package_discovery:discover_packages(path) discover
[0.324s] Level 1:colcon.colcon_core.package_discovery:discover_packages(path) using defaults
[0.345s] Level 1:colcon.colcon_core.package_discovery:discover_packages(prefix_path) check parameters
[0.345s] Level 1:colcon.colcon_core.package_discovery:discover_packages(prefix_path) discover
[0.347s] DEBUG:colcon.colcon_installed_package_information.package_discovery:Found 271 installed packages in /opt/ros/humble
[0.349s] Level 1:colcon.colcon_core.package_discovery:discover_packages(prefix_path) using defaults
[0.377s] Level 5:colcon.colcon_core.verb:set package 'kistar_hand_ros2' build argument 'cmake_args' from command line to 'None'
[0.377s] Level 5:colcon.colcon_core.verb:set package 'kistar_hand_ros2' build argument 'cmake_target' from command line to 'None'
[0.377s] Level 5:colcon.colcon_core.verb:set package 'kistar_hand_ros2' build argument 'cmake_target_skip_unavailable' from command line to 'False'
[0.377s] Level 5:colcon.colcon_core.verb:set package 'kistar_hand_ros2' build argument 'cmake_clean_cache' from command line to 'False'
[0.377s] Level 5:colcon.colcon_core.verb:set package 'kistar_hand_ros2' build argument 'cmake_clean_first' from command line to 'False'
[0.377s] Level 5:colcon.colcon_core.verb:set package 'kistar_hand_ros2' build argument 'cmake_force_configure' from command line to 'False'
[0.377s] Level 5:colcon.colcon_core.verb:set package 'kistar_hand_ros2' build argument 'ament_cmake_args' from command line to 'None'
[0.377s] Level 5:colcon.colcon_core.verb:set package 'kistar_hand_ros2' build argument 'catkin_cmake_args' from command line to 'None'
[0.377s] Level 5:colcon.colcon_core.verb:set package 'kistar_hand_ros2' build argument 'catkin_skip_building_tests' from command line to 'False'
[0.377s] DEBUG:colcon.colcon_core.verb:Building package 'kistar_hand_ros2' with the following arguments: {'ament_cmake_args': None, 'build_base': '/home/prime/KISTAR_Hand_RTOS-master/Franka_Dual_Arm_PtoP/R_Franka_KISTAR_Hand/build/kistar_hand_ros2', 'catkin_cmake_args': None, 'catkin_skip_building_tests': False, 'cmake_args': None, 'cmake_clean_cache': False, 'cmake_clean_first': False, 'cmake_force_configure': False, 'cmake_target': None, 'cmake_target_skip_unavailable': False, 'install_base': '/home/prime/KISTAR_Hand_RTOS-master/Franka_Dual_Arm_PtoP/R_Franka_KISTAR_Hand/install/kistar_hand_ros2', 'merge_install': False, 'path': '/home/prime/KISTAR_Hand_RTOS-master/Franka_Dual_Arm_PtoP/R_Franka_KISTAR_Hand', 'symlink_install': False, 'test_result_base': None}
[0.377s] INFO:colcon.colcon_core.executor:Executing jobs using 'parallel' executor
[0.378s] DEBUG:colcon.colcon_parallel_executor.executor.parallel:run_until_complete
[0.378s] INFO:colcon.colcon_ros.task.ament_cmake.build:Building ROS package in '/home/prime/KISTAR_Hand_RTOS-master/Franka_Dual_Arm_PtoP/R_Franka_KISTAR_Hand' with build type 'ament_cmake'
[0.378s] INFO:colcon.colcon_cmake.task.cmake.build:Building CMake package in '/home/prime/KISTAR_Hand_RTOS-master/Franka_Dual_Arm_PtoP/R_Franka_KISTAR_Hand'
[0.381s] INFO:colcon.colcon_core.plugin_system:Skipping extension 'colcon_core.shell.bat': Not used on non-Windows systems
[0.381s] INFO:colcon.colcon_core.shell:Skip shell extension 'powershell' for command environment: Not usable outside of PowerShell
[0.381s] DEBUG:colcon.colcon_core.shell:Skip shell extension 'dsv' for command environment
[0.384s] DEBUG:colcon.colcon_core.event_handler.log_command:Invoking command in '/home/prime/KISTAR_Hand_RTOS-master/Franka_Dual_Arm_PtoP/R_Franka_KISTAR_Hand/build/kistar_hand_ros2': CMAKE_PREFIX_PATH=/opt/ros/humble /usr/bin/cmake /home/prime/KISTAR_Hand_RTOS-master/Franka_Dual_Arm_PtoP/R_Franka_KISTAR_Hand -DCMAKE_INSTALL_PREFIX=/home/prime/KISTAR_Hand_RTOS-master/Franka_Dual_Arm_PtoP/R_Franka_KISTAR_Hand/install/kistar_hand_ros2
[2.103s] DEBUG:colcon.colcon_core.event_handler.log_command:Invoked command in '/home/prime/KISTAR_Hand_RTOS-master/Franka_Dual_Arm_PtoP/R_Franka_KISTAR_Hand/build/kistar_hand_ros2' returned '0': CMAKE_PREFIX_PATH=/opt/ros/humble /usr/bin/cmake /home/prime/KISTAR_Hand_RTOS-master/Franka_Dual_Arm_PtoP/R_Franka_KISTAR_Hand -DCMAKE_INSTALL_PREFIX=/home/prime/KISTAR_Hand_RTOS-master/Franka_Dual_Arm_PtoP/R_Franka_KISTAR_Hand/install/kistar_hand_ros2
[2.104s] DEBUG:colcon.colcon_core.event_handler.log_command:Invoking command in '/home/prime/KISTAR_Hand_RTOS-master/Franka_Dual_Arm_PtoP/R_Franka_KISTAR_Hand/build/kistar_hand_ros2': CMAKE_PREFIX_PATH=/opt/ros/humble /usr/bin/cmake --build /home/prime/KISTAR_Hand_RTOS-master/Franka_Dual_Arm_PtoP/R_Franka_KISTAR_Hand/build/kistar_hand_ros2 -- -j8 -l8
[50.521s] DEBUG:colcon.colcon_core.event_handler.log_command:Invoked command in '/home/prime/KISTAR_Hand_RTOS-master/Franka_Dual_Arm_PtoP/R_Franka_KISTAR_Hand/build/kistar_hand_ros2' returned '0': CMAKE_PREFIX_PATH=/opt/ros/humble /usr/bin/cmake --build /home/prime/KISTAR_Hand_RTOS-master/Franka_Dual_Arm_PtoP/R_Franka_KISTAR_Hand/build/kistar_hand_ros2 -- -j8 -l8
[50.524s] DEBUG:colcon.colcon_core.event_handler.log_command:Invoking command in '/home/prime/KISTAR_Hand_RTOS-master/Franka_Dual_Arm_PtoP/R_Franka_KISTAR_Hand/build/kistar_hand_ros2': CMAKE_PREFIX_PATH=/opt/ros/humble /usr/bin/cmake --install /home/prime/KISTAR_Hand_RTOS-master/Franka_Dual_Arm_PtoP/R_Franka_KISTAR_Hand/build/kistar_hand_ros2
[50.587s] Level 1:colcon.colcon_core.environment:create_environment_scripts_only(kistar_hand_ros2)
[50.587s] DEBUG:colcon.colcon_core.event_handler.log_command:Invoked command in '/home/prime/KISTAR_Hand_RTOS-master/Franka_Dual_Arm_PtoP/R_Franka_KISTAR_Hand/build/kistar_hand_ros2' returned '0': CMAKE_PREFIX_PATH=/opt/ros/humble /usr/bin/cmake --install /home/prime/KISTAR_Hand_RTOS-master/Franka_Dual_Arm_PtoP/R_Franka_KISTAR_Hand/build/kistar_hand_ros2
[50.590s] Level 1:colcon.colcon_core.environment:checking '/home/prime/KISTAR_Hand_RTOS-master/Franka_Dual_Arm_PtoP/R_Franka_KISTAR_Hand/install/kistar_hand_ros2' for CMake module files
[50.590s] Level 1:colcon.colcon_core.environment:checking '/home/prime/KISTAR_Hand_RTOS-master/Franka_Dual_Arm_PtoP/R_Franka_KISTAR_Hand/install/kistar_hand_ros2' for CMake config files
[50.590s] Level 1:colcon.colcon_core.shell:create_environment_hook('kistar_hand_ros2', 'cmake_prefix_path')
[50.591s] INFO:colcon.colcon_core.shell:Creating environment hook '/home/prime/KISTAR_Hand_RTOS-master/Franka_Dual_Arm_PtoP/R_Franka_KISTAR_Hand/install/kistar_hand_ros2/share/kistar_hand_ros2/hook/cmake_prefix_path.ps1'
[50.591s] INFO:colcon.colcon_core.shell:Creating environment descriptor '/home/prime/KISTAR_Hand_RTOS-master/Franka_Dual_Arm_PtoP/R_Franka_KISTAR_Hand/install/kistar_hand_ros2/share/kistar_hand_ros2/hook/cmake_prefix_path.dsv'
[50.592s] INFO:colcon.colcon_core.shell:Creating environment hook '/home/prime/KISTAR_Hand_RTOS-master/Franka_Dual_Arm_PtoP/R_Franka_KISTAR_Hand/install/kistar_hand_ros2/share/kistar_hand_ros2/hook/cmake_prefix_path.sh'
[50.592s] Level 1:colcon.colcon_core.environment:checking '/home/prime/KISTAR_Hand_RTOS-master/Franka_Dual_Arm_PtoP/R_Franka_KISTAR_Hand/install/kistar_hand_ros2/lib'
[50.592s] Level 1:colcon.colcon_core.shell:create_environment_hook('kistar_hand_ros2', 'ld_library_path_lib')
[50.592s] INFO:colcon.colcon_core.shell:Creating environment hook '/home/prime/KISTAR_Hand_RTOS-master/Franka_Dual_Arm_PtoP/R_Franka_KISTAR_Hand/install/kistar_hand_ros2/share/kistar_hand_ros2/hook/ld_library_path_lib.ps1'
[50.593s] INFO:colcon.colcon_core.shell:Creating environment descriptor '/home/prime/KISTAR_Hand_RTOS-master/Franka_Dual_Arm_PtoP/R_Franka_KISTAR_Hand/install/kistar_hand_ros2/share/kistar_hand_ros2/hook/ld_library_path_lib.dsv'
[50.593s] INFO:colcon.colcon_core.shell:Creating environment hook '/home/prime/KISTAR_Hand_RTOS-master/Franka_Dual_Arm_PtoP/R_Franka_KISTAR_Hand/install/kistar_hand_ros2/share/kistar_hand_ros2/hook/ld_library_path_lib.sh'
[50.593s] Level 1:colcon.colcon_core.environment:checking '/home/prime/KISTAR_Hand_RTOS-master/Franka_Dual_Arm_PtoP/R_Franka_KISTAR_Hand/install/kistar_hand_ros2/bin'
[50.593s] Level 1:colcon.colcon_core.shell:create_environment_hook('kistar_hand_ros2', 'path')
[50.593s] INFO:colcon.colcon_core.shell:Creating environment hook '/home/prime/KISTAR_Hand_RTOS-master/Franka_Dual_Arm_PtoP/R_Franka_KISTAR_Hand/install/kistar_hand_ros2/share/kistar_hand_ros2/hook/path.ps1'
[50.593s] INFO:colcon.colcon_core.shell:Creating environment descriptor '/home/prime/KISTAR_Hand_RTOS-master/Franka_Dual_Arm_PtoP/R_Franka_KISTAR_Hand/install/kistar_hand_ros2/share/kistar_hand_ros2/hook/path.dsv'
[50.594s] INFO:colcon.colcon_core.shell:Creating environment hook '/home/prime/KISTAR_Hand_RTOS-master/Franka_Dual_Arm_PtoP/R_Franka_KISTAR_Hand/install/kistar_hand_ros2/share/kistar_hand_ros2/hook/path.sh'
[50.594s] Level 1:colcon.colcon_core.environment:checking '/home/prime/KISTAR_Hand_RTOS-master/Franka_Dual_Arm_PtoP/R_Franka_KISTAR_Hand/install/kistar_hand_ros2/lib/pkgconfig/kistar_hand_ros2.pc'
[50.594s] Level 1:colcon.colcon_core.environment:checking '/home/prime/KISTAR_Hand_RTOS-master/Franka_Dual_Arm_PtoP/R_Franka_KISTAR_Hand/install/kistar_hand_ros2/lib/python3.10/site-packages'
[50.594s] Level 1:colcon.colcon_core.environment:checking '/home/prime/KISTAR_Hand_RTOS-master/Franka_Dual_Arm_PtoP/R_Franka_KISTAR_Hand/install/kistar_hand_ros2/bin'
[50.594s] Level 1:colcon.colcon_core.shell:create_environment_hook('kistar_hand_ros2', 'pythonscriptspath')
[50.594s] INFO:colcon.colcon_core.shell:Creating environment hook '/home/prime/KISTAR_Hand_RTOS-master/Franka_Dual_Arm_PtoP/R_Franka_KISTAR_Hand/install/kistar_hand_ros2/share/kistar_hand_ros2/hook/pythonscriptspath.ps1'
[50.594s] INFO:colcon.colcon_core.shell:Creating environment descriptor '/home/prime/KISTAR_Hand_RTOS-master/Franka_Dual_Arm_PtoP/R_Franka_KISTAR_Hand/install/kistar_hand_ros2/share/kistar_hand_ros2/hook/pythonscriptspath.dsv'
[50.595s] INFO:colcon.colcon_core.shell:Creating environment hook '/home/prime/KISTAR_Hand_RTOS-master/Franka_Dual_Arm_PtoP/R_Franka_KISTAR_Hand/install/kistar_hand_ros2/share/kistar_hand_ros2/hook/pythonscriptspath.sh'
[50.595s] INFO:colcon.colcon_core.shell:Creating package script '/home/prime/KISTAR_Hand_RTOS-master/Franka_Dual_Arm_PtoP/R_Franka_KISTAR_Hand/install/kistar_hand_ros2/share/kistar_hand_ros2/package.ps1'
[50.596s] INFO:colcon.colcon_core.shell:Creating package descriptor '/home/prime/KISTAR_Hand_RTOS-master/Franka_Dual_Arm_PtoP/R_Franka_KISTAR_Hand/install/kistar_hand_ros2/share/kistar_hand_ros2/package.dsv'
[50.596s] INFO:colcon.colcon_core.shell:Creating package script '/home/prime/KISTAR_Hand_RTOS-master/Franka_Dual_Arm_PtoP/R_Franka_KISTAR_Hand/install/kistar_hand_ros2/share/kistar_hand_ros2/package.sh'
[50.597s] INFO:colcon.colcon_core.shell:Creating package script '/home/prime/KISTAR_Hand_RTOS-master/Franka_Dual_Arm_PtoP/R_Franka_KISTAR_Hand/install/kistar_hand_ros2/share/kistar_hand_ros2/package.bash'
[50.597s] INFO:colcon.colcon_core.shell:Creating package script '/home/prime/KISTAR_Hand_RTOS-master/Franka_Dual_Arm_PtoP/R_Franka_KISTAR_Hand/install/kistar_hand_ros2/share/kistar_hand_ros2/package.zsh'
[50.598s] Level 1:colcon.colcon_core.environment:create_file_with_runtime_dependencies(/home/prime/KISTAR_Hand_RTOS-master/Franka_Dual_Arm_PtoP/R_Franka_KISTAR_Hand/install/kistar_hand_ros2/share/colcon-core/packages/kistar_hand_ros2)
[50.599s] Level 1:colcon.colcon_core.environment:create_environment_scripts_only(kistar_hand_ros2)
[50.599s] Level 1:colcon.colcon_core.environment:checking '/home/prime/KISTAR_Hand_RTOS-master/Franka_Dual_Arm_PtoP/R_Franka_KISTAR_Hand/install/kistar_hand_ros2' for CMake module files
[50.599s] Level 1:colcon.colcon_core.environment:checking '/home/prime/KISTAR_Hand_RTOS-master/Franka_Dual_Arm_PtoP/R_Franka_KISTAR_Hand/install/kistar_hand_ros2' for CMake config files
[50.599s] Level 1:colcon.colcon_core.shell:create_environment_hook('kistar_hand_ros2', 'cmake_prefix_path')
[50.599s] INFO:colcon.colcon_core.shell:Creating environment hook '/home/prime/KISTAR_Hand_RTOS-master/Franka_Dual_Arm_PtoP/R_Franka_KISTAR_Hand/install/kistar_hand_ros2/share/kistar_hand_ros2/hook/cmake_prefix_path.ps1'
[50.600s] INFO:colcon.colcon_core.shell:Creating environment descriptor '/home/prime/KISTAR_Hand_RTOS-master/Franka_Dual_Arm_PtoP/R_Franka_KISTAR_Hand/install/kistar_hand_ros2/share/kistar_hand_ros2/hook/cmake_prefix_path.dsv'
[50.600s] INFO:colcon.colcon_core.shell:Creating environment hook '/home/prime/KISTAR_Hand_RTOS-master/Franka_Dual_Arm_PtoP/R_Franka_KISTAR_Hand/install/kistar_hand_ros2/share/kistar_hand_ros2/hook/cmake_prefix_path.sh'
[50.600s] Level 1:colcon.colcon_core.environment:checking '/home/prime/KISTAR_Hand_RTOS-master/Franka_Dual_Arm_PtoP/R_Franka_KISTAR_Hand/install/kistar_hand_ros2/lib'
[50.600s] Level 1:colcon.colcon_core.shell:create_environment_hook('kistar_hand_ros2', 'ld_library_path_lib')
[50.600s] INFO:colcon.colcon_core.shell:Creating environment hook '/home/prime/KISTAR_Hand_RTOS-master/Franka_Dual_Arm_PtoP/R_Franka_KISTAR_Hand/install/kistar_hand_ros2/share/kistar_hand_ros2/hook/ld_library_path_lib.ps1'
[50.601s] INFO:colcon.colcon_core.shell:Creating environment descriptor '/home/prime/KISTAR_Hand_RTOS-master/Franka_Dual_Arm_PtoP/R_Franka_KISTAR_Hand/install/kistar_hand_ros2/share/kistar_hand_ros2/hook/ld_library_path_lib.dsv'
[50.601s] INFO:colcon.colcon_core.shell:Creating environment hook '/home/prime/KISTAR_Hand_RTOS-master/Franka_Dual_Arm_PtoP/R_Franka_KISTAR_Hand/install/kistar_hand_ros2/share/kistar_hand_ros2/hook/ld_library_path_lib.sh'
[50.601s] Level 1:colcon.colcon_core.environment:checking '/home/prime/KISTAR_Hand_RTOS-master/Franka_Dual_Arm_PtoP/R_Franka_KISTAR_Hand/install/kistar_hand_ros2/bin'
[50.601s] Level 1:colcon.colcon_core.shell:create_environment_hook('kistar_hand_ros2', 'path')
[50.601s] INFO:colcon.colcon_core.shell:Creating environment hook '/home/prime/KISTAR_Hand_RTOS-master/Franka_Dual_Arm_PtoP/R_Franka_KISTAR_Hand/install/kistar_hand_ros2/share/kistar_hand_ros2/hook/path.ps1'
[50.602s] INFO:colcon.colcon_core.shell:Creating environment descriptor '/home/prime/KISTAR_Hand_RTOS-master/Franka_Dual_Arm_PtoP/R_Franka_KISTAR_Hand/install/kistar_hand_ros2/share/kistar_hand_ros2/hook/path.dsv'
[50.602s] INFO:colcon.colcon_core.shell:Creating environment hook '/home/prime/KISTAR_Hand_RTOS-master/Franka_Dual_Arm_PtoP/R_Franka_KISTAR_Hand/install/kistar_hand_ros2/share/kistar_hand_ros2/hook/path.sh'
[50.602s] Level 1:colcon.colcon_core.environment:checking '/home/prime/KISTAR_Hand_RTOS-master/Franka_Dual_Arm_PtoP/R_Franka_KISTAR_Hand/install/kistar_hand_ros2/lib/pkgconfig/kistar_hand_ros2.pc'
[50.602s] Level 1:colcon.colcon_core.environment:checking '/home/prime/KISTAR_Hand_RTOS-master/Franka_Dual_Arm_PtoP/R_Franka_KISTAR_Hand/install/kistar_hand_ros2/lib/python3.10/site-packages'
[50.602s] Level 1:colcon.colcon_core.environment:checking '/home/prime/KISTAR_Hand_RTOS-master/Franka_Dual_Arm_PtoP/R_Franka_KISTAR_Hand/install/kistar_hand_ros2/bin'
[50.602s] Level 1:colcon.colcon_core.shell:create_environment_hook('kistar_hand_ros2', 'pythonscriptspath')
[50.602s] INFO:colcon.colcon_core.shell:Creating environment hook '/home/prime/KISTAR_Hand_RTOS-master/Franka_Dual_Arm_PtoP/R_Franka_KISTAR_Hand/install/kistar_hand_ros2/share/kistar_hand_ros2/hook/pythonscriptspath.ps1'
[50.603s] INFO:colcon.colcon_core.shell:Creating environment descriptor '/home/prime/KISTAR_Hand_RTOS-master/Franka_Dual_Arm_PtoP/R_Franka_KISTAR_Hand/install/kistar_hand_ros2/share/kistar_hand_ros2/hook/pythonscriptspath.dsv'
[50.603s] INFO:colcon.colcon_core.shell:Creating environment hook '/home/prime/KISTAR_Hand_RTOS-master/Franka_Dual_Arm_PtoP/R_Franka_KISTAR_Hand/install/kistar_hand_ros2/share/kistar_hand_ros2/hook/pythonscriptspath.sh'
[50.603s] INFO:colcon.colcon_core.shell:Creating package script '/home/prime/KISTAR_Hand_RTOS-master/Franka_Dual_Arm_PtoP/R_Franka_KISTAR_Hand/install/kistar_hand_ros2/share/kistar_hand_ros2/package.ps1'
[50.603s] INFO:colcon.colcon_core.shell:Creating package descriptor '/home/prime/KISTAR_Hand_RTOS-master/Franka_Dual_Arm_PtoP/R_Franka_KISTAR_Hand/install/kistar_hand_ros2/share/kistar_hand_ros2/package.dsv'
[50.604s] INFO:colcon.colcon_core.shell:Creating package script '/home/prime/KISTAR_Hand_RTOS-master/Franka_Dual_Arm_PtoP/R_Franka_KISTAR_Hand/install/kistar_hand_ros2/share/kistar_hand_ros2/package.sh'
[50.604s] INFO:colcon.colcon_core.shell:Creating package script '/home/prime/KISTAR_Hand_RTOS-master/Franka_Dual_Arm_PtoP/R_Franka_KISTAR_Hand/install/kistar_hand_ros2/share/kistar_hand_ros2/package.bash'
[50.604s] INFO:colcon.colcon_core.shell:Creating package script '/home/prime/KISTAR_Hand_RTOS-master/Franka_Dual_Arm_PtoP/R_Franka_KISTAR_Hand/install/kistar_hand_ros2/share/kistar_hand_ros2/package.zsh'
[50.604s] Level 1:colcon.colcon_core.environment:create_file_with_runtime_dependencies(/home/prime/KISTAR_Hand_RTOS-master/Franka_Dual_Arm_PtoP/R_Franka_KISTAR_Hand/install/kistar_hand_ros2/share/colcon-core/packages/kistar_hand_ros2)
[50.605s] DEBUG:colcon.colcon_parallel_executor.executor.parallel:closing loop
[50.605s] DEBUG:colcon.colcon_parallel_executor.executor.parallel:loop closed
[50.605s] DEBUG:colcon.colcon_parallel_executor.executor.parallel:run_until_complete finished with '0'
[50.605s] DEBUG:colcon.colcon_core.event_reactor:joining thread
[50.611s] INFO:colcon.colcon_core.plugin_system:Skipping extension 'colcon_notification.desktop_notification.terminal_notifier': Not used on non-Darwin systems
[50.612s] INFO:colcon.colcon_core.plugin_system:Skipping extension 'colcon_notification.desktop_notification.win32': Not used on non-Windows systems
[50.612s] INFO:colcon.colcon_notification.desktop_notification:Sending desktop notification using 'notify2'
[50.613s] DEBUG:colcon.colcon_notification.desktop_notification.notify2:Failed to initialize notify2: org.freedesktop.DBus.Error.Spawn.ExecFailed: /usr/bin/dbus-launch terminated abnormally without any error message
[50.613s] DEBUG:colcon.colcon_core.event_reactor:joined thread
[50.614s] INFO:colcon.colcon_core.shell:Creating prefix script '/home/prime/KISTAR_Hand_RTOS-master/Franka_Dual_Arm_PtoP/R_Franka_KISTAR_Hand/install/local_setup.ps1'
[50.614s] INFO:colcon.colcon_core.shell:Creating prefix util module '/home/prime/KISTAR_Hand_RTOS-master/Franka_Dual_Arm_PtoP/R_Franka_KISTAR_Hand/install/_local_setup_util_ps1.py'
[50.616s] INFO:colcon.colcon_core.shell:Creating prefix chain script '/home/prime/KISTAR_Hand_RTOS-master/Franka_Dual_Arm_PtoP/R_Franka_KISTAR_Hand/install/setup.ps1'
[50.617s] INFO:colcon.colcon_core.shell:Creating prefix script '/home/prime/KISTAR_Hand_RTOS-master/Franka_Dual_Arm_PtoP/R_Franka_KISTAR_Hand/install/local_setup.sh'
[50.617s] INFO:colcon.colcon_core.shell:Creating prefix util module '/home/prime/KISTAR_Hand_RTOS-master/Franka_Dual_Arm_PtoP/R_Franka_KISTAR_Hand/install/_local_setup_util_sh.py'
[50.618s] INFO:colcon.colcon_core.shell:Creating prefix chain script '/home/prime/KISTAR_Hand_RTOS-master/Franka_Dual_Arm_PtoP/R_Franka_KISTAR_Hand/install/setup.sh'
[50.618s] INFO:colcon.colcon_core.shell:Creating prefix script '/home/prime/KISTAR_Hand_RTOS-master/Franka_Dual_Arm_PtoP/R_Franka_KISTAR_Hand/install/local_setup.bash'
[50.619s] INFO:colcon.colcon_core.shell:Creating prefix chain script '/home/prime/KISTAR_Hand_RTOS-master/Franka_Dual_Arm_PtoP/R_Franka_KISTAR_Hand/install/setup.bash'
[50.620s] INFO:colcon.colcon_core.shell:Creating prefix script '/home/prime/KISTAR_Hand_RTOS-master/Franka_Dual_Arm_PtoP/R_Franka_KISTAR_Hand/install/local_setup.zsh'
[50.620s] INFO:colcon.colcon_core.shell:Creating prefix chain script '/home/prime/KISTAR_Hand_RTOS-master/Franka_Dual_Arm_PtoP/R_Franka_KISTAR_Hand/install/setup.zsh'
